<?xml version="1.0" encoding="UTF-8"?>
<testsuite xmlns:xsi="http://www.w3.org/2001/XMLSchema-instance" xsi:noNamespaceSchemaLocation="https://maven.apache.org/surefire/maven-failsafe-plugin/xsd/failsafe-test-report-3.0.xsd" version="3.0" name="CucumberTestSuite" time="128.622" tests="6" errors="0" skipped="0" failures="0">
  <properties>
[...]
</properties>
  <testcase name="Inventory Stock #1" classname="Inventory Stock at app.jubelio" time="22.055">
    <system-out><![CDATA[21:51:43.883 [main] DEBUG net.thucydides.core.util.PropertiesFileLocalPreferences - LOADING LOCAL PROPERTIES FROM D:\QE\Automation\Jubelio-Website\serenity.properties 
21:51:43.904 [main] DEBUG net.thucydides.core.util.PropertiesFileLocalPreferences - LOADING LOCAL PROPERTIES FROM D:\QE\Automation\Jubelio-Website\serenity.properties 
21:51:43.905 [main] DEBUG net.thucydides.core.util.PropertiesFileLocalPreferences - LOADING LOCAL PROPERTIES FROM D:\QE\Automation\Jubelio-Website\serenity.properties 
21:51:43.912 [main] DEBUG net.thucydides.core.util.PropertiesFileLocalPreferences - webdriver.driver=chrome
21:51:43.912 [main] DEBUG net.thucydides.core.util.PropertiesFileLocalPreferences - webdriver.chrome.driver=src/test/resources/webdriver/chromedriver.exe
21:51:43.913 [main] DEBUG net.thucydides.core.util.PropertiesFileLocalPreferences - webdriver.base.url=https://app.jubelio.com
21:51:44.487 [main] INFO io.cucumber.core.plugin.SerenityReporter - Running feature from file:///D:/QE/Automation/Jubelio-Website/src/test/resources/features/user/inventorystock.feature
21:51:44.641 [main] DEBUG net.thucydides.core.util.PropertiesFileLocalPreferences - LOADING LOCAL PROPERTIES FROM D:\QE\Automation\Jubelio-Website\serenity.properties 
21:51:44.649 [main] DEBUG net.thucydides.core.util.PropertiesFileLocalPreferences - LOADING LOCAL PROPERTIES FROM D:\QE\Automation\Jubelio-Website\serenity.properties 
21:51:44.650 [main] DEBUG net.thucydides.core.util.PropertiesFileLocalPreferences - LOADING LOCAL PROPERTIES FROM D:\QE\Automation\Jubelio-Website\serenity.properties 
21:51:44.651 [main] DEBUG net.thucydides.core.util.PropertiesFileLocalPreferences - webdriver.driver=chrome
21:51:44.651 [main] DEBUG net.thucydides.core.util.PropertiesFileLocalPreferences - webdriver.chrome.driver=src/test/resources/webdriver/chromedriver.exe
21:51:44.651 [main] DEBUG net.thucydides.core.util.PropertiesFileLocalPreferences - webdriver.base.url=https://app.jubelio.com
21:51:44.660 [main] INFO  - 

-------------------------------------------------------------------------------------
     _______. _______ .______       _______ .__   __.  __  .___________.____    ____ 
    /       ||   ____||   _  \     |   ____||  \ |  | |  | |           |\   \  /   / 
   |   (----`|  |__   |  |_)  |    |  |__   |   \|  | |  | `---|  |----` \   \/   /  
    \   \    |   __|  |      /     |   __|  |  . `  | |  |     |  |       \_    _/   
.----)   |   |  |____ |  |\  \----.|  |____ |  |\   | |  |     |  |         |  |     
|_______/    |_______|| _| `._____||_______||__| \__| |__|     |__|         |__|    
                                                                                     
 News and tutorials at http://www.serenity-bdd.info                                  
 Documentation at https://wakaleo.gitbooks.io/the-serenity-book/content/             
 Join the Serenity Community on Gitter: https://gitter.im/serenity-bdd/serenity-core 
 Serenity BDD Support and Training at http://serenity-bdd.info/#/trainingandsupport  
-------------------------------------------------------------------------------------

21:51:44.662 [main] DEBUG net.thucydides.core.steps.StepEventBus - Test suite started for story net.thucydides.core.model.Story@bfba0ca1
21:51:44.664 [main] INFO  - Test Suite Started: Inventory Stock at app.jubelio
21:51:44.684 [main] INFO io.cucumber.core.plugin.SerenityReporter - Running feature from file:///D:/QE/Automation/Jubelio-Website/src/test/resources/features/user/login.feature
21:51:44.693 [main] DEBUG net.thucydides.core.steps.StepEventBus - Test suite started for story net.thucydides.core.model.Story@60ecc02c
21:51:44.694 [main] INFO  - Test Suite Started: Login Account at app.jubelio

@Inventory @InventoryStock
Scenario Outline: Inventory Stock                                               &amp#27;[90m# src/test/resources/features/user/inventorystock.feature:15&amp#27;[0m
21:51:44.943 [main] INFO io.cucumber.core.plugin.SerenityReporter - Running feature from file:///D:/QE/Automation/Jubelio-Website/src/test/resources/features/user/inventorystock.feature
21:51:45.024 [main] INFO  - 
  _____   ___   ___   _____     ___   _____     _     ___   _____   ___   ___  
 |_   _| | __| / __| |_   _|   / __| |_   _|   /_\   | _ \ |_   _| | __| |   \ 
   | |   | _|  \__ \   | |     \__ \   | |    / _ \  |   /   | |   | _|  | |) |
   |_|   |___| |___/   |_|     |___/   |_|   /_/ \_\ |_|_\   |_|   |___| |___/ 

Inventory Stock(inventory-stock-at-app.jubelio;inventory-stock)
--------------------------------------------------------------------------------
21:51:45.024 [main] INFO net.thucydides.core.model.TestOutcome - SetUserStory Inventory Stock at app.jubelio
21:51:45.033 [main] INFO net.thucydides.core.model.TestOutcome - SetUserStory Inventory Stock at app.jubelio
21:51:45.135 [main] DEBUG net.thucydides.core.requirements.model.cucumber.CucumberParser - Added feature Inventory Stock at app.jubelio
21:51:45.157 [main] DEBUG net.thucydides.core.requirements.model.cucumber.CucumberParser - Added feature Login Account at app.jubelio
21:51:46.204 [main] DEBUG net.thucydides.core.steps.StepInterceptor - STARTING STEP: InventoryStockSteps.loginClickButtonLogin - openLink
21:51:46.269 [main] INFO net.serenitybdd.core.webdriver.driverproviders.ChromeDriverProvider - Using automatically driver download
21:51:46.526 [main] DEBUG org.apache.hc.client5.http.impl.classic.InternalHttpClient - ex-00000001: preparing request execution
21:51:46.532 [main] DEBUG org.apache.hc.client5.http.protocol.RequestAddCookies - Cookie spec selected: strict
21:51:46.539 [main] DEBUG org.apache.hc.client5.http.protocol.RequestAuthCache - Auth cache not set in the context
21:51:46.539 [main] DEBUG org.apache.hc.client5.http.impl.classic.ProtocolExec - ex-00000001: target auth state: UNCHALLENGED
21:51:46.540 [main] DEBUG org.apache.hc.client5.http.impl.classic.ProtocolExec - ex-00000001: proxy auth state: UNCHALLENGED
21:51:46.540 [main] DEBUG org.apache.hc.client5.http.impl.classic.ConnectExec - ex-00000001: acquiring connection with route {s}->https://raw.githubusercontent.com:443
21:51:46.541 [main] DEBUG org.apache.hc.client5.http.impl.classic.InternalHttpClient - ex-00000001: acquiring endpoint (3 MINUTES)
21:51:46.543 [main] DEBUG org.apache.hc.client5.http.impl.io.PoolingHttpClientConnectionManager - ex-00000001: endpoint lease request (3 MINUTES) [route: {s}->https://raw.githubusercontent.com:443][total available: 0; route allocated: 0 of 5; total allocated: 0 of 25]
21:51:46.548 [main] DEBUG org.apache.hc.client5.http.impl.io.PoolingHttpClientConnectionManager - ex-00000001: endpoint leased [route: {s}->https://raw.githubusercontent.com:443][total available: 0; route allocated: 1 of 5; total allocated: 1 of 25]
21:51:46.560 [main] DEBUG org.apache.hc.client5.http.impl.io.PoolingHttpClientConnectionManager - ex-00000001: acquired ep-00000000
21:51:46.560 [main] DEBUG org.apache.hc.client5.http.impl.classic.InternalHttpClient - ex-00000001: acquired endpoint ep-00000000
21:51:46.560 [main] DEBUG org.apache.hc.client5.http.impl.classic.ConnectExec - ex-00000001: opening connection {s}->https://raw.githubusercontent.com:443
21:51:46.560 [main] DEBUG org.apache.hc.client5.http.impl.classic.InternalHttpClient - ep-00000000: connecting endpoint (30 SECONDS)
21:51:46.562 [main] DEBUG org.apache.hc.client5.http.impl.io.PoolingHttpClientConnectionManager - ep-00000000: connecting endpoint to https://raw.githubusercontent.com:443 (30 SECONDS)
21:51:46.575 [main] DEBUG org.apache.hc.client5.http.impl.io.DefaultHttpClientConnectionOperator - http-outgoing-0: connecting to raw.githubusercontent.com/185.199.108.133:443
21:51:46.575 [main] DEBUG org.apache.hc.client5.http.ssl.SSLConnectionSocketFactory - Connecting socket to raw.githubusercontent.com/185.199.108.133:443 with timeout 30 SECONDS
21:51:46.649 [main] DEBUG org.apache.hc.client5.http.ssl.SSLConnectionSocketFactory - Enabled protocols: [TLSv1.3, TLSv1.2]
21:51:46.649 [main] DEBUG org.apache.hc.client5.http.ssl.SSLConnectionSocketFactory - Enabled cipher suites: [TLS_AES_256_GCM_SHA384, TLS_AES_128_GCM_SHA256, TLS_CHACHA20_POLY1305_SHA256, TLS_ECDHE_ECDSA_WITH_AES_256_GCM_SHA384, TLS_ECDHE_ECDSA_WITH_AES_128_GCM_SHA256, TLS_ECDHE_ECDSA_WITH_CHACHA20_POLY1305_SHA256, TLS_ECDHE_RSA_WITH_AES_256_GCM_SHA384, TLS_ECDHE_RSA_WITH_CHACHA20_POLY1305_SHA256, TLS_ECDHE_RSA_WITH_AES_128_GCM_SHA256, TLS_DHE_RSA_WITH_AES_256_GCM_SHA384, TLS_DHE_RSA_WITH_CHACHA20_POLY1305_SHA256, TLS_DHE_DSS_WITH_AES_256_GCM_SHA384, TLS_DHE_RSA_WITH_AES_128_GCM_SHA256, TLS_DHE_DSS_WITH_AES_128_GCM_SHA256, TLS_ECDHE_ECDSA_WITH_AES_256_CBC_SHA384, TLS_ECDHE_RSA_WITH_AES_256_CBC_SHA384, TLS_ECDHE_ECDSA_WITH_AES_128_CBC_SHA256, TLS_ECDHE_RSA_WITH_AES_128_CBC_SHA256, TLS_DHE_RSA_WITH_AES_256_CBC_SHA256, TLS_DHE_DSS_WITH_AES_256_CBC_SHA256, TLS_DHE_RSA_WITH_AES_128_CBC_SHA256, TLS_DHE_DSS_WITH_AES_128_CBC_SHA256, TLS_ECDH_ECDSA_WITH_AES_256_GCM_SHA384, TLS_ECDH_RSA_WITH_AES_256_GCM_SHA384, TLS_ECDH_ECDSA_WITH_AES_128_GCM_SHA256, TLS_ECDH_RSA_WITH_AES_128_GCM_SHA256, TLS_ECDH_ECDSA_WITH_AES_256_CBC_SHA384, TLS_ECDH_RSA_WITH_AES_256_CBC_SHA384, TLS_ECDH_ECDSA_WITH_AES_128_CBC_SHA256, TLS_ECDH_RSA_WITH_AES_128_CBC_SHA256, TLS_ECDHE_ECDSA_WITH_AES_256_CBC_SHA, TLS_ECDHE_RSA_WITH_AES_256_CBC_SHA, TLS_ECDHE_ECDSA_WITH_AES_128_CBC_SHA, TLS_ECDHE_RSA_WITH_AES_128_CBC_SHA, TLS_DHE_RSA_WITH_AES_256_CBC_SHA, TLS_DHE_DSS_WITH_AES_256_CBC_SHA, TLS_DHE_RSA_WITH_AES_128_CBC_SHA, TLS_DHE_DSS_WITH_AES_128_CBC_SHA, TLS_ECDH_ECDSA_WITH_AES_256_CBC_SHA, TLS_ECDH_RSA_WITH_AES_256_CBC_SHA, TLS_ECDH_ECDSA_WITH_AES_128_CBC_SHA, TLS_ECDH_RSA_WITH_AES_128_CBC_SHA, TLS_RSA_WITH_AES_256_GCM_SHA384, TLS_RSA_WITH_AES_128_GCM_SHA256, TLS_RSA_WITH_AES_256_CBC_SHA256, TLS_RSA_WITH_AES_128_CBC_SHA256, TLS_RSA_WITH_AES_256_CBC_SHA, TLS_RSA_WITH_AES_128_CBC_SHA, TLS_EMPTY_RENEGOTIATION_INFO_SCSV]
21:51:46.651 [main] DEBUG org.apache.hc.client5.http.ssl.SSLConnectionSocketFactory - Starting handshake
21:51:46.746 [main] DEBUG org.apache.hc.client5.http.ssl.SSLConnectionSocketFactory - Secure session established
21:51:46.746 [main] DEBUG org.apache.hc.client5.http.ssl.SSLConnectionSocketFactory -  negotiated protocol: TLSv1.3
21:51:46.746 [main] DEBUG org.apache.hc.client5.http.ssl.SSLConnectionSocketFactory -  negotiated cipher suite: TLS_AES_256_GCM_SHA384
21:51:46.747 [main] DEBUG org.apache.hc.client5.http.ssl.SSLConnectionSocketFactory -  peer principal: CN=*.github.io, O="GitHub, Inc.", L=San Francisco, ST=California, C=US
21:51:46.748 [main] DEBUG org.apache.hc.client5.http.ssl.SSLConnectionSocketFactory -  peer alternative names: [*.github.io, github.io, *.github.com, github.com, www.github.com, *.githubusercontent.com, githubusercontent.com]
21:51:46.748 [main] DEBUG org.apache.hc.client5.http.ssl.SSLConnectionSocketFactory -  issuer principal: CN=DigiCert TLS RSA SHA256 2020 CA1, O=DigiCert Inc, C=US
21:51:46.749 [main] DEBUG org.apache.hc.client5.http.impl.io.DefaultHttpClientConnectionOperator - http-outgoing-0: connection established 192.168.100.42:62203<->185.199.108.133:443
21:51:46.750 [main] DEBUG org.apache.hc.client5.http.impl.io.PoolingHttpClientConnectionManager - ep-00000000: connected http-outgoing-0
21:51:46.750 [main] DEBUG org.apache.hc.client5.http.impl.classic.InternalHttpClient - ep-00000000: endpoint connected
21:51:46.750 [main] DEBUG org.apache.hc.client5.http.impl.classic.MainClientExec - ex-00000001: executing GET /bonigarcia/webdrivermanager/master/src/main/resources/commands.properties HTTP/1.1
21:51:46.751 [main] DEBUG org.apache.hc.client5.http.impl.classic.InternalHttpClient - ep-00000000: start execution ex-00000001
21:51:46.751 [main] DEBUG org.apache.hc.client5.http.impl.io.PoolingHttpClientConnectionManager - ep-00000000: executing exchange ex-00000001 over http-outgoing-0
21:51:46.751 [main] DEBUG org.apache.hc.client5.http.headers - http-outgoing-0 >> GET /bonigarcia/webdrivermanager/master/src/main/resources/commands.properties HTTP/1.1
21:51:46.751 [main] DEBUG org.apache.hc.client5.http.headers - http-outgoing-0 >> user-agent: Apache-HttpClient/5.0
21:51:46.751 [main] DEBUG org.apache.hc.client5.http.headers - http-outgoing-0 >> accept-encoding: gzip, deflate, br
21:51:46.751 [main] DEBUG org.apache.hc.client5.http.headers - http-outgoing-0 >> cache-control: max-age=0
21:51:46.751 [main] DEBUG org.apache.hc.client5.http.headers - http-outgoing-0 >> connection: keep-alive
21:51:46.752 [main] DEBUG org.apache.hc.client5.http.headers - http-outgoing-0 >> Host: raw.githubusercontent.com
21:51:46.752 [main] DEBUG org.apache.hc.client5.http.wire - http-outgoing-0 >> "GET /bonigarcia/webdrivermanager/master/src/main/resources/commands.properties HTTP/1.1[\r][\n]"
21:51:46.752 [main] DEBUG org.apache.hc.client5.http.wire - http-outgoing-0 >> "user-agent: Apache-HttpClient/5.0[\r][\n]"
21:51:46.752 [main] DEBUG org.apache.hc.client5.http.wire - http-outgoing-0 >> "accept-encoding: gzip, deflate, br[\r][\n]"
21:51:46.752 [main] DEBUG org.apache.hc.client5.http.wire - http-outgoing-0 >> "cache-control: max-age=0[\r][\n]"
21:51:46.752 [main] DEBUG org.apache.hc.client5.http.wire - http-outgoing-0 >> "connection: keep-alive[\r][\n]"
21:51:46.752 [main] DEBUG org.apache.hc.client5.http.wire - http-outgoing-0 >> "Host: raw.githubusercontent.com[\r][\n]"
21:51:46.752 [main] DEBUG org.apache.hc.client5.http.wire - http-outgoing-0 >> "[\r][\n]"
21:51:46.787 [main] DEBUG org.apache.hc.client5.http.wire - http-outgoing-0 << "HTTP/1.1 200 OK[\r][\n]"
21:51:46.787 [main] DEBUG org.apache.hc.client5.http.wire - http-outgoing-0 << "Connection: keep-alive[\r][\n]"
21:51:46.787 [main] DEBUG org.apache.hc.client5.http.wire - http-outgoing-0 << "Content-Length: 723[\r][\n]"
21:51:46.787 [main] DEBUG org.apache.hc.client5.http.wire - http-outgoing-0 << "Cache-Control: max-age=300[\r][\n]"
21:51:46.787 [main] DEBUG org.apache.hc.client5.http.wire - http-outgoing-0 << "Content-Security-Policy: default-src 'none'; style-src 'unsafe-inline'; sandbox[\r][\n]"
21:51:46.787 [main] DEBUG org.apache.hc.client5.http.wire - http-outgoing-0 << "Content-Type: text/plain; charset=utf-8[\r][\n]"
21:51:46.788 [main] DEBUG org.apache.hc.client5.http.wire - http-outgoing-0 << "ETag: W/"e82b438271e9e8680c688b0b680efd0bdd22faa6d6f0a32fc1fd8accc486b67e"[\r][\n]"
21:51:46.788 [main] DEBUG org.apache.hc.client5.http.wire - http-outgoing-0 << "Strict-Transport-Security: max-age=31536000[\r][\n]"
21:51:46.788 [main] DEBUG org.apache.hc.client5.http.wire - http-outgoing-0 << "X-Content-Type-Options: nosniff[\r][\n]"
21:51:46.788 [main] DEBUG org.apache.hc.client5.http.wire - http-outgoing-0 << "X-Frame-Options: deny[\r][\n]"
21:51:46.788 [main] DEBUG org.apache.hc.client5.http.wire - http-outgoing-0 << "X-XSS-Protection: 1; mode=block[\r][\n]"
21:51:46.788 [main] DEBUG org.apache.hc.client5.http.wire - http-outgoing-0 << "X-GitHub-Request-Id: 4CA0:B8C7F:70C4E:8CACE:651389F9[\r][\n]"
21:51:46.788 [main] DEBUG org.apache.hc.client5.http.wire - http-outgoing-0 << "Content-Encoding: gzip[\r][\n]"
21:51:46.788 [main] DEBUG org.apache.hc.client5.http.wire - http-outgoing-0 << "Accept-Ranges: bytes[\r][\n]"
21:51:46.788 [main] DEBUG org.apache.hc.client5.http.wire - http-outgoing-0 << "Date: Thu, 05 Oct 2023 14:51:47 GMT[\r][\n]"
21:51:46.788 [main] DEBUG org.apache.hc.client5.http.wire - http-outgoing-0 << "Via: 1.1 varnish[\r][\n]"
21:51:46.788 [main] DEBUG org.apache.hc.client5.http.wire - http-outgoing-0 << "X-Served-By: cache-qpg1259-QPG[\r][\n]"
21:51:46.788 [main] DEBUG org.apache.hc.client5.http.wire - http-outgoing-0 << "X-Cache: HIT[\r][\n]"
21:51:46.789 [main] DEBUG org.apache.hc.client5.http.wire - http-outgoing-0 << "X-Cache-Hits: 5[\r][\n]"
21:51:46.789 [main] DEBUG org.apache.hc.client5.http.wire - http-outgoing-0 << "X-Timer: S1696517507.447206,VS0,VE0[\r][\n]"
21:51:46.789 [main] DEBUG org.apache.hc.client5.http.wire - http-outgoing-0 << "Vary: Authorization,Accept-Encoding,Origin[\r][\n]"
21:51:46.789 [main] DEBUG org.apache.hc.client5.http.wire - http-outgoing-0 << "Access-Control-Allow-Origin: *[\r][\n]"
21:51:46.789 [main] DEBUG org.apache.hc.client5.http.wire - http-outgoing-0 << "Cross-Origin-Resource-Policy: cross-origin[\r][\n]"
21:51:46.789 [main] DEBUG org.apache.hc.client5.http.wire - http-outgoing-0 << "X-Fastly-Request-ID: f983f1ebb2656eb8a34b8bf2234b0811d5c02188[\r][\n]"
21:51:46.789 [main] DEBUG org.apache.hc.client5.http.wire - http-outgoing-0 << "Expires: Thu, 05 Oct 2023 14:56:47 GMT[\r][\n]"
21:51:46.789 [main] DEBUG org.apache.hc.client5.http.wire - http-outgoing-0 << "Source-Age: 298[\r][\n]"
21:51:46.789 [main] DEBUG org.apache.hc.client5.http.wire - http-outgoing-0 << "[\r][\n]"
21:51:46.793 [main] DEBUG org.apache.hc.client5.http.headers - http-outgoing-0 << HTTP/1.1 200 OK
21:51:46.793 [main] DEBUG org.apache.hc.client5.http.headers - http-outgoing-0 << Connection: keep-alive
21:51:46.793 [main] DEBUG org.apache.hc.client5.http.headers - http-outgoing-0 << Content-Length: 723
21:51:46.793 [main] DEBUG org.apache.hc.client5.http.headers - http-outgoing-0 << Cache-Control: max-age=300
21:51:46.793 [main] DEBUG org.apache.hc.client5.http.headers - http-outgoing-0 << Content-Security-Policy: default-src 'none'; style-src 'unsafe-inline'; sandbox
21:51:46.793 [main] DEBUG org.apache.hc.client5.http.headers - http-outgoing-0 << Content-Type: text/plain; charset=utf-8
21:51:46.793 [main] DEBUG org.apache.hc.client5.http.headers - http-outgoing-0 << ETag: W/"e82b438271e9e8680c688b0b680efd0bdd22faa6d6f0a32fc1fd8accc486b67e"
21:51:46.794 [main] DEBUG org.apache.hc.client5.http.headers - http-outgoing-0 << Strict-Transport-Security: max-age=31536000
21:51:46.794 [main] DEBUG org.apache.hc.client5.http.headers - http-outgoing-0 << X-Content-Type-Options: nosniff
21:51:46.794 [main] DEBUG org.apache.hc.client5.http.headers - http-outgoing-0 << X-Frame-Options: deny
21:51:46.794 [main] DEBUG org.apache.hc.client5.http.headers - http-outgoing-0 << X-XSS-Protection: 1; mode=block
21:51:46.794 [main] DEBUG org.apache.hc.client5.http.headers - http-outgoing-0 << X-GitHub-Request-Id: 4CA0:B8C7F:70C4E:8CACE:651389F9
21:51:46.794 [main] DEBUG org.apache.hc.client5.http.headers - http-outgoing-0 << Content-Encoding: gzip
21:51:46.794 [main] DEBUG org.apache.hc.client5.http.headers - http-outgoing-0 << Accept-Ranges: bytes
21:51:46.794 [main] DEBUG org.apache.hc.client5.http.headers - http-outgoing-0 << Date: Thu, 05 Oct 2023 14:51:47 GMT
21:51:46.794 [main] DEBUG org.apache.hc.client5.http.headers - http-outgoing-0 << Via: 1.1 varnish
21:51:46.794 [main] DEBUG org.apache.hc.client5.http.headers - http-outgoing-0 << X-Served-By: cache-qpg1259-QPG
21:51:46.794 [main] DEBUG org.apache.hc.client5.http.headers - http-outgoing-0 << X-Cache: HIT
21:51:46.794 [main] DEBUG org.apache.hc.client5.http.headers - http-outgoing-0 << X-Cache-Hits: 5
21:51:46.794 [main] DEBUG org.apache.hc.client5.http.headers - http-outgoing-0 << X-Timer: S1696517507.447206,VS0,VE0
21:51:46.794 [main] DEBUG org.apache.hc.client5.http.headers - http-outgoing-0 << Vary: Authorization,Accept-Encoding,Origin
21:51:46.795 [main] DEBUG org.apache.hc.client5.http.headers - http-outgoing-0 << Access-Control-Allow-Origin: *
21:51:46.795 [main] DEBUG org.apache.hc.client5.http.headers - http-outgoing-0 << Cross-Origin-Resource-Policy: cross-origin
21:51:46.795 [main] DEBUG org.apache.hc.client5.http.headers - http-outgoing-0 << X-Fastly-Request-ID: f983f1ebb2656eb8a34b8bf2234b0811d5c02188
21:51:46.795 [main] DEBUG org.apache.hc.client5.http.headers - http-outgoing-0 << Expires: Thu, 05 Oct 2023 14:56:47 GMT
21:51:46.795 [main] DEBUG org.apache.hc.client5.http.headers - http-outgoing-0 << Source-Age: 298
21:51:46.799 [main] DEBUG org.apache.hc.client5.http.impl.classic.MainClientExec - ex-00000001: connection can be kept alive for 3 MINUTES
21:51:46.803 [main] DEBUG org.apache.hc.client5.http.wire - http-outgoing-0 << "[0x1f][0xffffff8b][0x8][0x0][0x0][0x0][0x0][0x0][0x0][0x3][0xffffffb5]V]o[0xffffffda]0[0x14]}[0xffffffe7]W\[0xffffff81]*[0xffffffb5][0x12][0x1f][[M[0xffffffd3]$[0x1e]hF[0xffffffbb]i [0x18][0xffffffb4][0xffffffdd]&[0xfffffff9][0xffffffc5]$7[0xffffffc1]R[0x12]#;[0xffffff94]v[0xffffffbf]~[0xffffffb6][0xfffffff3]1[0xffffff92][0xffffff9a][0xffffffc1][0x1a]x[0xffffffcb][0xffffffb5][0xffffffaf][0xffffffcf]9[0xffffffbe][0xfffffff7]8v[0xb][0x1c][0x1e]E4[0xfffffff6]$x4[0xffffffa1][0xb]*[0xffffffb1][0xffffffd1][0xffffff82][0xfffffffb]%[0xffffff93][0xffffffe0][0xffffffb3][0x10][0xffffffc1][0xffffffe5]qBY,!Y[0xffffffea] KM8,[0x10][0xfffffff0][0x19][0xffffffdd]u[0xffffff82][0x1e][0xffffffb0][0xffffffd8]L[0xffffffcb]%[0xffffff86][0xffffffa1][0xe][0xffffffb8][0xfffffff0]P[0xffffffe8]$[0xf][0x13]t[0x13]3[0xfffffff9][0xffffff84]B2[0xffffffae][0xffffffe6]|@[0xfffffff5][0x1d][0x8][0xffffffc4][0x18][0x16][0xffffff82]o[0xffffffa4][0xffffff9a]P[0xffffff94][0xffffffe7][0xffffffce]R[0xfffffff0][0x8][0xffffffdb]p[0xffffffcb][0x4][0xfffffffa][0xfffffffc][0xffffffb9][\r][0xffffff93][0x15][\n]"
21:51:46.804 [main] DEBUG org.apache.hc.client5.http.wire - http-outgoing-0 << "[0xffffffda][0xffffff86][0xffffffa1][0x17][0xffffffa8]Q3[0xffffffcb][0xffffffd6][0xffffffd1][0xffffff85][0xffffffc6][0xfffffff7][0xffffff98][0xffffffef][0xffffffa3][0xffffffc0]8[0x1][0xffffffae]s[0x12][0x16][0x7] _d[0xffffff82][0xffffff91][0xffffff84][0xfffffff3][0x1f],[0xfffffff6][0x14]j[0x1b]F,^+[0xffffff98]1ua2[0xffffffbf]h([0xffffff8e][0xffffff94][0xffffffa2][0xffffff91]m[0xffffffa3][0xffffffeb][0xffffff9a][0xffffffb0][0xffffffbb]I[0x17]t[0xffffffdf][0xffffffbd][0xffffffef][0xffffffbb][0xffffff91][0xffffffd7]U[0xffffffbb][0xffffff82][0xffffff9e][0x3][0xffffff9b][0xffffff88][0xffffffb9][0xffffffa6]$[0xffffffa6][0xc][0xffffff9b][0xffffffa5][0xffffffe2][0xffffff83][0xffffff98]F[0xffffffd8]o[0xffffff9e]Mg[0xffffff93][0xffffffbb][0xffffffd9]`|[0xfffffffb]u4[0xffffff9c][0x7f]"}B[0xffffffce][0x8][0xffffffb9][0xffffffe3]<[0x8][0xffffff91][0xffffff90][0xffffff94][0xffffff82][0xffffff90][0xffffffc1]j[0x15]2WI[0xffffffe3]1![0x19][0xffffff91]BnB[0xffffff80][0x9]<f[0xffffffb5][0xffffffe8]=[0xffffffd1]p[0xffffffbd][[0xffffffcf][0xffffffe5][0x1b][0xfffffff4][0xffffff9c][0xffffffff][0xfffffffc][0xfffffff8][0xffffffe1][0xffffffe2][0xffffff94][0xffffffa2][0xffffffae][0xe][0x14]5[0xffffff9a]8[0xffffff83][0xffffffd1]`:[0xfffffffd]<[0xffffffb8][0x1f][0xffffff9c]R[0xffffffcf]u[0x7f]6[0xffffffbc][0xffffff83][0xffffffef][0xf][0xffffffc3][0xffffffd9]/[0xfffffff8][0xfffffff2][0xffffffcd]y s[0xffffffee]'[0x1b]*0g[0xffffffcb][0xffffffc8]nF7H][0xffffff83][0xffffff97]{[0xffffffb1]Q[0x5][\r][0xffffffb5]c[0xffffffb4][0xf][0x2][0xffffffb3][0xffffffb4][0xffffff93][0xe]C[0xffffffa7][0xffffffb3]kAD][0xffffff9d][0xffffffde][0xffffffdb][0xffffffda][0xffffff88][0xffffffec][0xffffffa5][0xffffffbc][0xffffff99][0xffffffd9][0xffffffba]t[0xffffffb5][0xffffffea]9[0xffffffea][0x10])[0xffffffb7][0xffffffca][0xffffff9e][0xfffffff2][0xffffffe2]d^N[0xffffffd8]FW[0x16][0xffffffcd][0xffffffdc]_[0x10][0xfffffff9]i|[0x1c][0xffffff93][0xffffff8e][0xfffffff9]o[0x16][0xffffff86]4'!$G[0xffffffdf]W[0xfffffff4]W*j[[0xfffffff3]xR[0xffffffae][0xffffffb6][0xc][0xffffffd0],; #[0xffffffa9][0xffffff92]5[0xffffffb5][0x7][0xffffff9c][0xffffffb5][0xffffffd0][0x7f][0xffffff90][0xffffffc7]jgs[0xfffffffc][0xffffffc2][0xb][0xffffffd9][0x0]t[0xffffff9e]^'Y[0xfffffffb][0xffffff9f][0xffffffb1][0xffffffd8]:[0xffffffbf][0xffffff8d][0xffffffa5][0xffffff9a][0xffffffad][0x7f]m[0x5]&[0xffffffaa][0xffffffa0]^[0xffffff9b][0xffffffcb][0x5]f[0xffffffae][0xffffffe0]RU[0xffffff82][0x10]MS9l[0xffffff91]4t[0xfffffffb][0xffffff8a]][0xffffffd6][0xfffffff4][0xffffff96][0xffffffa6][0xffffff9f]P[0xffffffce][0xffffffd5][0xffffffce][0xffffff93][0xffffffff][0xffffff97][0xffffffcc]p[0xfffffffd][0xfffffff3][0xffffffe8][0x1b][0xffffffcc][0xffffffa2][0xffffffd9]Q[0xffffffbe][0xffffffb2][0xffffffa3][0xffffffc7]m'[0xffffffdf][0xffffffe4][[0xfffffffb]^[0xffffffb0][0xffffff9a][0xffffffbe][0xffffffda][0xffffffda]_[0xffffffce][0xffffff80][0xffffffd2][0xffffffc1]7[0xffffffb7]][0xffffffc1]b[0xffffffee][0xffffffb5][0xffffffff]w[0xffffff83][0xffffffed][0xffffffa7];[0x15]<[0x10]4[0xffffff92][0xffffff84][0x18][\n]"
21:51:46.804 [main] DEBUG org.apache.hc.client5.http.wire - http-outgoing-0 << "BB[0xffffffba][0xffffff8e]][0xffffffb5]jo[0xffffffb9]+"[0xffffffea][0xffffffb4][0xffffffff]h"[0xffffffea]\?5[0xffffffa9][0xffffffaf]k[0xffffffec][0xffffffff]P[0xffffffea][\n]"
21:51:46.804 [main] DEBUG org.apache.hc.client5.http.wire - http-outgoing-0 << "w[0xffffffe1]K[0x13][0xffffffda][0xffffffec][0xffffff98][0xffffffe6]Y[0xfffffffd]h8m6[0xffffff9c]T[0xffffffc1][0xfffffff2][0xffffffa7][0xffffff91]z_[0xffffff95]o85p[0x1c][0x13][0xffffffe6][0xfffffff0]5[0xffffffee][0xfffffffc][0xffffff92][0xffffff96][0xffffffda][0xfffffff7][0xffffffcf][0xffffffb1][0x5][0x1d][0xffffffea]K[0xffffff9b]9[0xffffff8e][0xffffffad]e[0xfffffff7][0xffffff93][0xffffffa8]`[0xffffffda][0xffffffff][0x1a][0xffffffd2][0xffffff88][0xffffff85][0xfffffffd][0xfffffff2][0xffffff91]N[0xfffffff6]`[0xffffffdf]2[0xffffffcf][0xffffffae]E[0xffffff97][0xffffffc5][0xffffffa2][0xffffff9d][0xffffffef]'[0xffffff9d]mun.[0xffffffd3]f^[0xffffffc7][0xffffff82][0xffffffda][0xffffff82]9[0xfffffff5][0xffffffa9]`[0x5][0xffffffbc]4[0xffffffa1][0x1d]<M[0xffffffb5]A[0xffffffa7]3[[0xffffffc0][0x7f][0x0][0xffffffc1][0xffffffd0]$[0xffffff85][0x1d][\r][0x0][0x0]"
21:51:46.806 [main] DEBUG org.apache.hc.client5.http.impl.classic.InternalHttpClient - ep-00000000: releasing valid endpoint
21:51:46.807 [main] DEBUG org.apache.hc.client5.http.impl.io.PoolingHttpClientConnectionManager - ep-00000000: releasing endpoint
21:51:46.807 [main] DEBUG org.apache.hc.client5.http.impl.io.PoolingHttpClientConnectionManager - ep-00000000: connection http-outgoing-0 can be kept alive for 3 MINUTES
21:51:46.808 [main] DEBUG org.apache.hc.client5.http.impl.io.PoolingHttpClientConnectionManager - ep-00000000: connection released [route: {s}->https://raw.githubusercontent.com:443][total available: 1; route allocated: 1 of 5; total allocated: 1 of 25]
21:51:46.808 [main] DEBUG io.github.bonigarcia.wdm.versions.VersionDetector - Detecting chrome version using online commands.properties
21:51:46.811 [main] DEBUG io.github.bonigarcia.wdm.versions.Shell - Running command on the shell: [cmd.exe, /C, wmic, datafile, where, name="%PROGRAMFILES:\=\\%\\Google\\Chrome\\Application\\chrome.exe", get, Version, /value]
21:51:46.942 [main] DEBUG io.github.bonigarcia.wdm.versions.Shell - Result: Version=117.0.5938.134
21:51:46.948 [main] DEBUG org.apache.hc.client5.http.impl.classic.InternalHttpClient - ex-00000002: preparing request execution
21:51:46.948 [main] DEBUG org.apache.hc.client5.http.protocol.RequestAddCookies - Cookie spec selected: strict
21:51:46.948 [main] DEBUG org.apache.hc.client5.http.protocol.RequestAuthCache - Auth cache not set in the context
21:51:46.948 [main] DEBUG org.apache.hc.client5.http.impl.classic.ProtocolExec - ex-00000002: target auth state: UNCHALLENGED
21:51:46.948 [main] DEBUG org.apache.hc.client5.http.impl.classic.ProtocolExec - ex-00000002: proxy auth state: UNCHALLENGED
21:51:46.948 [main] DEBUG org.apache.hc.client5.http.impl.classic.ConnectExec - ex-00000002: acquiring connection with route {s}->https://chromedriver.storage.googleapis.com:443
21:51:46.948 [main] DEBUG org.apache.hc.client5.http.impl.classic.InternalHttpClient - ex-00000002: acquiring endpoint (3 MINUTES)
21:51:46.948 [main] DEBUG org.apache.hc.client5.http.impl.io.PoolingHttpClientConnectionManager - ex-00000002: endpoint lease request (3 MINUTES) [route: {s}->https://chromedriver.storage.googleapis.com:443][total available: 1; route allocated: 0 of 5; total allocated: 1 of 25]
21:51:46.948 [main] DEBUG org.apache.hc.client5.http.impl.io.PoolingHttpClientConnectionManager - ex-00000002: endpoint leased [route: {s}->https://chromedriver.storage.googleapis.com:443][total available: 1; route allocated: 1 of 5; total allocated: 2 of 25]
21:51:46.948 [main] DEBUG org.apache.hc.client5.http.impl.io.PoolingHttpClientConnectionManager - ex-00000002: acquired ep-00000001
21:51:46.948 [main] DEBUG org.apache.hc.client5.http.impl.classic.InternalHttpClient - ex-00000002: acquired endpoint ep-00000001
21:51:46.949 [main] DEBUG org.apache.hc.client5.http.impl.classic.ConnectExec - ex-00000002: opening connection {s}->https://chromedriver.storage.googleapis.com:443
21:51:46.949 [main] DEBUG org.apache.hc.client5.http.impl.classic.InternalHttpClient - ep-00000001: connecting endpoint (30 SECONDS)
21:51:46.949 [main] DEBUG org.apache.hc.client5.http.impl.io.PoolingHttpClientConnectionManager - ep-00000001: connecting endpoint to https://chromedriver.storage.googleapis.com:443 (30 SECONDS)
21:51:46.950 [main] DEBUG org.apache.hc.client5.http.impl.io.DefaultHttpClientConnectionOperator - http-outgoing-1: connecting to chromedriver.storage.googleapis.com/142.251.223.27:443
21:51:46.950 [main] DEBUG org.apache.hc.client5.http.ssl.SSLConnectionSocketFactory - Connecting socket to chromedriver.storage.googleapis.com/142.251.223.27:443 with timeout 30 SECONDS
21:51:46.968 [main] DEBUG org.apache.hc.client5.http.ssl.SSLConnectionSocketFactory - Enabled protocols: [TLSv1.3, TLSv1.2]
21:51:46.968 [main] DEBUG org.apache.hc.client5.http.ssl.SSLConnectionSocketFactory - Enabled cipher suites: [TLS_AES_256_GCM_SHA384, TLS_AES_128_GCM_SHA256, TLS_CHACHA20_POLY1305_SHA256, TLS_ECDHE_ECDSA_WITH_AES_256_GCM_SHA384, TLS_ECDHE_ECDSA_WITH_AES_128_GCM_SHA256, TLS_ECDHE_ECDSA_WITH_CHACHA20_POLY1305_SHA256, TLS_ECDHE_RSA_WITH_AES_256_GCM_SHA384, TLS_ECDHE_RSA_WITH_CHACHA20_POLY1305_SHA256, TLS_ECDHE_RSA_WITH_AES_128_GCM_SHA256, TLS_DHE_RSA_WITH_AES_256_GCM_SHA384, TLS_DHE_RSA_WITH_CHACHA20_POLY1305_SHA256, TLS_DHE_DSS_WITH_AES_256_GCM_SHA384, TLS_DHE_RSA_WITH_AES_128_GCM_SHA256, TLS_DHE_DSS_WITH_AES_128_GCM_SHA256, TLS_ECDHE_ECDSA_WITH_AES_256_CBC_SHA384, TLS_ECDHE_RSA_WITH_AES_256_CBC_SHA384, TLS_ECDHE_ECDSA_WITH_AES_128_CBC_SHA256, TLS_ECDHE_RSA_WITH_AES_128_CBC_SHA256, TLS_DHE_RSA_WITH_AES_256_CBC_SHA256, TLS_DHE_DSS_WITH_AES_256_CBC_SHA256, TLS_DHE_RSA_WITH_AES_128_CBC_SHA256, TLS_DHE_DSS_WITH_AES_128_CBC_SHA256, TLS_ECDH_ECDSA_WITH_AES_256_GCM_SHA384, TLS_ECDH_RSA_WITH_AES_256_GCM_SHA384, TLS_ECDH_ECDSA_WITH_AES_128_GCM_SHA256, TLS_ECDH_RSA_WITH_AES_128_GCM_SHA256, TLS_ECDH_ECDSA_WITH_AES_256_CBC_SHA384, TLS_ECDH_RSA_WITH_AES_256_CBC_SHA384, TLS_ECDH_ECDSA_WITH_AES_128_CBC_SHA256, TLS_ECDH_RSA_WITH_AES_128_CBC_SHA256, TLS_ECDHE_ECDSA_WITH_AES_256_CBC_SHA, TLS_ECDHE_RSA_WITH_AES_256_CBC_SHA, TLS_ECDHE_ECDSA_WITH_AES_128_CBC_SHA, TLS_ECDHE_RSA_WITH_AES_128_CBC_SHA, TLS_DHE_RSA_WITH_AES_256_CBC_SHA, TLS_DHE_DSS_WITH_AES_256_CBC_SHA, TLS_DHE_RSA_WITH_AES_128_CBC_SHA, TLS_DHE_DSS_WITH_AES_128_CBC_SHA, TLS_ECDH_ECDSA_WITH_AES_256_CBC_SHA, TLS_ECDH_RSA_WITH_AES_256_CBC_SHA, TLS_ECDH_ECDSA_WITH_AES_128_CBC_SHA, TLS_ECDH_RSA_WITH_AES_128_CBC_SHA, TLS_RSA_WITH_AES_256_GCM_SHA384, TLS_RSA_WITH_AES_128_GCM_SHA256, TLS_RSA_WITH_AES_256_CBC_SHA256, TLS_RSA_WITH_AES_128_CBC_SHA256, TLS_RSA_WITH_AES_256_CBC_SHA, TLS_RSA_WITH_AES_128_CBC_SHA, TLS_EMPTY_RENEGOTIATION_INFO_SCSV]
21:51:46.969 [main] DEBUG org.apache.hc.client5.http.ssl.SSLConnectionSocketFactory - Starting handshake
21:51:47.051 [main] DEBUG org.apache.hc.client5.http.ssl.SSLConnectionSocketFactory - Secure session established
21:51:47.051 [main] DEBUG org.apache.hc.client5.http.ssl.SSLConnectionSocketFactory -  negotiated protocol: TLSv1.3
21:51:47.051 [main] DEBUG org.apache.hc.client5.http.ssl.SSLConnectionSocketFactory -  negotiated cipher suite: TLS_AES_256_GCM_SHA384
21:51:47.051 [main] DEBUG org.apache.hc.client5.http.ssl.SSLConnectionSocketFactory -  peer principal: CN=*.storage.googleapis.com
21:51:47.052 [main] DEBUG org.apache.hc.client5.http.ssl.SSLConnectionSocketFactory -  peer alternative names: [*.storage.googleapis.com, *.googleapis.com, commondatastorage.googleapis.com, *.commondatastorage.googleapis.com, storage.googleapis.com, storage-p2.googleapis.com, *.storage-p2.googleapis.com, storage.mtls.googleapis.com, *.appspot.com.storage.googleapis.com, *.content-storage.googleapis.com, *.content-storage-p2.googleapis.com, *.content-storage-upload.googleapis.com, *.content-storage-download.googleapis.com, *.storage-upload.googleapis.com, *.storage-download.googleapis.com]
21:51:47.052 [main] DEBUG org.apache.hc.client5.http.ssl.SSLConnectionSocketFactory -  issuer principal: CN=GTS CA 1C3, O=Google Trust Services LLC, C=US
21:51:47.052 [main] DEBUG org.apache.hc.client5.http.impl.io.DefaultHttpClientConnectionOperator - http-outgoing-1: connection established 192.168.100.42:62204<->142.251.223.27:443
21:51:47.052 [main] DEBUG org.apache.hc.client5.http.impl.io.PoolingHttpClientConnectionManager - ep-00000001: connected http-outgoing-1
21:51:47.052 [main] DEBUG org.apache.hc.client5.http.impl.classic.InternalHttpClient - ep-00000001: endpoint connected
21:51:47.052 [main] DEBUG org.apache.hc.client5.http.impl.classic.MainClientExec - ex-00000002: executing GET /LATEST_RELEASE_117 HTTP/1.1
21:51:47.052 [main] DEBUG org.apache.hc.client5.http.impl.classic.InternalHttpClient - ep-00000001: start execution ex-00000002
21:51:47.052 [main] DEBUG org.apache.hc.client5.http.impl.io.PoolingHttpClientConnectionManager - ep-00000001: executing exchange ex-00000002 over http-outgoing-1
21:51:47.052 [main] DEBUG org.apache.hc.client5.http.headers - http-outgoing-1 >> GET /LATEST_RELEASE_117 HTTP/1.1
21:51:47.052 [main] DEBUG org.apache.hc.client5.http.headers - http-outgoing-1 >> user-agent: Apache-HttpClient/5.0
21:51:47.053 [main] DEBUG org.apache.hc.client5.http.headers - http-outgoing-1 >> accept-encoding: gzip, deflate, br
21:51:47.053 [main] DEBUG org.apache.hc.client5.http.headers - http-outgoing-1 >> cache-control: max-age=0
21:51:47.053 [main] DEBUG org.apache.hc.client5.http.headers - http-outgoing-1 >> connection: keep-alive
21:51:47.053 [main] DEBUG org.apache.hc.client5.http.headers - http-outgoing-1 >> Host: chromedriver.storage.googleapis.com
21:51:47.053 [main] DEBUG org.apache.hc.client5.http.wire - http-outgoing-1 >> "GET /LATEST_RELEASE_117 HTTP/1.1[\r][\n]"
21:51:47.053 [main] DEBUG org.apache.hc.client5.http.wire - http-outgoing-1 >> "user-agent: Apache-HttpClient/5.0[\r][\n]"
21:51:47.053 [main] DEBUG org.apache.hc.client5.http.wire - http-outgoing-1 >> "accept-encoding: gzip, deflate, br[\r][\n]"
21:51:47.053 [main] DEBUG org.apache.hc.client5.http.wire - http-outgoing-1 >> "cache-control: max-age=0[\r][\n]"
21:51:47.053 [main] DEBUG org.apache.hc.client5.http.wire - http-outgoing-1 >> "connection: keep-alive[\r][\n]"
21:51:47.053 [main] DEBUG org.apache.hc.client5.http.wire - http-outgoing-1 >> "Host: chromedriver.storage.googleapis.com[\r][\n]"
21:51:47.053 [main] DEBUG org.apache.hc.client5.http.wire - http-outgoing-1 >> "[\r][\n]"
21:51:47.329 [main] DEBUG org.apache.hc.client5.http.wire - http-outgoing-1 << "HTTP/1.1 404 Not Found[\r][\n]"
21:51:47.331 [main] DEBUG org.apache.hc.client5.http.wire - http-outgoing-1 << "X-GUploader-UploadID: ADPycdtEupqgvrF0897s-KrYe9GbyM9z13MD6VOxqKQ-r3DqQ9m8f0zrgOSs5JN2mZUJXV3ivfSAK_iuczXVTYuWsJ0MFAIH1h_h[\r][\n]"
21:51:47.331 [main] DEBUG org.apache.hc.client5.http.wire - http-outgoing-1 << "Content-Type: application/xml; charset=UTF-8[\r][\n]"
21:51:47.331 [main] DEBUG org.apache.hc.client5.http.wire - http-outgoing-1 << "Content-Length: 193[\r][\n]"
21:51:47.331 [main] DEBUG org.apache.hc.client5.http.wire - http-outgoing-1 << "Date: Thu, 05 Oct 2023 14:51:47 GMT[\r][\n]"
21:51:47.331 [main] DEBUG org.apache.hc.client5.http.wire - http-outgoing-1 << "Expires: Thu, 05 Oct 2023 14:51:47 GMT[\r][\n]"
21:51:47.331 [main] DEBUG org.apache.hc.client5.http.wire - http-outgoing-1 << "Cache-Control: private, max-age=0[\r][\n]"
21:51:47.331 [main] DEBUG org.apache.hc.client5.http.wire - http-outgoing-1 << "Server: UploadServer[\r][\n]"
21:51:47.332 [main] DEBUG org.apache.hc.client5.http.wire - http-outgoing-1 << "Alt-Svc: h3=":443"; ma=2592000,h3-29=":443"; ma=2592000[\r][\n]"
21:51:47.332 [main] DEBUG org.apache.hc.client5.http.wire - http-outgoing-1 << "[\r][\n]"
21:51:47.332 [main] DEBUG org.apache.hc.client5.http.wire - http-outgoing-1 << "<?xml version='1.0' encoding='UTF-8'?><Error><Code>NoSuchKey</Code><Message>The specified key does not exist.</Message><Details>No such object: chromedriver/LATEST_RELEASE_117</Details></Error>"
21:51:47.333 [main] DEBUG org.apache.hc.client5.http.headers - http-outgoing-1 << HTTP/1.1 404 Not Found
21:51:47.334 [main] DEBUG org.apache.hc.client5.http.headers - http-outgoing-1 << X-GUploader-UploadID: ADPycdtEupqgvrF0897s-KrYe9GbyM9z13MD6VOxqKQ-r3DqQ9m8f0zrgOSs5JN2mZUJXV3ivfSAK_iuczXVTYuWsJ0MFAIH1h_h
21:51:47.334 [main] DEBUG org.apache.hc.client5.http.headers - http-outgoing-1 << Content-Type: application/xml; charset=UTF-8
21:51:47.334 [main] DEBUG org.apache.hc.client5.http.headers - http-outgoing-1 << Content-Length: 193
21:51:47.334 [main] DEBUG org.apache.hc.client5.http.headers - http-outgoing-1 << Date: Thu, 05 Oct 2023 14:51:47 GMT
21:51:47.334 [main] DEBUG org.apache.hc.client5.http.headers - http-outgoing-1 << Expires: Thu, 05 Oct 2023 14:51:47 GMT
21:51:47.334 [main] DEBUG org.apache.hc.client5.http.headers - http-outgoing-1 << Cache-Control: private, max-age=0
21:51:47.335 [main] DEBUG org.apache.hc.client5.http.headers - http-outgoing-1 << Server: UploadServer
21:51:47.335 [main] DEBUG org.apache.hc.client5.http.headers - http-outgoing-1 << Alt-Svc: h3=":443"; ma=2592000,h3-29=":443"; ma=2592000
21:51:47.336 [main] DEBUG org.apache.hc.client5.http.impl.classic.MainClientExec - ex-00000002: connection can be kept alive for 3 MINUTES
21:51:47.337 [main] ERROR io.github.bonigarcia.wdm.online.HttpClient - Error HTTP 404 executing https://chromedriver.storage.googleapis.com/LATEST_RELEASE_117
21:51:47.337 [main] WARN io.github.bonigarcia.wdm.versions.VersionDetector - Exception reading https://chromedriver.storage.googleapis.com/LATEST_RELEASE_117 to get latest version of chromedriver (Error HTTP 404 executing https://chromedriver.storage.googleapis.com/LATEST_RELEASE_117)
21:51:47.340 [main] DEBUG io.github.bonigarcia.wdm.versions.VersionDetector - Getting driver version for chrome117 from online versions.properties
21:51:47.344 [main] DEBUG org.apache.hc.client5.http.impl.classic.InternalHttpClient - ex-00000003: preparing request execution
21:51:47.344 [main] DEBUG org.apache.hc.client5.http.protocol.RequestAddCookies - Cookie spec selected: strict
21:51:47.344 [main] DEBUG org.apache.hc.client5.http.protocol.RequestAuthCache - Auth cache not set in the context
21:51:47.345 [main] DEBUG org.apache.hc.client5.http.impl.classic.ProtocolExec - ex-00000003: target auth state: UNCHALLENGED
21:51:47.345 [main] DEBUG org.apache.hc.client5.http.impl.classic.ProtocolExec - ex-00000003: proxy auth state: UNCHALLENGED
21:51:47.345 [main] DEBUG org.apache.hc.client5.http.impl.classic.ConnectExec - ex-00000003: acquiring connection with route {s}->https://raw.githubusercontent.com:443
21:51:47.345 [main] DEBUG org.apache.hc.client5.http.impl.classic.InternalHttpClient - ex-00000003: acquiring endpoint (3 MINUTES)
21:51:47.346 [main] DEBUG org.apache.hc.client5.http.impl.io.PoolingHttpClientConnectionManager - ex-00000003: endpoint lease request (3 MINUTES) [route: {s}->https://raw.githubusercontent.com:443][total available: 1; route allocated: 1 of 5; total allocated: 2 of 25]
21:51:47.346 [main] DEBUG org.apache.hc.client5.http.impl.io.PoolingHttpClientConnectionManager - ex-00000003: endpoint leased [route: {s}->https://raw.githubusercontent.com:443][total available: 0; route allocated: 1 of 5; total allocated: 2 of 25]
21:51:47.347 [main] DEBUG org.apache.hc.client5.http.impl.io.PoolingHttpClientConnectionManager - ex-00000003: acquired ep-00000002
21:51:47.347 [main] DEBUG org.apache.hc.client5.http.impl.classic.InternalHttpClient - ex-00000003: acquired endpoint ep-00000002
21:51:47.347 [main] DEBUG org.apache.hc.client5.http.impl.classic.MainClientExec - ex-00000003: executing GET /bonigarcia/webdrivermanager/master/src/main/resources/versions.properties HTTP/1.1
21:51:47.348 [main] DEBUG org.apache.hc.client5.http.impl.classic.InternalHttpClient - ep-00000002: start execution ex-00000003
21:51:47.348 [main] DEBUG org.apache.hc.client5.http.impl.io.PoolingHttpClientConnectionManager - ep-00000002: executing exchange ex-00000003 over http-outgoing-0
21:51:47.348 [main] DEBUG org.apache.hc.client5.http.headers - http-outgoing-0 >> GET /bonigarcia/webdrivermanager/master/src/main/resources/versions.properties HTTP/1.1
21:51:47.348 [main] DEBUG org.apache.hc.client5.http.headers - http-outgoing-0 >> user-agent: Apache-HttpClient/5.0
21:51:47.348 [main] DEBUG org.apache.hc.client5.http.headers - http-outgoing-0 >> accept-encoding: gzip, deflate, br
21:51:47.349 [main] DEBUG org.apache.hc.client5.http.headers - http-outgoing-0 >> cache-control: max-age=0
21:51:47.349 [main] DEBUG org.apache.hc.client5.http.headers - http-outgoing-0 >> connection: keep-alive
21:51:47.349 [main] DEBUG org.apache.hc.client5.http.headers - http-outgoing-0 >> Host: raw.githubusercontent.com
21:51:47.349 [main] DEBUG org.apache.hc.client5.http.wire - http-outgoing-0 >> "GET /bonigarcia/webdrivermanager/master/src/main/resources/versions.properties HTTP/1.1[\r][\n]"
21:51:47.349 [main] DEBUG org.apache.hc.client5.http.wire - http-outgoing-0 >> "user-agent: Apache-HttpClient/5.0[\r][\n]"
21:51:47.349 [main] DEBUG org.apache.hc.client5.http.wire - http-outgoing-0 >> "accept-encoding: gzip, deflate, br[\r][\n]"
21:51:47.349 [main] DEBUG org.apache.hc.client5.http.wire - http-outgoing-0 >> "cache-control: max-age=0[\r][\n]"
21:51:47.350 [main] DEBUG org.apache.hc.client5.http.wire - http-outgoing-0 >> "connection: keep-alive[\r][\n]"
21:51:47.350 [main] DEBUG org.apache.hc.client5.http.wire - http-outgoing-0 >> "Host: raw.githubusercontent.com[\r][\n]"
21:51:47.350 [main] DEBUG org.apache.hc.client5.http.wire - http-outgoing-0 >> "[\r][\n]"
21:51:47.388 [main] DEBUG org.apache.hc.client5.http.wire - http-outgoing-0 << "HTTP/1.1 200 OK[\r][\n]"
21:51:47.388 [main] DEBUG org.apache.hc.client5.http.wire - http-outgoing-0 << "Connection: keep-alive[\r][\n]"
21:51:47.388 [main] DEBUG org.apache.hc.client5.http.wire - http-outgoing-0 << "Content-Length: 1625[\r][\n]"
21:51:47.388 [main] DEBUG org.apache.hc.client5.http.wire - http-outgoing-0 << "Cache-Control: max-age=300[\r][\n]"
21:51:47.389 [main] DEBUG org.apache.hc.client5.http.wire - http-outgoing-0 << "Content-Security-Policy: default-src 'none'; style-src 'unsafe-inline'; sandbox[\r][\n]"
21:51:47.389 [main] DEBUG org.apache.hc.client5.http.wire - http-outgoing-0 << "Content-Type: text/plain; charset=utf-8[\r][\n]"
21:51:47.389 [main] DEBUG org.apache.hc.client5.http.wire - http-outgoing-0 << "ETag: W/"51a99ebb5fa30c7285d42b08929913814dd238f6403d61fccadee50390eab957"[\r][\n]"
21:51:47.389 [main] DEBUG org.apache.hc.client5.http.wire - http-outgoing-0 << "Strict-Transport-Security: max-age=31536000[\r][\n]"
21:51:47.390 [main] DEBUG org.apache.hc.client5.http.wire - http-outgoing-0 << "X-Content-Type-Options: nosniff[\r][\n]"
21:51:47.390 [main] DEBUG org.apache.hc.client5.http.wire - http-outgoing-0 << "X-Frame-Options: deny[\r][\n]"
21:51:47.390 [main] DEBUG org.apache.hc.client5.http.wire - http-outgoing-0 << "X-XSS-Protection: 1; mode=block[\r][\n]"
21:51:47.390 [main] DEBUG org.apache.hc.client5.http.wire - http-outgoing-0 << "X-GitHub-Request-Id: ADC8:C8321:F9E48:13930E:651E6E7C[\r][\n]"
21:51:47.391 [main] DEBUG org.apache.hc.client5.http.wire - http-outgoing-0 << "Content-Encoding: gzip[\r][\n]"
21:51:47.391 [main] DEBUG org.apache.hc.client5.http.wire - http-outgoing-0 << "Accept-Ranges: bytes[\r][\n]"
21:51:47.391 [main] DEBUG org.apache.hc.client5.http.wire - http-outgoing-0 << "Date: Thu, 05 Oct 2023 14:51:48 GMT[\r][\n]"
21:51:47.392 [main] DEBUG org.apache.hc.client5.http.wire - http-outgoing-0 << "Via: 1.1 varnish[\r][\n]"
21:51:47.392 [main] DEBUG org.apache.hc.client5.http.wire - http-outgoing-0 << "X-Served-By: cache-qpg1259-QPG[\r][\n]"
21:51:47.392 [main] DEBUG org.apache.hc.client5.http.wire - http-outgoing-0 << "X-Cache: HIT[\r][\n]"
21:51:47.392 [main] DEBUG org.apache.hc.client5.http.wire - http-outgoing-0 << "X-Cache-Hits: 1[\r][\n]"
21:51:47.392 [main] DEBUG org.apache.hc.client5.http.wire - http-outgoing-0 << "X-Timer: S1696517508.044901,VS0,VE1[\r][\n]"
21:51:47.393 [main] DEBUG org.apache.hc.client5.http.wire - http-outgoing-0 << "Vary: Authorization,Accept-Encoding,Origin[\r][\n]"
21:51:47.395 [main] DEBUG org.apache.hc.client5.http.wire - http-outgoing-0 << "Access-Control-Allow-Origin: *[\r][\n]"
21:51:47.396 [main] DEBUG org.apache.hc.client5.http.wire - http-outgoing-0 << "Cross-Origin-Resource-Policy: cross-origin[\r][\n]"
21:51:47.396 [main] DEBUG org.apache.hc.client5.http.wire - http-outgoing-0 << "X-Fastly-Request-ID: c527b178fcbb3703a170b8eb727d041fe76d1de1[\r][\n]"
21:51:47.397 [main] DEBUG org.apache.hc.client5.http.wire - http-outgoing-0 << "Expires: Thu, 05 Oct 2023 14:56:48 GMT[\r][\n]"
21:51:47.397 [main] DEBUG org.apache.hc.client5.http.wire - http-outgoing-0 << "Source-Age: 147[\r][\n]"
21:51:47.397 [main] DEBUG org.apache.hc.client5.http.wire - http-outgoing-0 << "[\r][\n]"
21:51:47.398 [main] DEBUG org.apache.hc.client5.http.headers - http-outgoing-0 << HTTP/1.1 200 OK
21:51:47.399 [main] DEBUG org.apache.hc.client5.http.headers - http-outgoing-0 << Connection: keep-alive
21:51:47.399 [main] DEBUG org.apache.hc.client5.http.headers - http-outgoing-0 << Content-Length: 1625
21:51:47.399 [main] DEBUG org.apache.hc.client5.http.headers - http-outgoing-0 << Cache-Control: max-age=300
21:51:47.399 [main] DEBUG org.apache.hc.client5.http.headers - http-outgoing-0 << Content-Security-Policy: default-src 'none'; style-src 'unsafe-inline'; sandbox
21:51:47.400 [main] DEBUG org.apache.hc.client5.http.headers - http-outgoing-0 << Content-Type: text/plain; charset=utf-8
21:51:47.400 [main] DEBUG org.apache.hc.client5.http.headers - http-outgoing-0 << ETag: W/"51a99ebb5fa30c7285d42b08929913814dd238f6403d61fccadee50390eab957"
21:51:47.400 [main] DEBUG org.apache.hc.client5.http.headers - http-outgoing-0 << Strict-Transport-Security: max-age=31536000
21:51:47.400 [main] DEBUG org.apache.hc.client5.http.headers - http-outgoing-0 << X-Content-Type-Options: nosniff
21:51:47.401 [main] DEBUG org.apache.hc.client5.http.headers - http-outgoing-0 << X-Frame-Options: deny
21:51:47.401 [main] DEBUG org.apache.hc.client5.http.headers - http-outgoing-0 << X-XSS-Protection: 1; mode=block
21:51:47.401 [main] DEBUG org.apache.hc.client5.http.headers - http-outgoing-0 << X-GitHub-Request-Id: ADC8:C8321:F9E48:13930E:651E6E7C
21:51:47.401 [main] DEBUG org.apache.hc.client5.http.headers - http-outgoing-0 << Content-Encoding: gzip
21:51:47.401 [main] DEBUG org.apache.hc.client5.http.headers - http-outgoing-0 << Accept-Ranges: bytes
21:51:47.401 [main] DEBUG org.apache.hc.client5.http.headers - http-outgoing-0 << Date: Thu, 05 Oct 2023 14:51:48 GMT
21:51:47.401 [main] DEBUG org.apache.hc.client5.http.headers - http-outgoing-0 << Via: 1.1 varnish
21:51:47.401 [main] DEBUG org.apache.hc.client5.http.headers - http-outgoing-0 << X-Served-By: cache-qpg1259-QPG
21:51:47.401 [main] DEBUG org.apache.hc.client5.http.headers - http-outgoing-0 << X-Cache: HIT
21:51:47.402 [main] DEBUG org.apache.hc.client5.http.headers - http-outgoing-0 << X-Cache-Hits: 1
21:51:47.402 [main] DEBUG org.apache.hc.client5.http.headers - http-outgoing-0 << X-Timer: S1696517508.044901,VS0,VE1
21:51:47.402 [main] DEBUG org.apache.hc.client5.http.headers - http-outgoing-0 << Vary: Authorization,Accept-Encoding,Origin
21:51:47.402 [main] DEBUG org.apache.hc.client5.http.headers - http-outgoing-0 << Access-Control-Allow-Origin: *
21:51:47.402 [main] DEBUG org.apache.hc.client5.http.headers - http-outgoing-0 << Cross-Origin-Resource-Policy: cross-origin
21:51:47.402 [main] DEBUG org.apache.hc.client5.http.headers - http-outgoing-0 << X-Fastly-Request-ID: c527b178fcbb3703a170b8eb727d041fe76d1de1
21:51:47.403 [main] DEBUG org.apache.hc.client5.http.headers - http-outgoing-0 << Expires: Thu, 05 Oct 2023 14:56:48 GMT
21:51:47.403 [main] DEBUG org.apache.hc.client5.http.headers - http-outgoing-0 << Source-Age: 147
21:51:47.404 [main] DEBUG org.apache.hc.client5.http.impl.classic.MainClientExec - ex-00000003: connection can be kept alive for 3 MINUTES
21:51:47.406 [main] DEBUG org.apache.hc.client5.http.wire - http-outgoing-0 << "[0x1f][0xffffff8b][0x8][0x0][0x0][0x0][0x0][0x0][0x0][0x3][0xffffff8d][0xffffff97]Ko#7[0xc][0xffffffc7][0xffffffef][0xfffffff9][0x14][0x3][0xfffffff4][0x1c]YO[0xffffff8a][\n]"
21:51:47.407 [main] DEBUG org.apache.hc.client5.http.wire - http-outgoing-0 << "[0xffffffa0]K[0xffffff9f][0xffffffa7][0xffffffa2][0xffffff87][0xfffffff6][0xb]x[0xffffffed]Ib[0xffffffac][0xffffffe3][0x9]lg[0xffffffb3][0xffffffe8][0xffffffa7]/[0xfffffff5][0xffffffa0]F[0xffffff96][[0xffffffa0][0xffffff87]`[0xffffff97]?k$[0xffffff92][0xffffffe2]p[0xfffffffe][0xfffffffc]a[0xfffffffa][0xffffffeb][0xfffffff5]p[0xffffff99][0xffffff9e][0xf][0xffffffc7]y[0xffffffda]-[0xffffffa7][0xffffffeb][0xfffffff6]p[0xffffffba]L[0xffffffd7][0xffffffd7]y[0xfffffffa]zZ>O[0xffffffd3][0xfffffffe]|[0xfffffff8]6[0xffffff9f]'[0xfffffffa][0xffffffbb][0x1c][0x16][0xfffffffa]e[0xffffffb7][0xffffffbc][0xffffffbd]o[0xffffffaf][0xffffff87]/[0xffffffb4][0xfffffffa][0xfffffff3]p}[0xffffffcd]+w[0xffffffcb][0xfffffff9]<_[0xffffffde][0xffffff97][0xffffffd3][0xfffffffe]pz[0xffffff99][0xffffffbe][0xffffff9c][0xffffff97][0xffffffcf][0xffffffcb][0xfffffffa][0xffffffc8][0xffffffc3][0xffffffc3][0xf][0xffffffd3][0xffffff8f][0x5]=M[0xffffffbf]-[0xffffffcb][0xb]=[0xfffffff9][0xffffffd3][0xffffffeb]yy[0xffffff9b][0xffffffa7][0xffffffed]i_[0xfffffffe]{[0xfffffff8]x[0xffffff9b][0x1e][0xffffffa7][0xffffff9f][0xfffffff3]QO[0xffffffd3].[0xffffffff]Z[0xe][0xffffffa6][0xffffff87][0xffffffff]\>[0xffffffce][0xffffffbb][0xfffffff9]iz[0xffffffbd]^[0xffffffdf][0xffffff9f]6[0xffffff9b][0xfffffffe]W[0xffffffb1][0xffffffab]O[0xffffff8b][0xffffffe5][0xfffffffc][0xffffffb2][0xffffffd9][0xffffff93][0xffffffbf][0xffffffc7]e[0xffffffbb][0xffffffbf]<[0xffffff94]5J[0xffffffd9]H[0x7f]B[\n]"
21:51:47.407 [main] DEBUG org.apache.hc.client5.http.wire - http-outgoing-0 << "[0xffffffe7][0xffffff8d][0x13]A6n[0xffffff88][0xffffff9b][0xffffffc4][0xffffffc1]k[0x1][0xffffffa6]qM\g[0xffffffae][0xffffff9c][0xffffffb0][0xffffffa1]qE\%[0xffffffee][0xffffffc0][0x8][0xffffffb0][0xffffff8d]K[0xffffffe2]2q[0xffffff8b]Jx[0xffffffcf]\[0xffffff86]H[0x7f][0xffffff99][0xffffffd3][0xfffffff1][0xffffffbe][0xffffffad][0xffffff97]H[0x1c][0x13]7.[0x8][0xffffffaf][0x1a][0xfffffff7][0xffffffc4]}[0xffffffe6][0xffffffd2][\n]"
21:51:47.408 [main] DEBUG org.apache.hc.client5.http.wire - http-outgoing-0 << "[0xffffffd0][0xffffff8d][0x3]qH\[0xffffffdb] `][0xffffffef][0xffffff88][0xffffffbb][0xffffffc4]Up[0xfffffff4]c[0xffffffe3][0x14][0xffffffaf][0xffffffcc][0xfffffff1][0xffffffa6]0|[0xfffffff3]_R[0xffffffbc]2[0xffffffc7]+A[\n]"
21:51:47.408 [main] DEBUG org.apache.hc.client5.http.wire - http-outgoing-0 << "eV[0xffffff87](`[0xffffff99][0x3][0xffffff96][0xffffffb4]_w[0x0][0x5],S[0xffffffc0]68%[0xffffffec][0xffffffca])`[0xffffff99][0x2][0xffffffb6][0x18]@[0x0]'4[0xffffff84][0x18]B[0xffffffa6][0xffffffd6][0xffffffd2][0xffffffd9]L1[0xffffff86][0x14][0xffffffac][0xfffffff5][0xe][0x5][0x1d][0xffffffc3][0xffffffd8][0xffffffc7][0xffffff90]b[0xffffffb5][0x10][0xfffffff4][0xffffff9a][0xffffff83][0x0]1@[0xffffffa6]`[0xffffff85]uL][0xc].S[0xffffff83][0x2]8[0xffffff9e]`c[0xffffffb0][0xffffff99]Rr[0xffffffe8]"[0x19][0xffffff9b][0x18]R[0xffffff90][0xffffffd6]y[0xffffffbf]^j[0xffffffd0]1[0xffffffe8]L[0xffffffe9]J)[0xffffffcb][0xffffff8c]U[0xc]9@K[0x15]@[0xffffffb1]2[0xffffff96]1[0xffffffe4][0xfffffff8][0xffffffac][0xffffff91]Bs[0xffffff9e]0D[0xffffffcc][0xfffffff1][0x19][0xfffffffa]G[0xfffffff3][0xffffffce][0xffffff88][0x11]s|F[[0x11][0xffffff80][0xffffffa9][0xffffff8f][0xffffff98][0xffffffc3][0xffffffd3]([0x5]"S[0xffffff88][0xffffff98][0xffffffc3][0xffffffd3][0xffffff96][0xfffffff6][0xffffffe5]T[0xffffffa0][0xffffff8b][0xffffff98][0xffffffc3]Sh[0x4][0xffffffb2]kh#[0xffffffe6][0xfffffff0][0xffffff94][0xfffffff5][0xffffffc2]p[0xffffff8e][0xffffffd1]D[0xffffffcc][0xffffffd1][0xffffffa5][0xffffff9b]4[0xffffff9c][\n]"
21:51:47.409 [main] DEBUG org.apache.hc.client5.http.wire - http-outgoing-0 << "T[0x11]s[0x18][0xffffff92]2[0xffffffaf]L;NFLa[0xffffff98]@[0xffffffbe]P[0x9]U[0xffffffec]C[0xfffffff4]!c[0xffffffeb][0xffffff84]i[0x14][0xffffffa3][0xffffffc7]L[0xffffffa9]v[0xffffffa8][0xffffffae][0x18][0xfffffffb][0xffffffe8]S [0x6][0xffffff81][0xffffffde][0x5]v[0xffffffc3]C[0xfffffff4][0xffffff90])[0x15][0xffffffb8][0xffffffd2]m[0xf][0x17]}[0xffffff8a][0xffffffc4]xO[0x5][0xffffffb6][0xffffffae][0xffffffb6][0xffffffd1][0xffffffdb][0xffffff8c]5[0xffffffd5]/C[0x13]}[0xffffff8a][0xffffffc4][0x0][0x5][0x4][0xffffffec][0xffffffb2][0xffffffd7]Q[0xffffffd3][0xffffff8d][0xffffffb2][0xffffffa5]n,[0xffffff99],v[0xc]B[0xffffffb2][0xfffffff8]n[0x0][0xffffff93][0xffffffc5][0x19][0x5][0xffffff9f],[0xffffffbe]M[0xffffff80]d[0xffffffb1]3[0xffffffe0][0xffffffc8]j)[0x2][0xffffff9b],[0xffffffce]9[0xffffff98]d[0xfffffff1]y[0xffffff90]|1[0xffffffed][0xffffffbc][0xffffffe4]K{g [0xfffffff9]b[0xffffffcc]MW[0xfffffffb]}[0xfffffff9][0xfffffffb]p<n[0xffffffa7]_[0xf][0xffffffe7][0xfffffff9]y[0xfffffff9][0xffffffde][0xffffffb5][0xffffffb2][0xffffff97]y[0xfffffff7]u[0xfffffff9][0xffffffd7]Nv[0xffffffa1]V[0xfffffff6]B[\r][0xfffffff4][0xffffffe3][0xffffff8b][0xffffffa0][0xffffff96][0xffffffba]y+[l[0xffffffba][0x7]6[0xffffffe7][0xfffffff9]8o/[0xfffffff3][0xffffffe5][0xffffffe1][0xffffffb9][0xffffffec][0xffffffab][0x14]FJ[0x1b][0xffffffe5]n%[0xfffffffe][0xffffff8e][0xffffffc0][0x1d]qw[0xffffffc4][0xffffffde][0x11]sG[0xfffffff4][0x1d]QwD&[0xffffffa2][0xffffff85]n[0xffffff84]:_&[0xffffffeb][0x1a][0xffffff89]w[0xffffffc4][0xffffffdf][0x11][0xffffffb8]#[0xffffffee][0xffffff8e]d[0xffffff9f]UO[0xffffffcc][0x1d][0xffffffd1]wD[0xffffffdd][0x11]9[0xffffff90][0x10]F[0xffffff80]#[0xfffffff0]#[0xffffff80][0x11][0xffffffb8][0x11][0xffffff8c][0xffffffde][0xffffff86][0xffffffd1][0xffffffd9]0[0xfffffffa][0x1a]FWC[0xfffffff2][0xffffff94][0xffffffde][0xffffff9b][0xe][0xffffff88][0xffffffe3][0xffffffe1][0xfffffff4][0xfffffff1][0xffffffbd]`[0xffffffc5][0x18][0xffffffc3][0xffffffb0][0xe]q[0x4]~[0x4]0[0x2]7[0x2];[0xffffff82][0x14][0xffffff80][0xffffffc6][0xe][0xffffffe8][0x11][0xffffffa4][0x0][0xffffffb4][0xffffffef][0xffffff80][0x1c][0xffffff80][0xf]#[0xffffffc8][0xffffff9e]B[0x7][0xfffffffc][0x8]`[0x4]n[0x4]v[0x4]f[0x4]z[0x4]j[0x4]r[0x0][0x10]F[0xffffff90]=u[0x1d][0xffffffc8][0xffffff9e][0xffffffda][0xe][0xffffffc0][0x8][0xffffffdc][0x8][0xffffffb2][0xffffffa7][0xffffffdd][0xb][0x4]f[0x4][0xffffffd9][0xffffffd3][0xffffffae][0xffffffec]!{[0xffffffda][0x15][0x5][0xffffffc8][0x1][0xffffffb8]0[0x2][0x1c][0xffffff81][0x1f]A[0xfffffff6]Tv[0xffffffc0]1[0xffffffe8][0xffffffbb][0xffffffda][0x1f][0xffffffef][0xfffffff3]y[0xffffffdb][0xfffffff5][0xffffffb2]%[0xffffffd9][0xffffffff][0xffffffa7][0xffffff97][0xffffffe5][0xffffff85][0xffffff97][0xffffffe5][0xfffffff9][0xfffffffa][0xffffffb9]=[0xffffffcf][0xffffffc5]b[0xffffff9d]6v[0xffffffb6][0xfffffffc]c[0xffffffd6]'*[0xffffffeb][0xffffff9f]@[0xffffffdf]ye4[0xfffffff3][0xffffffa4][0xffffffc7][0xffffffb2][0xfffffffe]A[0xfffffffa]`[0x5][0xffffffcf]8[0xffffffc9][0xffffffb1],[0x7f]<[0xffffffbd][0x12][0xffffff8a]4D[0xffffffe5][0xffffffb2][0xffffff97]{[0xffffffd4][0xffffff9d][\n]"
21:51:47.410 [main] DEBUG org.apache.hc.client5.http.wire - http-outgoing-0 << "[0xffffffa7][0x17][0xffffffbc]S{J[0xffffffd7]m[0xffffffe8]5[0xffffffef][0xffffffc4][0x1e]2[0xfffffff5]7R[0xffffffcf]U[\n]"
21:51:47.410 [main] DEBUG org.apache.hc.client5.http.wire - http-outgoing-0 << "[0xffffffbd][0xffffffd0][0xffffffa3][0xffffff83]*v[0xffffffbd][0xffffffce]S[0xffffff9a][0xffffffb1][0xffffffed]e^[0x8][0xffffff95][0xffffff9a]^[0xffffffe4][0xffffff91]2(T[0xfffffff7][0x12]O)^[0xffffffac]z[0xffffff85][0xffffff97][0xffffffc4]S[0xffffffc1][0xffffffb2][0x17]xX[0x3][0xffffffc7][0xffffffd0][0xffffffcb];[0xffffff80]Jq[0xffffffd0]v[0xffffff85][0xfffffffa]^[0xffffffd9][0xffffff91][0xffffff94]-[0x14]z][0xffffffd7]RD][0xffffffe1]F[0xffffffd7][0x15]h;Y[0xffffff87][0xffffffd5]1[0xffffffea][0xe]7[0xffffffa2][0xffffffae]@}[0xffffffab][0xffffffe9][\n]"
21:51:47.411 [main] DEBUG org.apache.hc.client5.http.wire - http-outgoing-0 << "T[0xffffff9d][0xffffffa4]s|[0xffffffbe][0xffffffec][0x14][0x1d][0xffffffbb]J[0xffffffdd][0xffffffe2]F[0xffffffcf][0x15][0xffffff88][0xffffff83][0xffffff9c]+[0xffffffd4]wj[0xffffffce]3[0xffffff84]N[0xffffffcb]a=[0xffffff9e][0xffffffda][0xffffffc7]*[0xffffffe5][0xffffffd8]{j![0xffffffab][0xffffff92][0xffffffa3][0x4]Wj:%[0x7][0xffffffbc][0xffffffa9][0xffffffee][0xffffff84][0x1c][0xffffffd6][0xb][0xffffffa7]~[0xffffffb2][0xffffffea][0xffffffb8]vY[0xffffffd4]TV[0x1d][0xffffff87][0xfffffff5]b[0xffffffa9][0xffffffb1][0xffffffac]2[0xffffff8e]+[0xffffff9a][0xffffff9a]K[0xffffffa7][0xffffffe2]T[\r][0xffffff95]:L/[0xffffffe2][0xffffffea]Y[0xffffffd4]fV[\r][0xffffffe7]yW[0xffffffd7]I8.ej7[0xffffffab][0xffffff80]k[0xffffffc5]I=[0xffffffa7][0x13]p[0xfffffffc][0xffffffaa]Q[0xffffffe3][0xffffffe9][0xfffffff4][;[0xffffffab][0xffffffea][0xffffffae]l[0xffffffb8][0xffffffd0][0x1b]Uu[0x15][0xffffffa3][0xffffff8a][0xffffffae]bT[0xffffffcd]U[0xffffff8c]*[0xffffffb9][0xffffff8a]Q[0x15]W1[0xffffffaa][0xffffffe0]*F[0xffffffd5][[0xffffffc5]PE`[0x15]Cv[0xffffff86]M[0x1e][0xffffffb0][0xffffffc7]6y`[0xffffffea]96y[0xffffffa0]k2,[0x14][0xffffffe3]F[0xffffffa1][0x1d]v[0xffffffe7]%[0xffffffb5][0xffffffa4][0xffffffe9][0xffffff97][0xfffffffd][0xffffffcb][0xffffffdc]5[0xffffffb5][0xffffffb7][0xffffffcb]L[0xffffffe0]?[0xffffffbb][0xffffffda]~[0xfffffffe]6[0x1f][0xffffffd3][0xffffffae][0xffffffe2][0xffffff8d]w[0xffffffc8]-n>=~\6[0xffffff8d]=[0xffffffa6]M6[0xffffffd7]e9^6[0xffffff9f][0xfffffff3][0xffffff97][0xffffffda][0xffffffe5][0x1e][0x12]][0xffffff87]P[0xffffff85][0xffffffd4][0xffffffea][0x15]V[0xffffffca]#[0xffffffa8][0xfffffff2][0xffffffa4][0xffffff90])[0xffffff93][0xffffff85][0xfffffff2][0x0][0xffffffaa][0xffffffbc][0xffffffce][0xffffff85]\([0xffffff8f][0xffffff9f][\n]"
21:51:47.411 [main] DEBUG org.apache.hc.client5.http.wire - http-outgoing-0 << "@[0xffffffa5][0xfffffff1][0xffffffb0]P[0x1e]>[0xffffff95][0xffffffa3][0xfffffffa][0xffffffa0][0xffffffec]e[0xffffffda]FO[0xffffffe5][0x14][\n]"
21:51:47.411 [main] DEBUG org.apache.hc.client5.http.wire - http-outgoing-0 << "_Ok[0xffffff83][0xffffffa7][0xffffffb2]@[0xfffffffb]B[0xffffffa5]<v[0xffffff92]`O[0x1f][0xffffffe5][0x2]y[0xffffffe6]T[0xffffffc6][0xffffffa7]O`[0xffffffa5]<q[0xffffffd2][0xfffffff0]h[0xffffffa8][0xffffff83]U[0xffffffca][0xfffffff3][0xffffffa6][0xffffffd2][0xfffffff4][0xffffffa6]z[0xffffffde][0xffffff81][0xffffffa7]M[0x1a][0xf]l[0xb][0xffffffa2][0xffffff8d][0xffffff9a]JS[0xffffffe1][0xffffff92]|/"
21:51:47.415 [main] DEBUG org.apache.hc.client5.http.wire - http-outgoing-0 << "[0xffffff94][0x7]M[0xffffffa5][0xffffff95]\[0xfffffff7][0xffffffe5]1[0xffffff93][0x14][0xffffffaf]K[0xffffffc3]N[0xffffffa2]<dR[0xffffffeb]O[0xffffff8d][0xffffffa2][0xffffffb0]:b[0xffffffaa][0x14]]M[0xc][0xffffffcf][0xffffff97][0x14][0xffffff9a]n[0xffffffac]N[0xffffff97][0x14][0xffffff83]m[0xffffffac][0xffffffce][0xffffff96][0xffffffe4]U;[0xffffff99]'[0xffffffcb]@=[0xffffffc6][0xffffffa8][0xffffff82][0xffffffea]T[0x19]([0xfffffff5][0xffffffa6][0xffffffae][0xffffffaa]#e[0xffffff90][0xffffffeb][0x1]u[0xffffff9c][0xffffffc4][0xffffffd4][0xffffffe9][0xffffffea][0xffffff83]u[0xffffff94]D[\n]"
21:51:47.415 [main] DEBUG org.apache.hc.client5.http.wire - http-outgoing-0 << "[0xffffffac][0x10][0x1e]#[0xffffffd3][0xffffff8d][0xffffff97][0xffffff8b][0xffffffe1][0x11][0xffffffd2]Sn[0xffffffeb]c<?[0x2][0xffffff84]z%<;[0x2][0xffffff95][0x4][0xffffff94]\[0xfffffff0][0xffffffe0][0xffffffe8]R[0xffffff82][0xffffffeb][0xffffffaa]:5[0xffffffba][0xffffffac]82[0xffffffe1][0xffffff89][0xffffff91]Z[0xffffff83][0xffffffab][0xffffffe7]Q[0xfffffff7]*[0xffffffdd]3[0xffffffb0]O<@[0xffffffd2]w[0xffffffb6]^U[0x1b][0x1e])b[0xffffffaa][0xffffffbb][0xffffffcc][0xffffffda][0xffffffe4][0xffffff98]j[0xffffffb6][0xffffff90]:5j[0xffffffcf][0xffffffa5][0xffffffc3][0x3][0xffffffa3]6[0xffffff8d][0xffffffd4]a1[0xffffffb5][0xffffffc5]J[0xffffffea][0xffffff9c][0xffffffa8][0xc][\r][0xffffffd2][0x5]Y[0x1b][0xffffffdf][0xffffffcf][0xfffffff3][0xffffffe3][0xffffffe1]t[0xffffffb9]n[0xffffff8f][0xffffffc7]y_[0xffffffa0][0xffffff8e][0xffffff90][0xffffffbe][0xffffffec][0xffffffa6][0xffffffd4][0xffffff89]U[0xffffff91]Z[0x18][0xffffffe8]P[0xffffffc2][0xffffffb7]2R[0xffffff9f][0xffffffa4][0xffffffaf]][0xffffffb9][0xf][0xffffff83][0xffffff91]^,kB1uj:t[0xffffffd3]XjDS1[0xffffffa5]K[0xffffffa6][0xffffff9e][0xfffffff4][0xf][0x3][0x1][0xffffffec][0xffffffa6][0xffffffeb][0x12][0x0][0x0]"
21:51:47.417 [main] DEBUG org.apache.hc.client5.http.impl.classic.InternalHttpClient - ep-00000002: releasing valid endpoint
21:51:47.417 [main] DEBUG org.apache.hc.client5.http.impl.io.PoolingHttpClientConnectionManager - ep-00000002: releasing endpoint
21:51:47.417 [main] DEBUG org.apache.hc.client5.http.impl.io.PoolingHttpClientConnectionManager - ep-00000002: connection http-outgoing-0 can be kept alive for 3 MINUTES
21:51:47.417 [main] DEBUG org.apache.hc.client5.http.impl.io.PoolingHttpClientConnectionManager - ep-00000002: connection released [route: {s}->https://raw.githubusercontent.com:443][total available: 1; route allocated: 1 of 5; total allocated: 2 of 25]
21:51:47.421 [main] DEBUG io.github.bonigarcia.wdm.versions.VersionDetector - Driver for chrome117 not found in online properties (using local versions.properties)
21:51:47.424 [main] DEBUG io.github.bonigarcia.wdm.WebDriverManager - The driver version for CHROME 117 is unknown ... trying with latest
21:51:47.430 [main] DEBUG org.apache.hc.client5.http.impl.classic.InternalHttpClient - ex-00000004: preparing request execution
21:51:47.431 [main] DEBUG org.apache.hc.client5.http.protocol.RequestAddCookies - Cookie spec selected: strict
21:51:47.431 [main] DEBUG org.apache.hc.client5.http.protocol.RequestAuthCache - Auth cache not set in the context
21:51:47.431 [main] DEBUG org.apache.hc.client5.http.impl.classic.ProtocolExec - ex-00000004: target auth state: UNCHALLENGED
21:51:47.431 [main] DEBUG org.apache.hc.client5.http.impl.classic.ProtocolExec - ex-00000004: proxy auth state: UNCHALLENGED
21:51:47.431 [main] DEBUG org.apache.hc.client5.http.impl.classic.ConnectExec - ex-00000004: acquiring connection with route {s}->https://chromedriver.storage.googleapis.com:443
21:51:47.431 [main] DEBUG org.apache.hc.client5.http.impl.classic.InternalHttpClient - ex-00000004: acquiring endpoint (3 MINUTES)
21:51:47.431 [main] DEBUG org.apache.hc.client5.http.impl.io.PoolingHttpClientConnectionManager - ex-00000004: endpoint lease request (3 MINUTES) [route: {s}->https://chromedriver.storage.googleapis.com:443][total available: 1; route allocated: 1 of 5; total allocated: 2 of 25]
21:51:47.432 [main] DEBUG org.apache.hc.client5.http.impl.io.PoolingHttpClientConnectionManager - ex-00000004: endpoint leased [route: {s}->https://chromedriver.storage.googleapis.com:443][total available: 1; route allocated: 2 of 5; total allocated: 3 of 25]
21:51:47.432 [main] DEBUG org.apache.hc.client5.http.impl.io.PoolingHttpClientConnectionManager - ex-00000004: acquired ep-00000003
21:51:47.432 [main] DEBUG org.apache.hc.client5.http.impl.classic.InternalHttpClient - ex-00000004: acquired endpoint ep-00000003
21:51:47.432 [main] DEBUG org.apache.hc.client5.http.impl.classic.ConnectExec - ex-00000004: opening connection {s}->https://chromedriver.storage.googleapis.com:443
21:51:47.432 [main] DEBUG org.apache.hc.client5.http.impl.classic.InternalHttpClient - ep-00000003: connecting endpoint (30 SECONDS)
21:51:47.432 [main] DEBUG org.apache.hc.client5.http.impl.io.PoolingHttpClientConnectionManager - ep-00000003: connecting endpoint to https://chromedriver.storage.googleapis.com:443 (30 SECONDS)
21:51:47.433 [main] DEBUG org.apache.hc.client5.http.impl.io.DefaultHttpClientConnectionOperator - http-outgoing-2: connecting to chromedriver.storage.googleapis.com/142.251.223.27:443
21:51:47.434 [main] DEBUG org.apache.hc.client5.http.ssl.SSLConnectionSocketFactory - Connecting socket to chromedriver.storage.googleapis.com/142.251.223.27:443 with timeout 30 SECONDS
21:51:47.457 [main] DEBUG org.apache.hc.client5.http.ssl.SSLConnectionSocketFactory - Enabled protocols: [TLSv1.3, TLSv1.2]
21:51:47.457 [main] DEBUG org.apache.hc.client5.http.ssl.SSLConnectionSocketFactory - Enabled cipher suites: [TLS_AES_256_GCM_SHA384, TLS_AES_128_GCM_SHA256, TLS_CHACHA20_POLY1305_SHA256, TLS_ECDHE_ECDSA_WITH_AES_256_GCM_SHA384, TLS_ECDHE_ECDSA_WITH_AES_128_GCM_SHA256, TLS_ECDHE_ECDSA_WITH_CHACHA20_POLY1305_SHA256, TLS_ECDHE_RSA_WITH_AES_256_GCM_SHA384, TLS_ECDHE_RSA_WITH_CHACHA20_POLY1305_SHA256, TLS_ECDHE_RSA_WITH_AES_128_GCM_SHA256, TLS_DHE_RSA_WITH_AES_256_GCM_SHA384, TLS_DHE_RSA_WITH_CHACHA20_POLY1305_SHA256, TLS_DHE_DSS_WITH_AES_256_GCM_SHA384, TLS_DHE_RSA_WITH_AES_128_GCM_SHA256, TLS_DHE_DSS_WITH_AES_128_GCM_SHA256, TLS_ECDHE_ECDSA_WITH_AES_256_CBC_SHA384, TLS_ECDHE_RSA_WITH_AES_256_CBC_SHA384, TLS_ECDHE_ECDSA_WITH_AES_128_CBC_SHA256, TLS_ECDHE_RSA_WITH_AES_128_CBC_SHA256, TLS_DHE_RSA_WITH_AES_256_CBC_SHA256, TLS_DHE_DSS_WITH_AES_256_CBC_SHA256, TLS_DHE_RSA_WITH_AES_128_CBC_SHA256, TLS_DHE_DSS_WITH_AES_128_CBC_SHA256, TLS_ECDH_ECDSA_WITH_AES_256_GCM_SHA384, TLS_ECDH_RSA_WITH_AES_256_GCM_SHA384, TLS_ECDH_ECDSA_WITH_AES_128_GCM_SHA256, TLS_ECDH_RSA_WITH_AES_128_GCM_SHA256, TLS_ECDH_ECDSA_WITH_AES_256_CBC_SHA384, TLS_ECDH_RSA_WITH_AES_256_CBC_SHA384, TLS_ECDH_ECDSA_WITH_AES_128_CBC_SHA256, TLS_ECDH_RSA_WITH_AES_128_CBC_SHA256, TLS_ECDHE_ECDSA_WITH_AES_256_CBC_SHA, TLS_ECDHE_RSA_WITH_AES_256_CBC_SHA, TLS_ECDHE_ECDSA_WITH_AES_128_CBC_SHA, TLS_ECDHE_RSA_WITH_AES_128_CBC_SHA, TLS_DHE_RSA_WITH_AES_256_CBC_SHA, TLS_DHE_DSS_WITH_AES_256_CBC_SHA, TLS_DHE_RSA_WITH_AES_128_CBC_SHA, TLS_DHE_DSS_WITH_AES_128_CBC_SHA, TLS_ECDH_ECDSA_WITH_AES_256_CBC_SHA, TLS_ECDH_RSA_WITH_AES_256_CBC_SHA, TLS_ECDH_ECDSA_WITH_AES_128_CBC_SHA, TLS_ECDH_RSA_WITH_AES_128_CBC_SHA, TLS_RSA_WITH_AES_256_GCM_SHA384, TLS_RSA_WITH_AES_128_GCM_SHA256, TLS_RSA_WITH_AES_256_CBC_SHA256, TLS_RSA_WITH_AES_128_CBC_SHA256, TLS_RSA_WITH_AES_256_CBC_SHA, TLS_RSA_WITH_AES_128_CBC_SHA, TLS_EMPTY_RENEGOTIATION_INFO_SCSV]
21:51:47.458 [main] DEBUG org.apache.hc.client5.http.ssl.SSLConnectionSocketFactory - Starting handshake
21:51:47.524 [main] DEBUG org.apache.hc.client5.http.ssl.SSLConnectionSocketFactory - Secure session established
21:51:47.524 [main] DEBUG org.apache.hc.client5.http.ssl.SSLConnectionSocketFactory -  negotiated protocol: TLSv1.3
21:51:47.524 [main] DEBUG org.apache.hc.client5.http.ssl.SSLConnectionSocketFactory -  negotiated cipher suite: TLS_AES_256_GCM_SHA384
21:51:47.524 [main] DEBUG org.apache.hc.client5.http.ssl.SSLConnectionSocketFactory -  peer principal: CN=*.storage.googleapis.com
21:51:47.524 [main] DEBUG org.apache.hc.client5.http.ssl.SSLConnectionSocketFactory -  peer alternative names: [*.storage.googleapis.com, *.googleapis.com, commondatastorage.googleapis.com, *.commondatastorage.googleapis.com, storage.googleapis.com, storage-p2.googleapis.com, *.storage-p2.googleapis.com, storage.mtls.googleapis.com, *.appspot.com.storage.googleapis.com, *.content-storage.googleapis.com, *.content-storage-p2.googleapis.com, *.content-storage-upload.googleapis.com, *.content-storage-download.googleapis.com, *.storage-upload.googleapis.com, *.storage-download.googleapis.com]
21:51:47.524 [main] DEBUG org.apache.hc.client5.http.ssl.SSLConnectionSocketFactory -  issuer principal: CN=GTS CA 1C3, O=Google Trust Services LLC, C=US
21:51:47.524 [main] DEBUG org.apache.hc.client5.http.impl.io.DefaultHttpClientConnectionOperator - http-outgoing-2: connection established 192.168.100.42:62205<->142.251.223.27:443
21:51:47.524 [main] DEBUG org.apache.hc.client5.http.impl.io.PoolingHttpClientConnectionManager - ep-00000003: connected http-outgoing-2
21:51:47.524 [main] DEBUG org.apache.hc.client5.http.impl.classic.InternalHttpClient - ep-00000003: endpoint connected
21:51:47.524 [main] DEBUG org.apache.hc.client5.http.impl.classic.MainClientExec - ex-00000004: executing GET /LATEST_RELEASE HTTP/1.1
21:51:47.524 [main] DEBUG org.apache.hc.client5.http.impl.classic.InternalHttpClient - ep-00000003: start execution ex-00000004
21:51:47.524 [main] DEBUG org.apache.hc.client5.http.impl.io.PoolingHttpClientConnectionManager - ep-00000003: executing exchange ex-00000004 over http-outgoing-2
21:51:47.524 [main] DEBUG org.apache.hc.client5.http.headers - http-outgoing-2 >> GET /LATEST_RELEASE HTTP/1.1
21:51:47.524 [main] DEBUG org.apache.hc.client5.http.headers - http-outgoing-2 >> user-agent: Apache-HttpClient/5.0
21:51:47.524 [main] DEBUG org.apache.hc.client5.http.headers - http-outgoing-2 >> accept-encoding: gzip, deflate, br
21:51:47.524 [main] DEBUG org.apache.hc.client5.http.headers - http-outgoing-2 >> cache-control: max-age=0
21:51:47.525 [main] DEBUG org.apache.hc.client5.http.headers - http-outgoing-2 >> connection: keep-alive
21:51:47.525 [main] DEBUG org.apache.hc.client5.http.headers - http-outgoing-2 >> Host: chromedriver.storage.googleapis.com
21:51:47.525 [main] DEBUG org.apache.hc.client5.http.wire - http-outgoing-2 >> "GET /LATEST_RELEASE HTTP/1.1[\r][\n]"
21:51:47.525 [main] DEBUG org.apache.hc.client5.http.wire - http-outgoing-2 >> "user-agent: Apache-HttpClient/5.0[\r][\n]"
21:51:47.525 [main] DEBUG org.apache.hc.client5.http.wire - http-outgoing-2 >> "accept-encoding: gzip, deflate, br[\r][\n]"
21:51:47.525 [main] DEBUG org.apache.hc.client5.http.wire - http-outgoing-2 >> "cache-control: max-age=0[\r][\n]"
21:51:47.525 [main] DEBUG org.apache.hc.client5.http.wire - http-outgoing-2 >> "connection: keep-alive[\r][\n]"
21:51:47.525 [main] DEBUG org.apache.hc.client5.http.wire - http-outgoing-2 >> "Host: chromedriver.storage.googleapis.com[\r][\n]"
21:51:47.525 [main] DEBUG org.apache.hc.client5.http.wire - http-outgoing-2 >> "[\r][\n]"
21:51:47.578 [main] DEBUG org.apache.hc.client5.http.wire - http-outgoing-2 << "HTTP/1.1 200 OK[\r][\n]"
21:51:47.578 [main] DEBUG org.apache.hc.client5.http.wire - http-outgoing-2 << "X-GUploader-UploadID: ADPycdu2SI0-Tfa0cJc1elVCPBHF_UX33M7wxrDU9ocywLgW4JP2TYx50rKx5ZOl3BRM2ol1WGjDHEsD2a0aVd0k0obQuGY2b-XX[\r][\n]"
21:51:47.578 [main] DEBUG org.apache.hc.client5.http.wire - http-outgoing-2 << "x-goog-generation: 1685523462105569[\r][\n]"
21:51:47.578 [main] DEBUG org.apache.hc.client5.http.wire - http-outgoing-2 << "x-goog-metageneration: 1[\r][\n]"
21:51:47.578 [main] DEBUG org.apache.hc.client5.http.wire - http-outgoing-2 << "x-goog-stored-content-encoding: identity[\r][\n]"
21:51:47.578 [main] DEBUG org.apache.hc.client5.http.wire - http-outgoing-2 << "x-goog-stored-content-length: 13[\r][\n]"
21:51:47.578 [main] DEBUG org.apache.hc.client5.http.wire - http-outgoing-2 << "x-goog-hash: crc32c=tVW4TA==[\r][\n]"
21:51:47.578 [main] DEBUG org.apache.hc.client5.http.wire - http-outgoing-2 << "x-goog-hash: md5=NoaEuIlBlniwTkiZ1T16sA==[\r][\n]"
21:51:47.578 [main] DEBUG org.apache.hc.client5.http.wire - http-outgoing-2 << "x-goog-storage-class: STANDARD[\r][\n]"
21:51:47.578 [main] DEBUG org.apache.hc.client5.http.wire - http-outgoing-2 << "Accept-Ranges: bytes[\r][\n]"
21:51:47.578 [main] DEBUG org.apache.hc.client5.http.wire - http-outgoing-2 << "Content-Length: 13[\r][\n]"
21:51:47.578 [main] DEBUG org.apache.hc.client5.http.wire - http-outgoing-2 << "Server: UploadServer[\r][\n]"
21:51:47.578 [main] DEBUG org.apache.hc.client5.http.wire - http-outgoing-2 << "Date: Thu, 05 Oct 2023 14:28:12 GMT[\r][\n]"
21:51:47.578 [main] DEBUG org.apache.hc.client5.http.wire - http-outgoing-2 << "Expires: Thu, 05 Oct 2023 15:28:12 GMT[\r][\n]"
21:51:47.578 [main] DEBUG org.apache.hc.client5.http.wire - http-outgoing-2 << "Cache-Control: public, max-age=3600[\r][\n]"
21:51:47.578 [main] DEBUG org.apache.hc.client5.http.wire - http-outgoing-2 << "Age: 1416[\r][\n]"
21:51:47.578 [main] DEBUG org.apache.hc.client5.http.wire - http-outgoing-2 << "Last-Modified: Wed, 31 May 2023 08:57:42 GMT[\r][\n]"
21:51:47.578 [main] DEBUG org.apache.hc.client5.http.wire - http-outgoing-2 << "ETag: "368684b889419678b04e4899d53d7ab0"[\r][\n]"
21:51:47.578 [main] DEBUG org.apache.hc.client5.http.wire - http-outgoing-2 << "Content-Type: text/plain[\r][\n]"
21:51:47.578 [main] DEBUG org.apache.hc.client5.http.wire - http-outgoing-2 << "Alt-Svc: h3=":443"; ma=2592000,h3-29=":443"; ma=2592000[\r][\n]"
21:51:47.578 [main] DEBUG org.apache.hc.client5.http.wire - http-outgoing-2 << "[\r][\n]"
21:51:47.578 [main] DEBUG org.apache.hc.client5.http.wire - http-outgoing-2 << "114.0.5735.90"
21:51:47.579 [main] DEBUG org.apache.hc.client5.http.headers - http-outgoing-2 << HTTP/1.1 200 OK
21:51:47.579 [main] DEBUG org.apache.hc.client5.http.headers - http-outgoing-2 << X-GUploader-UploadID: ADPycdu2SI0-Tfa0cJc1elVCPBHF_UX33M7wxrDU9ocywLgW4JP2TYx50rKx5ZOl3BRM2ol1WGjDHEsD2a0aVd0k0obQuGY2b-XX
21:51:47.579 [main] DEBUG org.apache.hc.client5.http.headers - http-outgoing-2 << x-goog-generation: 1685523462105569
21:51:47.579 [main] DEBUG org.apache.hc.client5.http.headers - http-outgoing-2 << x-goog-metageneration: 1
21:51:47.579 [main] DEBUG org.apache.hc.client5.http.headers - http-outgoing-2 << x-goog-stored-content-encoding: identity
21:51:47.579 [main] DEBUG org.apache.hc.client5.http.headers - http-outgoing-2 << x-goog-stored-content-length: 13
21:51:47.579 [main] DEBUG org.apache.hc.client5.http.headers - http-outgoing-2 << x-goog-hash: crc32c=tVW4TA==
21:51:47.579 [main] DEBUG org.apache.hc.client5.http.headers - http-outgoing-2 << x-goog-hash: md5=NoaEuIlBlniwTkiZ1T16sA==
21:51:47.579 [main] DEBUG org.apache.hc.client5.http.headers - http-outgoing-2 << x-goog-storage-class: STANDARD
21:51:47.579 [main] DEBUG org.apache.hc.client5.http.headers - http-outgoing-2 << Accept-Ranges: bytes
21:51:47.579 [main] DEBUG org.apache.hc.client5.http.headers - http-outgoing-2 << Content-Length: 13
21:51:47.579 [main] DEBUG org.apache.hc.client5.http.headers - http-outgoing-2 << Server: UploadServer
21:51:47.579 [main] DEBUG org.apache.hc.client5.http.headers - http-outgoing-2 << Date: Thu, 05 Oct 2023 14:28:12 GMT
21:51:47.579 [main] DEBUG org.apache.hc.client5.http.headers - http-outgoing-2 << Expires: Thu, 05 Oct 2023 15:28:12 GMT
21:51:47.579 [main] DEBUG org.apache.hc.client5.http.headers - http-outgoing-2 << Cache-Control: public, max-age=3600
21:51:47.580 [main] DEBUG org.apache.hc.client5.http.headers - http-outgoing-2 << Age: 1416
21:51:47.580 [main] DEBUG org.apache.hc.client5.http.headers - http-outgoing-2 << Last-Modified: Wed, 31 May 2023 08:57:42 GMT
21:51:47.580 [main] DEBUG org.apache.hc.client5.http.headers - http-outgoing-2 << ETag: "368684b889419678b04e4899d53d7ab0"
21:51:47.580 [main] DEBUG org.apache.hc.client5.http.headers - http-outgoing-2 << Content-Type: text/plain
21:51:47.580 [main] DEBUG org.apache.hc.client5.http.headers - http-outgoing-2 << Alt-Svc: h3=":443"; ma=2592000,h3-29=":443"; ma=2592000
21:51:47.580 [main] DEBUG org.apache.hc.client5.http.impl.classic.MainClientExec - ex-00000004: connection can be kept alive for 3 MINUTES
21:51:47.580 [main] DEBUG org.apache.hc.client5.http.impl.classic.InternalHttpClient - ep-00000003: releasing valid endpoint
21:51:47.580 [main] DEBUG org.apache.hc.client5.http.impl.io.PoolingHttpClientConnectionManager - ep-00000003: releasing endpoint
21:51:47.580 [main] DEBUG org.apache.hc.client5.http.impl.io.PoolingHttpClientConnectionManager - ep-00000003: connection http-outgoing-2 can be kept alive for 3 MINUTES
21:51:47.580 [main] DEBUG org.apache.hc.client5.http.impl.io.PoolingHttpClientConnectionManager - ep-00000003: connection released [route: {s}->https://chromedriver.storage.googleapis.com:443][total available: 2; route allocated: 2 of 5; total allocated: 3 of 25]
21:51:47.580 [main] DEBUG io.github.bonigarcia.wdm.versions.VersionDetector - Latest version of chromedriver according to https://chromedriver.storage.googleapis.com/LATEST_RELEASE is 114.0.5735.90
21:51:47.587 [main] DEBUG io.github.bonigarcia.wdm.WebDriverManager - Driver chromedriver 114.0.5735.90 found in cache
21:51:47.589 [main] INFO io.github.bonigarcia.wdm.WebDriverManager - Exporting webdriver.chrome.driver as C:\Users\Bagas Dwi Saputra\.cache\selenium\chromedriver\win32\114.0.5735.90\chromedriver.exe
21:51:48.178 [main] DEBUG net.thucydides.core.reflection.ClassFinder - Could not load class net.serenitybdd.rest.utils.RestSpecificationFactory
21:51:48.469 [main] DEBUG net.thucydides.core.reflection.ClassFinder - Could not load class net.serenitybdd.rest.utils.RestSpecificationFactory
21:51:48.472 [main] INFO net.serenitybdd.core.webdriver.driverproviders.ProvideNewDriver - Instantiating driver
21:51:48.472 [main] INFO net.serenitybdd.core.webdriver.driverproviders.ProvideNewDriver - Driver capabilities: Capabilities {acceptInsecureCerts: false, base.url: https://app.jubelio.com, browserName: chrome, chrome.driver: src/test/resources/webdrive..., driver: chrome, goog:chromeOptions: {args: [], extensions: []}, loggingPrefs: org.openqa.selenium.logging...}
21:51:50.009 [main] DEBUG net.thucydides.core.reflection.ClassFinder - Could not load class net.serenitybdd.rest.utils.RestSpecificationFactory
21:51:52.470 [main] DEBUG net.serenitybdd.core.photography.Darkroom - Opening darkroom
21:51:52.493 [Darkroom Processing Line] DEBUG net.serenitybdd.core.photography.DarkroomProcessingLine - Darkroom processing line starting up
21:51:52.902 [main] DEBUG net.serenitybdd.core.photography.Darkroom - Send negative for processing for target\site\serenity\f05427e2f53ac8e85f85f1bbc481385d3d272bf91780dd0e2b264eefbb918de2.png
21:51:52.905 [Darkroom Processing Line] DEBUG net.serenitybdd.core.photography.DarkroomProcessingLine - Processing screenshot image in /var/screenshots/screenshot-15385821520222896569
21:51:52.906 [Darkroom Processing Line] DEBUG net.serenitybdd.core.photography.DarkroomProcessingLine - Saving screenshot to target\site\serenity\f05427e2f53ac8e85f85f1bbc481385d3d272bf91780dd0e2b264eefbb918de2.png
21:51:52.909 [main] DEBUG net.thucydides.core.steps.StepInterceptor - STEP DONE: openLink
21:51:52.935 [main] DEBUG net.thucydides.core.steps.StepInterceptor - STARTING STEP: InventoryStockSteps.loginClickButtonLogin - fills in the {string} with valid data email
21:51:53.277 [main] DEBUG net.serenitybdd.core.photography.Darkroom - Send negative for processing for target\site\serenity\29d3e9f166cf597135c97994c9ce45464a7cb63e7c1b11511a227ba5e21a0a13.png
21:51:53.277 [main] DEBUG net.thucydides.core.steps.StepInterceptor - STEP DONE: fills in the {string} with valid data email
21:51:53.277 [Darkroom Processing Line] DEBUG net.serenitybdd.core.photography.DarkroomProcessingLine - Processing screenshot image in /var/screenshots/screenshot-344882540940707759
21:51:53.278 [Darkroom Processing Line] DEBUG net.serenitybdd.core.photography.DarkroomProcessingLine - Saving screenshot to target\site\serenity\29d3e9f166cf597135c97994c9ce45464a7cb63e7c1b11511a227ba5e21a0a13.png
[...]
21:53:19.111 [main] DEBUG org.apache.hc.client5.http.headers - http-outgoing-17 >> GET /LATEST_RELEASE HTTP/1.1
21:53:19.111 [main] DEBUG org.apache.hc.client5.http.headers - http-outgoing-17 >> user-agent: Apache-HttpClient/5.0
21:53:19.111 [main] DEBUG org.apache.hc.client5.http.headers - http-outgoing-17 >> accept-encoding: gzip, deflate, br
21:53:19.111 [main] DEBUG org.apache.hc.client5.http.headers - http-outgoing-17 >> cache-control: max-age=0
21:53:19.111 [main] DEBUG org.apache.hc.client5.http.headers - http-outgoing-17 >> connection: keep-alive
21:53:19.111 [main] DEBUG org.apache.hc.client5.http.headers - http-outgoing-17 >> Host: chromedriver.storage.googleapis.com
21:53:19.111 [main] DEBUG org.apache.hc.client5.http.wire - http-outgoing-17 >> "GET /LATEST_RELEASE HTTP/1.1[\r][\n]"
21:53:19.111 [main] DEBUG org.apache.hc.client5.http.wire - http-outgoing-17 >> "user-agent: Apache-HttpClient/5.0[\r][\n]"
21:53:19.111 [main] DEBUG org.apache.hc.client5.http.wire - http-outgoing-17 >> "accept-encoding: gzip, deflate, br[\r][\n]"
21:53:19.111 [main] DEBUG org.apache.hc.client5.http.wire - http-outgoing-17 >> "cache-control: max-age=0[\r][\n]"
21:53:19.111 [main] DEBUG org.apache.hc.client5.http.wire - http-outgoing-17 >> "connection: keep-alive[\r][\n]"
21:53:19.111 [main] DEBUG org.apache.hc.client5.http.wire - http-outgoing-17 >> "Host: chromedriver.storage.googleapis.com[\r][\n]"
21:53:19.111 [main] DEBUG org.apache.hc.client5.http.wire - http-outgoing-17 >> "[\r][\n]"
21:53:19.152 [main] DEBUG org.apache.hc.client5.http.wire - http-outgoing-17 << "HTTP/1.1 200 OK[\r][\n]"
21:53:19.152 [main] DEBUG org.apache.hc.client5.http.wire - http-outgoing-17 << "X-GUploader-UploadID: ADPycdvLSkoryVPjL0beTG0wav98L2H9zwURtJFeXPSHDbPFHDEl3pCFiswOuBsO955fz5j5u7C8u8u62P14JOaTgCsjjQllP3zs[\r][\n]"
21:53:19.152 [main] DEBUG org.apache.hc.client5.http.wire - http-outgoing-17 << "x-goog-generation: 1685523462105569[\r][\n]"
21:53:19.152 [main] DEBUG org.apache.hc.client5.http.wire - http-outgoing-17 << "x-goog-metageneration: 1[\r][\n]"
21:53:19.152 [main] DEBUG org.apache.hc.client5.http.wire - http-outgoing-17 << "x-goog-stored-content-encoding: identity[\r][\n]"
21:53:19.152 [main] DEBUG org.apache.hc.client5.http.wire - http-outgoing-17 << "x-goog-stored-content-length: 13[\r][\n]"
21:53:19.152 [main] DEBUG org.apache.hc.client5.http.wire - http-outgoing-17 << "x-goog-hash: crc32c=tVW4TA==[\r][\n]"
21:53:19.152 [main] DEBUG org.apache.hc.client5.http.wire - http-outgoing-17 << "x-goog-hash: md5=NoaEuIlBlniwTkiZ1T16sA==[\r][\n]"
21:53:19.152 [main] DEBUG org.apache.hc.client5.http.wire - http-outgoing-17 << "x-goog-storage-class: STANDARD[\r][\n]"
21:53:19.152 [main] DEBUG org.apache.hc.client5.http.wire - http-outgoing-17 << "Accept-Ranges: bytes[\r][\n]"
21:53:19.152 [main] DEBUG org.apache.hc.client5.http.wire - http-outgoing-17 << "Content-Length: 13[\r][\n]"
21:53:19.152 [main] DEBUG org.apache.hc.client5.http.wire - http-outgoing-17 << "Server: UploadServer[\r][\n]"
21:53:19.152 [main] DEBUG org.apache.hc.client5.http.wire - http-outgoing-17 << "Date: Thu, 05 Oct 2023 14:04:14 GMT[\r][\n]"
21:53:19.152 [main] DEBUG org.apache.hc.client5.http.wire - http-outgoing-17 << "Expires: Thu, 05 Oct 2023 15:04:14 GMT[\r][\n]"
21:53:19.152 [main] DEBUG org.apache.hc.client5.http.wire - http-outgoing-17 << "Cache-Control: public, max-age=3600[\r][\n]"
21:53:19.152 [main] DEBUG org.apache.hc.client5.http.wire - http-outgoing-17 << "Age: 2945[\r][\n]"
21:53:19.152 [main] DEBUG org.apache.hc.client5.http.wire - http-outgoing-17 << "Last-Modified: Wed, 31 May 2023 08:57:42 GMT[\r][\n]"
21:53:19.152 [main] DEBUG org.apache.hc.client5.http.wire - http-outgoing-17 << "ETag: "368684b889419678b04e4899d53d7ab0"[\r][\n]"
21:53:19.152 [main] DEBUG org.apache.hc.client5.http.wire - http-outgoing-17 << "Content-Type: text/plain[\r][\n]"
21:53:19.152 [main] DEBUG org.apache.hc.client5.http.wire - http-outgoing-17 << "Alt-Svc: h3=":443"; ma=2592000,h3-29=":443"; ma=2592000[\r][\n]"
21:53:19.152 [main] DEBUG org.apache.hc.client5.http.wire - http-outgoing-17 << "[\r][\n]"
21:53:19.152 [main] DEBUG org.apache.hc.client5.http.wire - http-outgoing-17 << "114.0.5735.90"
21:53:19.152 [main] DEBUG org.apache.hc.client5.http.headers - http-outgoing-17 << HTTP/1.1 200 OK
21:53:19.152 [main] DEBUG org.apache.hc.client5.http.headers - http-outgoing-17 << X-GUploader-UploadID: ADPycdvLSkoryVPjL0beTG0wav98L2H9zwURtJFeXPSHDbPFHDEl3pCFiswOuBsO955fz5j5u7C8u8u62P14JOaTgCsjjQllP3zs
21:53:19.152 [main] DEBUG org.apache.hc.client5.http.headers - http-outgoing-17 << x-goog-generation: 1685523462105569
21:53:19.152 [main] DEBUG org.apache.hc.client5.http.headers - http-outgoing-17 << x-goog-metageneration: 1
21:53:19.152 [main] DEBUG org.apache.hc.client5.http.headers - http-outgoing-17 << x-goog-stored-content-encoding: identity
21:53:19.152 [main] DEBUG org.apache.hc.client5.http.headers - http-outgoing-17 << x-goog-stored-content-length: 13
21:53:19.152 [main] DEBUG org.apache.hc.client5.http.headers - http-outgoing-17 << x-goog-hash: crc32c=tVW4TA==
21:53:19.152 [main] DEBUG org.apache.hc.client5.http.headers - http-outgoing-17 << x-goog-hash: md5=NoaEuIlBlniwTkiZ1T16sA==
21:53:19.152 [main] DEBUG org.apache.hc.client5.http.headers - http-outgoing-17 << x-goog-storage-class: STANDARD
21:53:19.152 [main] DEBUG org.apache.hc.client5.http.headers - http-outgoing-17 << Accept-Ranges: bytes
21:53:19.152 [main] DEBUG org.apache.hc.client5.http.headers - http-outgoing-17 << Content-Length: 13
21:53:19.152 [main] DEBUG org.apache.hc.client5.http.headers - http-outgoing-17 << Server: UploadServer
21:53:19.152 [main] DEBUG org.apache.hc.client5.http.headers - http-outgoing-17 << Date: Thu, 05 Oct 2023 14:04:14 GMT
21:53:19.152 [main] DEBUG org.apache.hc.client5.http.headers - http-outgoing-17 << Expires: Thu, 05 Oct 2023 15:04:14 GMT
21:53:19.152 [main] DEBUG org.apache.hc.client5.http.headers - http-outgoing-17 << Cache-Control: public, max-age=3600
21:53:19.152 [main] DEBUG org.apache.hc.client5.http.headers - http-outgoing-17 << Age: 2945
21:53:19.152 [main] DEBUG org.apache.hc.client5.http.headers - http-outgoing-17 << Last-Modified: Wed, 31 May 2023 08:57:42 GMT
21:53:19.152 [main] DEBUG org.apache.hc.client5.http.headers - http-outgoing-17 << ETag: "368684b889419678b04e4899d53d7ab0"
21:53:19.152 [main] DEBUG org.apache.hc.client5.http.headers - http-outgoing-17 << Content-Type: text/plain
21:53:19.152 [main] DEBUG org.apache.hc.client5.http.headers - http-outgoing-17 << Alt-Svc: h3=":443"; ma=2592000,h3-29=":443"; ma=2592000
21:53:19.152 [main] DEBUG org.apache.hc.client5.http.impl.classic.MainClientExec - ex-00000018: connection can be kept alive for 3 MINUTES
21:53:19.153 [main] DEBUG org.apache.hc.client5.http.impl.classic.InternalHttpClient - ep-00000017: releasing valid endpoint
21:53:19.153 [main] DEBUG org.apache.hc.client5.http.impl.io.PoolingHttpClientConnectionManager - ep-00000017: releasing endpoint
21:53:19.153 [main] DEBUG org.apache.hc.client5.http.impl.io.PoolingHttpClientConnectionManager - ep-00000017: connection http-outgoing-17 can be kept alive for 3 MINUTES
21:53:19.153 [main] DEBUG org.apache.hc.client5.http.impl.io.PoolingHttpClientConnectionManager - ep-00000017: connection released [route: {s}->https://chromedriver.storage.googleapis.com:443][total available: 2; route allocated: 2 of 5; total allocated: 3 of 25]
21:53:19.153 [main] DEBUG io.github.bonigarcia.wdm.versions.VersionDetector - Latest version of chromedriver according to https://chromedriver.storage.googleapis.com/LATEST_RELEASE is 114.0.5735.90
21:53:19.155 [main] DEBUG io.github.bonigarcia.wdm.WebDriverManager - Driver chromedriver 114.0.5735.90 found in cache
21:53:19.156 [main] INFO io.github.bonigarcia.wdm.WebDriverManager - Exporting webdriver.chrome.driver as C:\Users\Bagas Dwi Saputra\.cache\selenium\chromedriver\win32\114.0.5735.90\chromedriver.exe
21:53:19.307 [main] DEBUG net.thucydides.core.reflection.ClassFinder - Could not load class net.serenitybdd.rest.utils.RestSpecificationFactory
21:53:19.469 [main] DEBUG net.thucydides.core.reflection.ClassFinder - Could not load class net.serenitybdd.rest.utils.RestSpecificationFactory
21:53:19.471 [main] INFO net.serenitybdd.core.webdriver.driverproviders.ProvideNewDriver - Instantiating driver
21:53:19.471 [main] INFO net.serenitybdd.core.webdriver.driverproviders.ProvideNewDriver - Driver capabilities: Capabilities {acceptInsecureCerts: false, base.url: https://app.jubelio.com, browserName: chrome, chrome.driver: src/test/resources/webdrive..., driver: chrome, goog:chromeOptions: {args: [], extensions: []}, loggingPrefs: org.openqa.selenium.logging...}
21:53:20.532 [main] DEBUG net.thucydides.core.reflection.ClassFinder - Could not load class net.serenitybdd.rest.utils.RestSpecificationFactory
21:53:23.535 [main] DEBUG net.serenitybdd.core.photography.Darkroom - Send negative for processing for target\site\serenity\4cc97b387fb82cfc136ff103deed3ff15904afea0e81e8a8130786ef5a9430f4.png
21:53:23.535 [main] DEBUG net.thucydides.core.steps.StepInterceptor - STEP DONE: openLink
21:53:23.540 [main] DEBUG net.thucydides.core.steps.StepInterceptor - STARTING STEP: InventoryStockSteps.loginClickButtonLogin - fills in the {string} with valid data email
21:53:23.830 [main] DEBUG net.serenitybdd.core.photography.Darkroom - Send negative for processing for target\site\serenity\29d3e9f166cf597135c97994c9ce45464a7cb63e7c1b11511a227ba5e21a0a13.png
21:53:23.830 [main] DEBUG net.thucydides.core.steps.StepInterceptor - STEP DONE: fills in the {string} with valid data email
21:53:23.833 [main] DEBUG net.thucydides.core.steps.StepInterceptor - STARTING STEP: InventoryStockSteps.loginClickButtonLogin - fill in the {string} with valid data pass
21:53:24.234 [main] DEBUG net.serenitybdd.core.photography.Darkroom - Send negative for processing for target\site\serenity\fb8b5b9e823e22de996cfe4c54d002502501e0f7f9356305a01fd68e180899cd.png
21:53:24.234 [main] DEBUG net.thucydides.core.steps.StepInterceptor - STEP DONE: fill in the {string} with valid data pass
21:53:24.235 [Darkroom Processing Line] DEBUG net.serenitybdd.core.photography.DarkroomProcessingLine - Processing screenshot image in /var/screenshots/screenshot-12203205321464871690
21:53:24.235 [Darkroom Processing Line] DEBUG net.serenitybdd.core.photography.DarkroomProcessingLine - Saving screenshot to target\site\serenity\fb8b5b9e823e22de996cfe4c54d002502501e0f7f9356305a01fd68e180899cd.png
21:53:24.238 [main] DEBUG net.thucydides.core.steps.StepInterceptor - STARTING STEP: InventoryStockSteps.loginClickButtonLogin - clickbtnlogin
21:53:24.777 [main] DEBUG net.serenitybdd.core.photography.Darkroom - Send negative for processing for target\site\serenity\ee455e062e4a8c74c1b3ec74c61fd785bac3e988321c0692a9638c4453ae4a9e.png
21:53:24.777 [main] DEBUG net.thucydides.core.steps.StepInterceptor - STEP DONE: clickbtnlogin
21:53:24.777 [Darkroom Processing Line] DEBUG net.serenitybdd.core.photography.DarkroomProcessingLine - Processing screenshot image in /var/screenshots/screenshot-4158938895534627055
21:53:24.778 [Darkroom Processing Line] DEBUG net.serenitybdd.core.photography.DarkroomProcessingLine - Saving screenshot to target\site\serenity\ee455e062e4a8c74c1b3ec74c61fd785bac3e988321c0692a9638c4453ae4a9e.png
21:53:27.868 [main] DEBUG net.serenitybdd.core.photography.Darkroom - Send negative for processing for target\site\serenity\32028730d6617cbaf4be8a3a222b15af4c3642cbbbed6c786edb05d6cdf1a6ef.png
21:53:27.869 [main] DEBUG net.thucydides.core.steps.StepInterceptor - STARTING STEP: InventoryStockSteps.loginClickButtonLogin - openUrlInventory
21:53:29.986 [main] DEBUG net.serenitybdd.core.photography.Darkroom - Send negative for processing for target\site\serenity\18aa7301e064ab35ef8feb111167731249a63d3cf986334d702b2be7e613fb46.png
21:53:29.986 [main] DEBUG net.thucydides.core.steps.StepInterceptor - STEP DONE: openUrlInventory
  &amp#27;[32mGiven &amp#27;[0m&amp#27;[32mLogin &amp#27;[0m&amp#27;[32m&amp#27;[1m"qa.rakamin.jubelio@gmail.com"&amp#27;[0m&amp#27;[32m, &amp#27;[0m&amp#27;[32m&amp#27;[1m"Jubelio123!"&amp#27;[0m&amp#27;[32m, click button login&amp#27;[0m &amp#27;[90m# starter.stepdefinitios.InventoryStockSteps.loginClickButtonLogin(java.lang.String,java.lang.String)&amp#27;[0m
21:53:30.313 [main] DEBUG net.serenitybdd.core.photography.Darkroom - Send negative for processing for target\site\serenity\18aa7301e064ab35ef8feb111167731249a63d3cf986334d702b2be7e613fb46.png
21:53:30.917 [main] DEBUG net.serenitybdd.core.photography.Darkroom - Send negative for processing for target\site\serenity\18aa7301e064ab35ef8feb111167731249a63d3cf986334d702b2be7e613fb46.png
21:53:30.918 [main] DEBUG net.thucydides.core.steps.StepInterceptor - STARTING STEP: InventoryStockSteps.fillsInTheWithValidDataEmail - validatePagePersedian
21:53:30.953 [main] DEBUG net.thucydides.core.steps.StepInterceptor - STEP DONE: validatePagePersedian
21:53:31.219 [main] DEBUG net.serenitybdd.core.photography.Darkroom - Send negative for processing for target\site\serenity\18aa7301e064ab35ef8feb111167731249a63d3cf986334d702b2be7e613fb46.png
21:53:31.220 [main] DEBUG net.thucydides.core.steps.StepInterceptor - STARTING STEP: InventoryStockSteps.fillsInTheWithValidDataEmail - btnPenyesuaianPersedian
21:53:31.526 [main] DEBUG net.serenitybdd.core.photography.Darkroom - Send negative for processing for target\site\serenity\73f2a0be874a11fb5a46987bb571b74e9f9c82bc1e6c2280eb4ba688631eb8dd.png
21:53:31.526 [main] DEBUG net.thucydides.core.steps.StepInterceptor - STEP DONE: btnPenyesuaianPersedian
  &amp#27;[32mAnd &amp#27;[0m&amp#27;[32man inventory adjustment button click&amp#27;[0m                                      &amp#27;[90m# starter.stepdefinitios.InventoryStockSteps.fillsInTheWithValidDataEmail()&amp#27;[0m
21:53:31.526 [Darkroom Processing Line] DEBUG net.serenitybdd.core.photography.DarkroomProcessingLine - Processing screenshot image in /var/screenshots/screenshot-12347318573875092562
21:53:31.526 [Darkroom Processing Line] DEBUG net.serenitybdd.core.photography.DarkroomProcessingLine - Saving screenshot to target\site\serenity\73f2a0be874a11fb5a46987bb571b74e9f9c82bc1e6c2280eb4ba688631eb8dd.png
21:53:32.166 [main] DEBUG net.serenitybdd.core.photography.Darkroom - Send negative for processing for target\site\serenity\23224668ac0c5663a6d39ccaa81712d69b7ce022f1e0e6b04dae1dca31370dac.png
21:53:32.167 [main] DEBUG net.thucydides.core.steps.StepInterceptor - STARTING STEP: InventoryStockSteps.validateTheInventoryAdjustmentPage - validatePenyesuaianPersediaa
21:53:32.193 [main] DEBUG net.thucydides.core.steps.StepInterceptor - STEP DONE: validatePenyesuaianPersediaa
  &amp#27;[32mAnd &amp#27;[0m&amp#27;[32mvalidate the inventory adjustment page&amp#27;[0m                                    &amp#27;[90m# starter.stepdefinitios.InventoryStockSteps.validateTheInventoryAdjustmentPage()&amp#27;[0m
21:53:32.453 [main] DEBUG net.serenitybdd.core.photography.Darkroom - Send negative for processing for target\site\serenity\23224668ac0c5663a6d39ccaa81712d69b7ce022f1e0e6b04dae1dca31370dac.png
21:53:32.454 [main] DEBUG net.thucydides.core.steps.StepInterceptor - STARTING STEP: InventoryStockSteps.click - btnLokasi
21:53:32.661 [main] DEBUG net.serenitybdd.core.photography.Darkroom - Send negative for processing for target\site\serenity\ffb9bfd3daa1394b62066e0e542acd4926d5448f4d8383464000c7cf23161974.png
21:53:32.662 [main] DEBUG net.thucydides.core.steps.StepInterceptor - STEP DONE: btnLokasi
21:53:32.927 [main] DEBUG net.serenitybdd.core.photography.Darkroom - Send negative for processing for target\site\serenity\ffb9bfd3daa1394b62066e0e542acd4926d5448f4d8383464000c7cf23161974.png
21:53:32.927 [main] DEBUG net.thucydides.core.steps.StepInterceptor - STARTING STEP: InventoryStockSteps.click - btnVarisi
21:53:33.095 [main] DEBUG net.serenitybdd.core.photography.Darkroom - Send negative for processing for target\site\serenity\23224668ac0c5663a6d39ccaa81712d69b7ce022f1e0e6b04dae1dca31370dac.png
21:53:33.095 [main] DEBUG net.thucydides.core.steps.StepInterceptor - STEP DONE: btnVarisi
  &amp#27;[32mAnd &amp#27;[0m&amp#27;[32mclick &amp#27;[0m&amp#27;[32m&amp#27;[1m"Pusat"&amp#27;[0m                                                             &amp#27;[90m# starter.stepdefinitios.InventoryStockSteps.click(java.lang.String)&amp#27;[0m
21:53:33.104 [main] DEBUG net.thucydides.core.steps.StepInterceptor - STARTING STEP: InventoryStockSteps.youDeteleItem - btnPilihBarang
21:53:33.451 [main] DEBUG net.serenitybdd.core.photography.Darkroom - Send negative for processing for target\site\serenity\89f155c34cc2d84972784f9f9d9a4f4a4d417e1eb586cfb2775905cc8c901374.png
21:53:33.451 [main] DEBUG net.thucydides.core.steps.StepInterceptor - STEP DONE: btnPilihBarang
21:53:33.711 [main] DEBUG net.serenitybdd.core.photography.Darkroom - Send negative for processing for target\site\serenity\9311a53bc487a0fc8bc45603cf1ae1d791425fc180db490005060165b955c6fd.png
21:53:33.711 [main] DEBUG net.thucydides.core.steps.StepInterceptor - STARTING STEP: InventoryStockSteps.youDeteleItem - btnBarang
21:53:34.336 [main] DEBUG net.serenitybdd.core.photography.Darkroom - Send negative for processing for target\site\serenity\cb66d2d166d669c8bf9f230684124852a1d2c3b9f7b46db062bca14d3b92f1be.png
21:53:34.336 [main] DEBUG net.thucydides.core.steps.StepInterceptor - STEP DONE: btnBarang
21:53:34.587 [main] DEBUG net.serenitybdd.core.photography.Darkroom - Send negative for processing for target\site\serenity\cb66d2d166d669c8bf9f230684124852a1d2c3b9f7b46db062bca14d3b92f1be.png
21:53:34.587 [main] DEBUG net.thucydides.core.steps.StepInterceptor - STARTING STEP: InventoryStockSteps.youDeteleItem - btnCheckbox
21:53:34.872 [main] DEBUG net.serenitybdd.core.photography.Darkroom - Send negative for processing for target\site\serenity\b298ace6f420cbd842b35f54bff5d16dd9cc7973366c933cab37ae04bc68c423.png
21:53:34.873 [main] DEBUG net.thucydides.core.steps.StepInterceptor - STEP DONE: btnCheckbox
21:53:35.148 [main] DEBUG net.serenitybdd.core.photography.Darkroom - Send negative for processing for target\site\serenity\b298ace6f420cbd842b35f54bff5d16dd9cc7973366c933cab37ae04bc68c423.png
21:53:35.148 [main] DEBUG net.thucydides.core.steps.StepInterceptor - STARTING STEP: InventoryStockSteps.youDeteleItem - btnDelete
21:53:35.480 [main] DEBUG net.serenitybdd.core.photography.Darkroom - Send negative for processing for target\site\serenity\9b44f8b646287d6a3251ca0a43ad268a9967f8968f24d36fd78f253f5827a9d7.png
21:53:35.480 [main] DEBUG net.thucydides.core.steps.StepInterceptor - STEP DONE: btnDelete
  &amp#27;[32mWhen &amp#27;[0m&amp#27;[32myou detele item &amp#27;[0m&amp#27;[32m&amp#27;[1m"Close"&amp#27;[0m                                                  &amp#27;[90m# starter.stepdefinitios.InventoryStockSteps.youDeteleItem(java.lang.String)&amp#27;[0m
21:53:35.490 [main] DEBUG net.thucydides.core.steps.StepInterceptor - STARTING STEP: InventoryStockSteps.validateTheNameEmpty - validatePilihBarang
21:53:35.513 [main] DEBUG net.thucydides.core.steps.StepInterceptor - STEP DONE: validatePilihBarang
  &amp#27;[32mThen &amp#27;[0m&amp#27;[32mvalidate the name empty&amp#27;[0m                                                  &amp#27;[90m# starter.stepdefinitios.InventoryStockSteps.validateTheNameEmpty()&amp#27;[0m
]]></system-out>
    <system-err><![CDATA[Starting ChromeDriver 117.0.5938.88 (be6afae4721209be42944bbcd325665f9f44563b-refs/branch-heads/5938_62@{#9}) on port 19179
Only local connections are allowed.
Please see https://chromedriver.chromium.org/security-considerations for suggestions on keeping ChromeDriver safe.
ChromeDriver was started successfully.
Oct 05, 2023 9:53:20 PM org.openqa.selenium.remote.ProtocolHandshake createSession
INFO: Detected dialect: W3C
]]></system-err>
  </testcase>
</testsuite>