<?xml version="1.0" encoding="UTF-8"?>
<testsuite xmlns:xsi="http://www.w3.org/2001/XMLSchema-instance" xsi:noNamespaceSchemaLocation="https://maven.apache.org/surefire/maven-failsafe-plugin/xsd/failsafe-test-report-3.0.xsd" version="3.0" name="CucumberTestSuite" time="17.795" tests="1" errors="0" skipped="0" failures="1">
  <properties>
[...]
</properties>
  <testcase name="Login Account" classname="Login Account at app.jubelio" time="14.26">
    <failure type="org.junit.ComparisonFailure"><![CDATA[org.junit.ComparisonFailure: Format Email tidak valid. expected:<Format Email tidak[ valid].> but was:<Format Email tidak[].>
]]></failure>
    <system-out><![CDATA[20:22:40.054 [main] DEBUG net.thucydides.core.util.PropertiesFileLocalPreferences - LOADING LOCAL PROPERTIES FROM D:\QE\Automation\Jubelio-Website\serenity.properties 
20:22:40.077 [main] DEBUG net.thucydides.core.util.PropertiesFileLocalPreferences - LOADING LOCAL PROPERTIES FROM D:\QE\Automation\Jubelio-Website\serenity.properties 
20:22:40.077 [main] DEBUG net.thucydides.core.util.PropertiesFileLocalPreferences - LOADING LOCAL PROPERTIES FROM D:\QE\Automation\Jubelio-Website\serenity.properties 
20:22:40.086 [main] DEBUG net.thucydides.core.util.PropertiesFileLocalPreferences - webdriver.driver=chrome
20:22:40.086 [main] DEBUG net.thucydides.core.util.PropertiesFileLocalPreferences - webdriver.chrome.driver=src/test/resources/webdriver/chromedriver.exe
20:22:40.086 [main] DEBUG net.thucydides.core.util.PropertiesFileLocalPreferences - webdriver.base.url=https://app.jubelio.com
20:22:40.700 [main] INFO io.cucumber.core.plugin.SerenityReporter - Running feature from file:///D:/QE/Automation/Jubelio-Website/src/test/resources/features/user/inventorystock.feature
20:22:40.887 [main] DEBUG net.thucydides.core.util.PropertiesFileLocalPreferences - LOADING LOCAL PROPERTIES FROM D:\QE\Automation\Jubelio-Website\serenity.properties 
20:22:40.898 [main] DEBUG net.thucydides.core.util.PropertiesFileLocalPreferences - LOADING LOCAL PROPERTIES FROM D:\QE\Automation\Jubelio-Website\serenity.properties 
20:22:40.898 [main] DEBUG net.thucydides.core.util.PropertiesFileLocalPreferences - LOADING LOCAL PROPERTIES FROM D:\QE\Automation\Jubelio-Website\serenity.properties 
20:22:40.899 [main] DEBUG net.thucydides.core.util.PropertiesFileLocalPreferences - webdriver.driver=chrome
20:22:40.899 [main] DEBUG net.thucydides.core.util.PropertiesFileLocalPreferences - webdriver.chrome.driver=src/test/resources/webdriver/chromedriver.exe
20:22:40.899 [main] DEBUG net.thucydides.core.util.PropertiesFileLocalPreferences - webdriver.base.url=https://app.jubelio.com
20:22:40.908 [main] INFO  - 

-------------------------------------------------------------------------------------
     _______. _______ .______       _______ .__   __.  __  .___________.____    ____ 
    /       ||   ____||   _  \     |   ____||  \ |  | |  | |           |\   \  /   / 
   |   (----`|  |__   |  |_)  |    |  |__   |   \|  | |  | `---|  |----` \   \/   /  
    \   \    |   __|  |      /     |   __|  |  . `  | |  |     |  |       \_    _/   
.----)   |   |  |____ |  |\  \----.|  |____ |  |\   | |  |     |  |         |  |     
|_______/    |_______|| _| `._____||_______||__| \__| |__|     |__|         |__|    
                                                                                     
 News and tutorials at http://www.serenity-bdd.info                                  
 Documentation at https://wakaleo.gitbooks.io/the-serenity-book/content/             
 Join the Serenity Community on Gitter: https://gitter.im/serenity-bdd/serenity-core 
 Serenity BDD Support and Training at http://serenity-bdd.info/#/trainingandsupport  
-------------------------------------------------------------------------------------

20:22:40.913 [main] DEBUG net.thucydides.core.steps.StepEventBus - Test suite started for story net.thucydides.core.model.Story@bfba0ca1
20:22:40.917 [main] INFO  - Test Suite Started: Inventory Stock at app.jubelio
20:22:40.946 [main] INFO io.cucumber.core.plugin.SerenityReporter - Running feature from file:///D:/QE/Automation/Jubelio-Website/src/test/resources/features/user/login.feature
20:22:40.953 [main] DEBUG net.thucydides.core.steps.StepEventBus - Test suite started for story net.thucydides.core.model.Story@60ecc02c
20:22:40.953 [main] INFO  - Test Suite Started: Login Account at app.jubelio

@Login
Scenario Outline: Login Account                                       &amp#27;[90m# src/test/resources/features/user/login.feature:12&amp#27;[0m
20:22:41.223 [main] INFO io.cucumber.core.plugin.SerenityReporter - Running feature from file:///D:/QE/Automation/Jubelio-Website/src/test/resources/features/user/login.feature
20:22:41.308 [main] INFO  - 
  _____   ___   ___   _____     ___   _____     _     ___   _____   ___   ___  
 |_   _| | __| / __| |_   _|   / __| |_   _|   /_\   | _ \ |_   _| | __| |   \ 
   | |   | _|  \__ \   | |     \__ \   | |    / _ \  |   /   | |   | _|  | |) |
   |_|   |___| |___/   |_|     |___/   |_|   /_/ \_\ |_|_\   |_|   |___| |___/ 

Login Account(login-account-at-app.jubelio;login-account)
--------------------------------------------------------------------------------
20:22:41.308 [main] INFO net.thucydides.core.model.TestOutcome - SetUserStory Login Account at app.jubelio
20:22:41.320 [main] INFO net.thucydides.core.model.TestOutcome - SetUserStory Login Account at app.jubelio
20:22:41.466 [main] DEBUG net.thucydides.core.requirements.model.cucumber.CucumberParser - Added feature Inventory Stock at app.jubelio
20:22:41.490 [main] DEBUG net.thucydides.core.requirements.model.cucumber.CucumberParser - Added feature Login Account at app.jubelio
20:22:42.768 [main] DEBUG net.thucydides.core.steps.StepInterceptor - STARTING STEP: LoginSteps.fillsInTheWithValidDataEmail - openLink
20:22:42.811 [main] INFO net.serenitybdd.core.webdriver.driverproviders.ChromeDriverProvider - Using automatically driver download
20:22:43.134 [main] DEBUG org.apache.hc.client5.http.impl.classic.InternalHttpClient - ex-00000001: preparing request execution
20:22:43.139 [main] DEBUG org.apache.hc.client5.http.protocol.RequestAddCookies - Cookie spec selected: strict
20:22:43.146 [main] DEBUG org.apache.hc.client5.http.protocol.RequestAuthCache - Auth cache not set in the context
20:22:43.146 [main] DEBUG org.apache.hc.client5.http.impl.classic.ProtocolExec - ex-00000001: target auth state: UNCHALLENGED
20:22:43.147 [main] DEBUG org.apache.hc.client5.http.impl.classic.ProtocolExec - ex-00000001: proxy auth state: UNCHALLENGED
20:22:43.147 [main] DEBUG org.apache.hc.client5.http.impl.classic.ConnectExec - ex-00000001: acquiring connection with route {s}->https://raw.githubusercontent.com:443
20:22:43.147 [main] DEBUG org.apache.hc.client5.http.impl.classic.InternalHttpClient - ex-00000001: acquiring endpoint (3 MINUTES)
20:22:43.149 [main] DEBUG org.apache.hc.client5.http.impl.io.PoolingHttpClientConnectionManager - ex-00000001: endpoint lease request (3 MINUTES) [route: {s}->https://raw.githubusercontent.com:443][total available: 0; route allocated: 0 of 5; total allocated: 0 of 25]
20:22:43.153 [main] DEBUG org.apache.hc.client5.http.impl.io.PoolingHttpClientConnectionManager - ex-00000001: endpoint leased [route: {s}->https://raw.githubusercontent.com:443][total available: 0; route allocated: 1 of 5; total allocated: 1 of 25]
20:22:43.161 [main] DEBUG org.apache.hc.client5.http.impl.io.PoolingHttpClientConnectionManager - ex-00000001: acquired ep-00000000
20:22:43.162 [main] DEBUG org.apache.hc.client5.http.impl.classic.InternalHttpClient - ex-00000001: acquired endpoint ep-00000000
20:22:43.162 [main] DEBUG org.apache.hc.client5.http.impl.classic.ConnectExec - ex-00000001: opening connection {s}->https://raw.githubusercontent.com:443
20:22:43.162 [main] DEBUG org.apache.hc.client5.http.impl.classic.InternalHttpClient - ep-00000000: connecting endpoint (30 SECONDS)
20:22:43.162 [main] DEBUG org.apache.hc.client5.http.impl.io.PoolingHttpClientConnectionManager - ep-00000000: connecting endpoint to https://raw.githubusercontent.com:443 (30 SECONDS)
20:22:43.178 [main] DEBUG org.apache.hc.client5.http.impl.io.DefaultHttpClientConnectionOperator - http-outgoing-0: connecting to raw.githubusercontent.com/185.199.108.133:443
20:22:43.178 [main] DEBUG org.apache.hc.client5.http.ssl.SSLConnectionSocketFactory - Connecting socket to raw.githubusercontent.com/185.199.108.133:443 with timeout 30 SECONDS
20:22:43.384 [main] DEBUG org.apache.hc.client5.http.ssl.SSLConnectionSocketFactory - Enabled protocols: [TLSv1.3, TLSv1.2]
20:22:43.384 [main] DEBUG org.apache.hc.client5.http.ssl.SSLConnectionSocketFactory - Enabled cipher suites: [TLS_AES_256_GCM_SHA384, TLS_AES_128_GCM_SHA256, TLS_CHACHA20_POLY1305_SHA256, TLS_ECDHE_ECDSA_WITH_AES_256_GCM_SHA384, TLS_ECDHE_ECDSA_WITH_AES_128_GCM_SHA256, TLS_ECDHE_ECDSA_WITH_CHACHA20_POLY1305_SHA256, TLS_ECDHE_RSA_WITH_AES_256_GCM_SHA384, TLS_ECDHE_RSA_WITH_CHACHA20_POLY1305_SHA256, TLS_ECDHE_RSA_WITH_AES_128_GCM_SHA256, TLS_DHE_RSA_WITH_AES_256_GCM_SHA384, TLS_DHE_RSA_WITH_CHACHA20_POLY1305_SHA256, TLS_DHE_DSS_WITH_AES_256_GCM_SHA384, TLS_DHE_RSA_WITH_AES_128_GCM_SHA256, TLS_DHE_DSS_WITH_AES_128_GCM_SHA256, TLS_ECDHE_ECDSA_WITH_AES_256_CBC_SHA384, TLS_ECDHE_RSA_WITH_AES_256_CBC_SHA384, TLS_ECDHE_ECDSA_WITH_AES_128_CBC_SHA256, TLS_ECDHE_RSA_WITH_AES_128_CBC_SHA256, TLS_DHE_RSA_WITH_AES_256_CBC_SHA256, TLS_DHE_DSS_WITH_AES_256_CBC_SHA256, TLS_DHE_RSA_WITH_AES_128_CBC_SHA256, TLS_DHE_DSS_WITH_AES_128_CBC_SHA256, TLS_ECDH_ECDSA_WITH_AES_256_GCM_SHA384, TLS_ECDH_RSA_WITH_AES_256_GCM_SHA384, TLS_ECDH_ECDSA_WITH_AES_128_GCM_SHA256, TLS_ECDH_RSA_WITH_AES_128_GCM_SHA256, TLS_ECDH_ECDSA_WITH_AES_256_CBC_SHA384, TLS_ECDH_RSA_WITH_AES_256_CBC_SHA384, TLS_ECDH_ECDSA_WITH_AES_128_CBC_SHA256, TLS_ECDH_RSA_WITH_AES_128_CBC_SHA256, TLS_ECDHE_ECDSA_WITH_AES_256_CBC_SHA, TLS_ECDHE_RSA_WITH_AES_256_CBC_SHA, TLS_ECDHE_ECDSA_WITH_AES_128_CBC_SHA, TLS_ECDHE_RSA_WITH_AES_128_CBC_SHA, TLS_DHE_RSA_WITH_AES_256_CBC_SHA, TLS_DHE_DSS_WITH_AES_256_CBC_SHA, TLS_DHE_RSA_WITH_AES_128_CBC_SHA, TLS_DHE_DSS_WITH_AES_128_CBC_SHA, TLS_ECDH_ECDSA_WITH_AES_256_CBC_SHA, TLS_ECDH_RSA_WITH_AES_256_CBC_SHA, TLS_ECDH_ECDSA_WITH_AES_128_CBC_SHA, TLS_ECDH_RSA_WITH_AES_128_CBC_SHA, TLS_RSA_WITH_AES_256_GCM_SHA384, TLS_RSA_WITH_AES_128_GCM_SHA256, TLS_RSA_WITH_AES_256_CBC_SHA256, TLS_RSA_WITH_AES_128_CBC_SHA256, TLS_RSA_WITH_AES_256_CBC_SHA, TLS_RSA_WITH_AES_128_CBC_SHA, TLS_EMPTY_RENEGOTIATION_INFO_SCSV]
20:22:43.385 [main] DEBUG org.apache.hc.client5.http.ssl.SSLConnectionSocketFactory - Starting handshake
20:22:43.509 [main] DEBUG org.apache.hc.client5.http.ssl.SSLConnectionSocketFactory - Secure session established
20:22:43.509 [main] DEBUG org.apache.hc.client5.http.ssl.SSLConnectionSocketFactory -  negotiated protocol: TLSv1.3
20:22:43.509 [main] DEBUG org.apache.hc.client5.http.ssl.SSLConnectionSocketFactory -  negotiated cipher suite: TLS_AES_256_GCM_SHA384
20:22:43.509 [main] DEBUG org.apache.hc.client5.http.ssl.SSLConnectionSocketFactory -  peer principal: CN=*.github.io, O="GitHub, Inc.", L=San Francisco, ST=California, C=US
20:22:43.511 [main] DEBUG org.apache.hc.client5.http.ssl.SSLConnectionSocketFactory -  peer alternative names: [*.github.io, github.io, *.github.com, github.com, www.github.com, *.githubusercontent.com, githubusercontent.com]
20:22:43.511 [main] DEBUG org.apache.hc.client5.http.ssl.SSLConnectionSocketFactory -  issuer principal: CN=DigiCert TLS RSA SHA256 2020 CA1, O=DigiCert Inc, C=US
20:22:43.511 [main] DEBUG org.apache.hc.client5.http.impl.io.DefaultHttpClientConnectionOperator - http-outgoing-0: connection established 192.168.100.42:56366<->185.199.108.133:443
20:22:43.512 [main] DEBUG org.apache.hc.client5.http.impl.io.PoolingHttpClientConnectionManager - ep-00000000: connected http-outgoing-0
20:22:43.512 [main] DEBUG org.apache.hc.client5.http.impl.classic.InternalHttpClient - ep-00000000: endpoint connected
20:22:43.512 [main] DEBUG org.apache.hc.client5.http.impl.classic.MainClientExec - ex-00000001: executing GET /bonigarcia/webdrivermanager/master/src/main/resources/commands.properties HTTP/1.1
20:22:43.513 [main] DEBUG org.apache.hc.client5.http.impl.classic.InternalHttpClient - ep-00000000: start execution ex-00000001
20:22:43.513 [main] DEBUG org.apache.hc.client5.http.impl.io.PoolingHttpClientConnectionManager - ep-00000000: executing exchange ex-00000001 over http-outgoing-0
20:22:43.513 [main] DEBUG org.apache.hc.client5.http.headers - http-outgoing-0 >> GET /bonigarcia/webdrivermanager/master/src/main/resources/commands.properties HTTP/1.1
20:22:43.513 [main] DEBUG org.apache.hc.client5.http.headers - http-outgoing-0 >> user-agent: Apache-HttpClient/5.0
20:22:43.513 [main] DEBUG org.apache.hc.client5.http.headers - http-outgoing-0 >> accept-encoding: gzip, deflate, br
20:22:43.513 [main] DEBUG org.apache.hc.client5.http.headers - http-outgoing-0 >> cache-control: max-age=0
20:22:43.513 [main] DEBUG org.apache.hc.client5.http.headers - http-outgoing-0 >> connection: keep-alive
20:22:43.513 [main] DEBUG org.apache.hc.client5.http.headers - http-outgoing-0 >> Host: raw.githubusercontent.com
20:22:43.515 [main] DEBUG org.apache.hc.client5.http.wire - http-outgoing-0 >> "GET /bonigarcia/webdrivermanager/master/src/main/resources/commands.properties HTTP/1.1[\r][\n]"
20:22:43.515 [main] DEBUG org.apache.hc.client5.http.wire - http-outgoing-0 >> "user-agent: Apache-HttpClient/5.0[\r][\n]"
20:22:43.515 [main] DEBUG org.apache.hc.client5.http.wire - http-outgoing-0 >> "accept-encoding: gzip, deflate, br[\r][\n]"
20:22:43.515 [main] DEBUG org.apache.hc.client5.http.wire - http-outgoing-0 >> "cache-control: max-age=0[\r][\n]"
20:22:43.515 [main] DEBUG org.apache.hc.client5.http.wire - http-outgoing-0 >> "connection: keep-alive[\r][\n]"
20:22:43.515 [main] DEBUG org.apache.hc.client5.http.wire - http-outgoing-0 >> "Host: raw.githubusercontent.com[\r][\n]"
20:22:43.515 [main] DEBUG org.apache.hc.client5.http.wire - http-outgoing-0 >> "[\r][\n]"
20:22:43.603 [main] DEBUG org.apache.hc.client5.http.wire - http-outgoing-0 << "HTTP/1.1 200 OK[\r][\n]"
20:22:43.604 [main] DEBUG org.apache.hc.client5.http.wire - http-outgoing-0 << "Connection: keep-alive[\r][\n]"
20:22:43.604 [main] DEBUG org.apache.hc.client5.http.wire - http-outgoing-0 << "Content-Length: 723[\r][\n]"
20:22:43.604 [main] DEBUG org.apache.hc.client5.http.wire - http-outgoing-0 << "Cache-Control: max-age=300[\r][\n]"
20:22:43.604 [main] DEBUG org.apache.hc.client5.http.wire - http-outgoing-0 << "Content-Security-Policy: default-src 'none'; style-src 'unsafe-inline'; sandbox[\r][\n]"
20:22:43.604 [main] DEBUG org.apache.hc.client5.http.wire - http-outgoing-0 << "Content-Type: text/plain; charset=utf-8[\r][\n]"
20:22:43.604 [main] DEBUG org.apache.hc.client5.http.wire - http-outgoing-0 << "ETag: W/"e82b438271e9e8680c688b0b680efd0bdd22faa6d6f0a32fc1fd8accc486b67e"[\r][\n]"
20:22:43.604 [main] DEBUG org.apache.hc.client5.http.wire - http-outgoing-0 << "Strict-Transport-Security: max-age=31536000[\r][\n]"
20:22:43.604 [main] DEBUG org.apache.hc.client5.http.wire - http-outgoing-0 << "X-Content-Type-Options: nosniff[\r][\n]"
20:22:43.605 [main] DEBUG org.apache.hc.client5.http.wire - http-outgoing-0 << "X-Frame-Options: deny[\r][\n]"
20:22:43.605 [main] DEBUG org.apache.hc.client5.http.wire - http-outgoing-0 << "X-XSS-Protection: 1; mode=block[\r][\n]"
20:22:43.606 [main] DEBUG org.apache.hc.client5.http.wire - http-outgoing-0 << "X-GitHub-Request-Id: 4CA0:B8C7F:70C4E:8CACE:651389F9[\r][\n]"
20:22:43.606 [main] DEBUG org.apache.hc.client5.http.wire - http-outgoing-0 << "Content-Encoding: gzip[\r][\n]"
20:22:43.606 [main] DEBUG org.apache.hc.client5.http.wire - http-outgoing-0 << "Accept-Ranges: bytes[\r][\n]"
20:22:43.606 [main] DEBUG org.apache.hc.client5.http.wire - http-outgoing-0 << "Date: Thu, 05 Oct 2023 13:22:44 GMT[\r][\n]"
20:22:43.606 [main] DEBUG org.apache.hc.client5.http.wire - http-outgoing-0 << "Via: 1.1 varnish[\r][\n]"
20:22:43.606 [main] DEBUG org.apache.hc.client5.http.wire - http-outgoing-0 << "X-Served-By: cache-qpg1242-QPG[\r][\n]"
20:22:43.606 [main] DEBUG org.apache.hc.client5.http.wire - http-outgoing-0 << "X-Cache: HIT[\r][\n]"
20:22:43.606 [main] DEBUG org.apache.hc.client5.http.wire - http-outgoing-0 << "X-Cache-Hits: 1[\r][\n]"
20:22:43.607 [main] DEBUG org.apache.hc.client5.http.wire - http-outgoing-0 << "X-Timer: S1696512164.166924,VS0,VE1[\r][\n]"
20:22:43.608 [main] DEBUG org.apache.hc.client5.http.wire - http-outgoing-0 << "Vary: Authorization,Accept-Encoding,Origin[\r][\n]"
20:22:43.608 [main] DEBUG org.apache.hc.client5.http.wire - http-outgoing-0 << "Access-Control-Allow-Origin: *[\r][\n]"
20:22:43.608 [main] DEBUG org.apache.hc.client5.http.wire - http-outgoing-0 << "Cross-Origin-Resource-Policy: cross-origin[\r][\n]"
20:22:43.608 [main] DEBUG org.apache.hc.client5.http.wire - http-outgoing-0 << "X-Fastly-Request-ID: 36c14a579819028777def6173f771c8c9f4162de[\r][\n]"
20:22:43.608 [main] DEBUG org.apache.hc.client5.http.wire - http-outgoing-0 << "Expires: Thu, 05 Oct 2023 13:27:44 GMT[\r][\n]"
20:22:43.608 [main] DEBUG org.apache.hc.client5.http.wire - http-outgoing-0 << "Source-Age: 204[\r][\n]"
20:22:43.608 [main] DEBUG org.apache.hc.client5.http.wire - http-outgoing-0 << "[\r][\n]"
20:22:43.617 [main] DEBUG org.apache.hc.client5.http.headers - http-outgoing-0 << HTTP/1.1 200 OK
20:22:43.619 [main] DEBUG org.apache.hc.client5.http.headers - http-outgoing-0 << Connection: keep-alive
20:22:43.619 [main] DEBUG org.apache.hc.client5.http.headers - http-outgoing-0 << Content-Length: 723
20:22:43.619 [main] DEBUG org.apache.hc.client5.http.headers - http-outgoing-0 << Cache-Control: max-age=300
20:22:43.620 [main] DEBUG org.apache.hc.client5.http.headers - http-outgoing-0 << Content-Security-Policy: default-src 'none'; style-src 'unsafe-inline'; sandbox
20:22:43.620 [main] DEBUG org.apache.hc.client5.http.headers - http-outgoing-0 << Content-Type: text/plain; charset=utf-8
20:22:43.620 [main] DEBUG org.apache.hc.client5.http.headers - http-outgoing-0 << ETag: W/"e82b438271e9e8680c688b0b680efd0bdd22faa6d6f0a32fc1fd8accc486b67e"
20:22:43.620 [main] DEBUG org.apache.hc.client5.http.headers - http-outgoing-0 << Strict-Transport-Security: max-age=31536000
20:22:43.620 [main] DEBUG org.apache.hc.client5.http.headers - http-outgoing-0 << X-Content-Type-Options: nosniff
20:22:43.620 [main] DEBUG org.apache.hc.client5.http.headers - http-outgoing-0 << X-Frame-Options: deny
20:22:43.620 [main] DEBUG org.apache.hc.client5.http.headers - http-outgoing-0 << X-XSS-Protection: 1; mode=block
20:22:43.620 [main] DEBUG org.apache.hc.client5.http.headers - http-outgoing-0 << X-GitHub-Request-Id: 4CA0:B8C7F:70C4E:8CACE:651389F9
20:22:43.620 [main] DEBUG org.apache.hc.client5.http.headers - http-outgoing-0 << Content-Encoding: gzip
20:22:43.621 [main] DEBUG org.apache.hc.client5.http.headers - http-outgoing-0 << Accept-Ranges: bytes
20:22:43.621 [main] DEBUG org.apache.hc.client5.http.headers - http-outgoing-0 << Date: Thu, 05 Oct 2023 13:22:44 GMT
20:22:43.621 [main] DEBUG org.apache.hc.client5.http.headers - http-outgoing-0 << Via: 1.1 varnish
20:22:43.621 [main] DEBUG org.apache.hc.client5.http.headers - http-outgoing-0 << X-Served-By: cache-qpg1242-QPG
20:22:43.621 [main] DEBUG org.apache.hc.client5.http.headers - http-outgoing-0 << X-Cache: HIT
20:22:43.621 [main] DEBUG org.apache.hc.client5.http.headers - http-outgoing-0 << X-Cache-Hits: 1
20:22:43.621 [main] DEBUG org.apache.hc.client5.http.headers - http-outgoing-0 << X-Timer: S1696512164.166924,VS0,VE1
20:22:43.621 [main] DEBUG org.apache.hc.client5.http.headers - http-outgoing-0 << Vary: Authorization,Accept-Encoding,Origin
20:22:43.622 [main] DEBUG org.apache.hc.client5.http.headers - http-outgoing-0 << Access-Control-Allow-Origin: *
20:22:43.622 [main] DEBUG org.apache.hc.client5.http.headers - http-outgoing-0 << Cross-Origin-Resource-Policy: cross-origin
20:22:43.622 [main] DEBUG org.apache.hc.client5.http.headers - http-outgoing-0 << X-Fastly-Request-ID: 36c14a579819028777def6173f771c8c9f4162de
20:22:43.623 [main] DEBUG org.apache.hc.client5.http.headers - http-outgoing-0 << Expires: Thu, 05 Oct 2023 13:27:44 GMT
20:22:43.623 [main] DEBUG org.apache.hc.client5.http.headers - http-outgoing-0 << Source-Age: 204
20:22:43.632 [main] DEBUG org.apache.hc.client5.http.impl.classic.MainClientExec - ex-00000001: connection can be kept alive for 3 MINUTES
20:22:43.639 [main] DEBUG org.apache.hc.client5.http.wire - http-outgoing-0 << "[0x1f][0xffffff8b][0x8][0x0][0x0][0x0][0x0][0x0][0x0][0x3][0xffffffb5]V]o[0xffffffda]0[0x14]}[0xffffffe7]W\[0xffffff81]*[0xffffffb5][0x12][0x1f][[M[0xffffffd3]$[0x1e]hF[0xffffffbb]i [0x18][0xffffffb4][0xffffffdd]&[0xfffffff9][0xffffffc5]$7[0xffffffc1]R[0x12]#;[0xffffff94]v[0xffffffbf]~[0xffffffb6][0xfffffff3]1[0xffffff92][0xffffff9a][0xffffffc1][0x1a]x[0xffffffcb][0xffffffb5][0xffffffaf][0xffffffcf]9[0xffffffbe][0xfffffff7]8v[0xb][0x1c][0x1e]E4[0xfffffff6]$x4[0xffffffa1][0xb]*[0xffffffb1][0xffffffd1][0xffffff82][0xfffffffb]%[0xffffff93][0xffffffe0][0xffffffb3][0x10][0xffffffc1][0xffffffe5]qBY,!Y[0xffffffea] KM8,[0x10][0xfffffff0][0x19][0xffffffdd]u[0xffffff82][0x1e][0xffffffb0][0xffffffd8]L[0xffffffcb]%[0xffffff86][0xffffffa1][0xe][0xffffffb8][0xfffffff0]P[0xffffffe8]$[0xf][0x13]t[0x13]3[0xfffffff9][0xffffff84]B2[0xffffffae][0xffffffe6]|@[0xfffffff5][0x1d][0x8][0xffffffc4][0x18][0x16][0xffffff82]o[0xffffffa4][0xffffff9a]P[0xffffff94][0xffffffe7][0xffffffce]R[0xfffffff0][0x8][0xffffffdb]p[0xffffffcb][0x4][0xfffffffa][0xfffffffc][0xffffffb9][\r][0xffffff93][0x15][\n]"
20:22:43.640 [main] DEBUG org.apache.hc.client5.http.wire - http-outgoing-0 << "[0xffffffda][0xffffff86][0xffffffa1][0x17][0xffffffa8]Q3[0xffffffcb][0xffffffd6][0xffffffd1][0xffffff85][0xffffffc6][0xfffffff7][0xffffff98][0xffffffef][0xffffffa3][0xffffffc0]8[0x1][0xffffffae]s[0x12][0x16][0x7] _d[0xffffff82][0xffffff91][0xffffff84][0xfffffff3][0x1f],[0xfffffff6][0x14]j[0x1b]F,^+[0xffffff98]1ua2[0xffffffbf]h([0xffffff8e][0xffffff94][0xffffffa2][0xffffff91]m[0xffffffa3][0xffffffeb][0xffffff9a][0xffffffb0][0xffffffbb]I[0x17]t[0xffffffdf][0xffffffbd][0xffffffef][0xffffffbb][0xffffff91][0xffffffd7]U[0xffffffbb][0xffffff82][0xffffff9e][0x3][0xffffff9b][0xffffff88][0xffffffb9][0xffffffa6]$[0xffffffa6][0xc][0xffffff9b][0xffffffa5][0xffffffe2][0xffffff83][0xffffff98]F[0xffffffd8]o[0xffffff9e]Mg[0xffffff93][0xffffffbb][0xffffffd9]`|[0xfffffffb]u4[0xffffff9c][0x7f]"}B[0xffffffce][0x8][0xffffffb9][0xffffffe3]<[0x8][0xffffff91][0xffffff90][0xffffff94][0xffffff82][0xffffff90][0xffffffc1]j[0x15]2WI[0xffffffe3]1![0x19][0xffffff91]BnB[0xffffff80][0x9]<f[0xffffffb5][0xffffffe8]=[0xffffffd1]p[0xffffffbd][[0xffffffcf][0xffffffe5][0x1b][0xfffffff4][0xffffff9c][0xffffffff][0xfffffffc][0xfffffff8][0xffffffe1][0xffffffe2][0xffffff94][0xffffffa2][0xffffffae][0xe][0x14]5[0xffffff9a]8[0xffffff83][0xffffffd1]`:[0xfffffffd]<[0xffffffb8][0x1f][0xffffff9c]R[0xffffffcf]u[0x7f]6[0xffffffbc][0xffffff83][0xffffffef][0xf][0xffffffc3][0xffffffd9]/[0xfffffff8][0xfffffff2][0xffffffcd]y s[0xffffffee]'[0x1b]*0g[0xffffffcb][0xffffffc8]nF7H][0xffffff83][0xffffff97]{[0xffffffb1]Q[0x5][\r][0xffffffb5]c[0xffffffb4][0xf][0x2][0xffffffb3][0xffffffb4][0xffffff93][0xe]C[0xffffffa7][0xffffffb3]kAD][0xffffff9d][0xffffffde][0xffffffdb][0xffffffda][0xffffff88][0xffffffec][0xffffffa5][0xffffffbc][0xffffff99][0xffffffd9][0xffffffba]t[0xffffffb5][0xffffffea]9[0xffffffea][0x10])[0xffffffb7][0xffffffca][0xffffff9e][0xfffffff2][0xffffffe2]d^N[0xffffffd8]FW[0x16][0xffffffcd][0xffffffdc]_[0x10][0xfffffff9]i|[0x1c][0xffffff93][0xffffff8e][0xfffffff9]o[0x16][0xffffff86]4'!$G[0xffffffdf]W[0xfffffff4]W*j[[0xfffffff3]xR[0xffffffae][0xffffffb6][0xc][0xffffffd0],; #[0xffffffa9][0xffffff92]5[0xffffffb5][0x7][0xffffff9c][0xffffffb5][0xffffffd0][0x7f][0xffffff90][0xffffffc7]jgs[0xfffffffc][0xffffffc2][0xb][0xffffffd9][0x0]t[0xffffff9e]^'Y[0xfffffffb][0xffffff9f][0xffffffb1][0xffffffd8]:[0xffffffbf][0xffffff8d][0xffffffa5][0xffffff9a][0xffffffad][0x7f]m[0x5]&[0xffffffaa][0xffffffa0]^[0xffffff9b][0xffffffcb][0x5]f[0xffffffae][0xffffffe0]RU[0xffffff82][0x10]MS9l[0xffffff91]4t[0xfffffffb][0xffffff8a]][0xffffffd6][0xfffffff4][0xffffff96][0xffffffa6][0xffffff9f]P[0xffffffce][0xffffffd5][0xffffffce][0xffffff93][0xffffffff][0xffffff97][0xffffffcc]p[0xfffffffd][0xfffffff3][0xffffffe8][0x1b][0xffffffcc][0xffffffa2][0xffffffd9]Q[0xffffffbe][0xffffffb2][0xffffffa3][0xffffffc7]m'[0xffffffdf][0xffffffe4][[0xfffffffb]^[0xffffffb0][0xffffff9a][0xffffffbe][0xffffffda][0xffffffda]_[0xffffffce][0xffffff80][0xffffffd2][0xffffffc1]7[0xffffffb7]][0xffffffc1]b[0xffffffee][0xffffffb5][0xffffffff]w[0xffffff83][0xffffffed][0xffffffa7];[0x15]<[0x10]4[0xffffff92][0xffffff84][0x18][\n]"
20:22:43.640 [main] DEBUG org.apache.hc.client5.http.wire - http-outgoing-0 << "BB[0xffffffba][0xffffff8e]][0xffffffb5]jo[0xffffffb9]+"[0xffffffea][0xffffffb4][0xffffffff]h"[0xffffffea]\?5[0xffffffa9][0xffffffaf]k[0xffffffec][0xffffffff]P[0xffffffea][\n]"
20:22:43.640 [main] DEBUG org.apache.hc.client5.http.wire - http-outgoing-0 << "w[0xffffffe1]K[0x13][0xffffffda][0xffffffec][0xffffff98][0xffffffe6]Y[0xfffffffd]h8m6[0xffffff9c]T[0xffffffc1][0xfffffff2][0xffffffa7][0xffffff91]z_[0xffffff95]o85p[0x1c][0x13][0xffffffe6][0xfffffff0]5[0xffffffee][0xfffffffc][0xffffff92][0xffffff96][0xffffffda][0xfffffff7][0xffffffcf][0xffffffb1][0x5][0x1d][0xffffffea]K[0xffffff9b]9[0xffffff8e][0xffffffad]e[0xfffffff7][0xffffff93][0xffffffa8]`[0xffffffda][0xffffffff][0x1a][0xffffffd2][0xffffff88][0xffffff85][0xfffffffd][0xfffffff2][0xffffff91]N[0xfffffff6]`[0xffffffdf]2[0xffffffcf][0xffffffae]E[0xffffff97][0xffffffc5][0xffffffa2][0xffffff9d][0xffffffef]'[0xffffff9d]mun.[0xffffffd3]f^[0xffffffc7][0xffffff82][0xffffffda][0xffffff82]9[0xfffffff5][0xffffffa9]`[0x5][0xffffffbc]4[0xffffffa1][0x1d]<M[0xffffffb5]A[0xffffffa7]3[[0xffffffc0][0x7f][0x0][0xffffffc1][0xffffffd0]$[0xffffff85][0x1d][\r][0x0][0x0]"
20:22:43.642 [main] DEBUG org.apache.hc.client5.http.impl.classic.InternalHttpClient - ep-00000000: releasing valid endpoint
20:22:43.643 [main] DEBUG org.apache.hc.client5.http.impl.io.PoolingHttpClientConnectionManager - ep-00000000: releasing endpoint
20:22:43.644 [main] DEBUG org.apache.hc.client5.http.impl.io.PoolingHttpClientConnectionManager - ep-00000000: connection http-outgoing-0 can be kept alive for 3 MINUTES
20:22:43.647 [main] DEBUG org.apache.hc.client5.http.impl.io.PoolingHttpClientConnectionManager - ep-00000000: connection released [route: {s}->https://raw.githubusercontent.com:443][total available: 1; route allocated: 1 of 5; total allocated: 1 of 25]
20:22:43.647 [main] DEBUG io.github.bonigarcia.wdm.versions.VersionDetector - Detecting chrome version using online commands.properties
20:22:43.651 [main] DEBUG io.github.bonigarcia.wdm.versions.Shell - Running command on the shell: [cmd.exe, /C, wmic, datafile, where, name="%PROGRAMFILES:\=\\%\\Google\\Chrome\\Application\\chrome.exe", get, Version, /value]
20:22:43.786 [main] DEBUG io.github.bonigarcia.wdm.versions.Shell - Result: Version=117.0.5938.134
20:22:43.790 [main] DEBUG org.apache.hc.client5.http.impl.classic.InternalHttpClient - ex-00000002: preparing request execution
20:22:43.790 [main] DEBUG org.apache.hc.client5.http.protocol.RequestAddCookies - Cookie spec selected: strict
20:22:43.790 [main] DEBUG org.apache.hc.client5.http.protocol.RequestAuthCache - Auth cache not set in the context
20:22:43.790 [main] DEBUG org.apache.hc.client5.http.impl.classic.ProtocolExec - ex-00000002: target auth state: UNCHALLENGED
20:22:43.790 [main] DEBUG org.apache.hc.client5.http.impl.classic.ProtocolExec - ex-00000002: proxy auth state: UNCHALLENGED
20:22:43.790 [main] DEBUG org.apache.hc.client5.http.impl.classic.ConnectExec - ex-00000002: acquiring connection with route {s}->https://chromedriver.storage.googleapis.com:443
20:22:43.790 [main] DEBUG org.apache.hc.client5.http.impl.classic.InternalHttpClient - ex-00000002: acquiring endpoint (3 MINUTES)
20:22:43.790 [main] DEBUG org.apache.hc.client5.http.impl.io.PoolingHttpClientConnectionManager - ex-00000002: endpoint lease request (3 MINUTES) [route: {s}->https://chromedriver.storage.googleapis.com:443][total available: 1; route allocated: 0 of 5; total allocated: 1 of 25]
20:22:43.790 [main] DEBUG org.apache.hc.client5.http.impl.io.PoolingHttpClientConnectionManager - ex-00000002: endpoint leased [route: {s}->https://chromedriver.storage.googleapis.com:443][total available: 1; route allocated: 1 of 5; total allocated: 2 of 25]
20:22:43.790 [main] DEBUG org.apache.hc.client5.http.impl.io.PoolingHttpClientConnectionManager - ex-00000002: acquired ep-00000001
20:22:43.790 [main] DEBUG org.apache.hc.client5.http.impl.classic.InternalHttpClient - ex-00000002: acquired endpoint ep-00000001
20:22:43.791 [main] DEBUG org.apache.hc.client5.http.impl.classic.ConnectExec - ex-00000002: opening connection {s}->https://chromedriver.storage.googleapis.com:443
20:22:43.791 [main] DEBUG org.apache.hc.client5.http.impl.classic.InternalHttpClient - ep-00000001: connecting endpoint (30 SECONDS)
20:22:43.791 [main] DEBUG org.apache.hc.client5.http.impl.io.PoolingHttpClientConnectionManager - ep-00000001: connecting endpoint to https://chromedriver.storage.googleapis.com:443 (30 SECONDS)
20:22:43.791 [main] DEBUG org.apache.hc.client5.http.impl.io.DefaultHttpClientConnectionOperator - http-outgoing-1: connecting to chromedriver.storage.googleapis.com/142.251.223.59:443
20:22:43.791 [main] DEBUG org.apache.hc.client5.http.ssl.SSLConnectionSocketFactory - Connecting socket to chromedriver.storage.googleapis.com/142.251.223.59:443 with timeout 30 SECONDS
20:22:43.904 [main] DEBUG org.apache.hc.client5.http.ssl.SSLConnectionSocketFactory - Enabled protocols: [TLSv1.3, TLSv1.2]
20:22:43.905 [main] DEBUG org.apache.hc.client5.http.ssl.SSLConnectionSocketFactory - Enabled cipher suites: [TLS_AES_256_GCM_SHA384, TLS_AES_128_GCM_SHA256, TLS_CHACHA20_POLY1305_SHA256, TLS_ECDHE_ECDSA_WITH_AES_256_GCM_SHA384, TLS_ECDHE_ECDSA_WITH_AES_128_GCM_SHA256, TLS_ECDHE_ECDSA_WITH_CHACHA20_POLY1305_SHA256, TLS_ECDHE_RSA_WITH_AES_256_GCM_SHA384, TLS_ECDHE_RSA_WITH_CHACHA20_POLY1305_SHA256, TLS_ECDHE_RSA_WITH_AES_128_GCM_SHA256, TLS_DHE_RSA_WITH_AES_256_GCM_SHA384, TLS_DHE_RSA_WITH_CHACHA20_POLY1305_SHA256, TLS_DHE_DSS_WITH_AES_256_GCM_SHA384, TLS_DHE_RSA_WITH_AES_128_GCM_SHA256, TLS_DHE_DSS_WITH_AES_128_GCM_SHA256, TLS_ECDHE_ECDSA_WITH_AES_256_CBC_SHA384, TLS_ECDHE_RSA_WITH_AES_256_CBC_SHA384, TLS_ECDHE_ECDSA_WITH_AES_128_CBC_SHA256, TLS_ECDHE_RSA_WITH_AES_128_CBC_SHA256, TLS_DHE_RSA_WITH_AES_256_CBC_SHA256, TLS_DHE_DSS_WITH_AES_256_CBC_SHA256, TLS_DHE_RSA_WITH_AES_128_CBC_SHA256, TLS_DHE_DSS_WITH_AES_128_CBC_SHA256, TLS_ECDH_ECDSA_WITH_AES_256_GCM_SHA384, TLS_ECDH_RSA_WITH_AES_256_GCM_SHA384, TLS_ECDH_ECDSA_WITH_AES_128_GCM_SHA256, TLS_ECDH_RSA_WITH_AES_128_GCM_SHA256, TLS_ECDH_ECDSA_WITH_AES_256_CBC_SHA384, TLS_ECDH_RSA_WITH_AES_256_CBC_SHA384, TLS_ECDH_ECDSA_WITH_AES_128_CBC_SHA256, TLS_ECDH_RSA_WITH_AES_128_CBC_SHA256, TLS_ECDHE_ECDSA_WITH_AES_256_CBC_SHA, TLS_ECDHE_RSA_WITH_AES_256_CBC_SHA, TLS_ECDHE_ECDSA_WITH_AES_128_CBC_SHA, TLS_ECDHE_RSA_WITH_AES_128_CBC_SHA, TLS_DHE_RSA_WITH_AES_256_CBC_SHA, TLS_DHE_DSS_WITH_AES_256_CBC_SHA, TLS_DHE_RSA_WITH_AES_128_CBC_SHA, TLS_DHE_DSS_WITH_AES_128_CBC_SHA, TLS_ECDH_ECDSA_WITH_AES_256_CBC_SHA, TLS_ECDH_RSA_WITH_AES_256_CBC_SHA, TLS_ECDH_ECDSA_WITH_AES_128_CBC_SHA, TLS_ECDH_RSA_WITH_AES_128_CBC_SHA, TLS_RSA_WITH_AES_256_GCM_SHA384, TLS_RSA_WITH_AES_128_GCM_SHA256, TLS_RSA_WITH_AES_256_CBC_SHA256, TLS_RSA_WITH_AES_128_CBC_SHA256, TLS_RSA_WITH_AES_256_CBC_SHA, TLS_RSA_WITH_AES_128_CBC_SHA, TLS_EMPTY_RENEGOTIATION_INFO_SCSV]
20:22:43.906 [main] DEBUG org.apache.hc.client5.http.ssl.SSLConnectionSocketFactory - Starting handshake
20:22:44.063 [main] DEBUG org.apache.hc.client5.http.ssl.SSLConnectionSocketFactory - Secure session established
20:22:44.063 [main] DEBUG org.apache.hc.client5.http.ssl.SSLConnectionSocketFactory -  negotiated protocol: TLSv1.3
20:22:44.063 [main] DEBUG org.apache.hc.client5.http.ssl.SSLConnectionSocketFactory -  negotiated cipher suite: TLS_AES_256_GCM_SHA384
20:22:44.063 [main] DEBUG org.apache.hc.client5.http.ssl.SSLConnectionSocketFactory -  peer principal: CN=*.storage.googleapis.com
20:22:44.063 [main] DEBUG org.apache.hc.client5.http.ssl.SSLConnectionSocketFactory -  peer alternative names: [*.storage.googleapis.com, *.googleapis.com, commondatastorage.googleapis.com, *.commondatastorage.googleapis.com, storage.googleapis.com, storage-p2.googleapis.com, *.storage-p2.googleapis.com, storage.mtls.googleapis.com, *.appspot.com.storage.googleapis.com, *.content-storage.googleapis.com, *.content-storage-p2.googleapis.com, *.content-storage-upload.googleapis.com, *.content-storage-download.googleapis.com, *.storage-upload.googleapis.com, *.storage-download.googleapis.com]
20:22:44.063 [main] DEBUG org.apache.hc.client5.http.ssl.SSLConnectionSocketFactory -  issuer principal: CN=GTS CA 1C3, O=Google Trust Services LLC, C=US
20:22:44.063 [main] DEBUG org.apache.hc.client5.http.impl.io.DefaultHttpClientConnectionOperator - http-outgoing-1: connection established 192.168.100.42:56367<->142.251.223.59:443
20:22:44.063 [main] DEBUG org.apache.hc.client5.http.impl.io.PoolingHttpClientConnectionManager - ep-00000001: connected http-outgoing-1
20:22:44.063 [main] DEBUG org.apache.hc.client5.http.impl.classic.InternalHttpClient - ep-00000001: endpoint connected
20:22:44.064 [main] DEBUG org.apache.hc.client5.http.impl.classic.MainClientExec - ex-00000002: executing GET /LATEST_RELEASE_117 HTTP/1.1
20:22:44.064 [main] DEBUG org.apache.hc.client5.http.impl.classic.InternalHttpClient - ep-00000001: start execution ex-00000002
20:22:44.064 [main] DEBUG org.apache.hc.client5.http.impl.io.PoolingHttpClientConnectionManager - ep-00000001: executing exchange ex-00000002 over http-outgoing-1
20:22:44.064 [main] DEBUG org.apache.hc.client5.http.headers - http-outgoing-1 >> GET /LATEST_RELEASE_117 HTTP/1.1
20:22:44.064 [main] DEBUG org.apache.hc.client5.http.headers - http-outgoing-1 >> user-agent: Apache-HttpClient/5.0
20:22:44.064 [main] DEBUG org.apache.hc.client5.http.headers - http-outgoing-1 >> accept-encoding: gzip, deflate, br
20:22:44.064 [main] DEBUG org.apache.hc.client5.http.headers - http-outgoing-1 >> cache-control: max-age=0
20:22:44.064 [main] DEBUG org.apache.hc.client5.http.headers - http-outgoing-1 >> connection: keep-alive
20:22:44.064 [main] DEBUG org.apache.hc.client5.http.headers - http-outgoing-1 >> Host: chromedriver.storage.googleapis.com
20:22:44.064 [main] DEBUG org.apache.hc.client5.http.wire - http-outgoing-1 >> "GET /LATEST_RELEASE_117 HTTP/1.1[\r][\n]"
20:22:44.064 [main] DEBUG org.apache.hc.client5.http.wire - http-outgoing-1 >> "user-agent: Apache-HttpClient/5.0[\r][\n]"
20:22:44.064 [main] DEBUG org.apache.hc.client5.http.wire - http-outgoing-1 >> "accept-encoding: gzip, deflate, br[\r][\n]"
20:22:44.064 [main] DEBUG org.apache.hc.client5.http.wire - http-outgoing-1 >> "cache-control: max-age=0[\r][\n]"
20:22:44.064 [main] DEBUG org.apache.hc.client5.http.wire - http-outgoing-1 >> "connection: keep-alive[\r][\n]"
20:22:44.064 [main] DEBUG org.apache.hc.client5.http.wire - http-outgoing-1 >> "Host: chromedriver.storage.googleapis.com[\r][\n]"
20:22:44.064 [main] DEBUG org.apache.hc.client5.http.wire - http-outgoing-1 >> "[\r][\n]"
20:22:44.554 [main] DEBUG org.apache.hc.client5.http.wire - http-outgoing-1 << "HTTP/1.1 404 Not Found[\r][\n]"
20:22:44.555 [main] DEBUG org.apache.hc.client5.http.wire - http-outgoing-1 << "X-GUploader-UploadID: ADPycdtqVHr1WlUiGPW9X5yCjRnihk7jfJ6K2YLTkzwZGobVzMsMErJraiK5x6cYmTfl5OrSsMJYwwAmrKhal41RzfZleyM35jap[\r][\n]"
20:22:44.556 [main] DEBUG org.apache.hc.client5.http.wire - http-outgoing-1 << "Content-Type: application/xml; charset=UTF-8[\r][\n]"
20:22:44.556 [main] DEBUG org.apache.hc.client5.http.wire - http-outgoing-1 << "Content-Length: 193[\r][\n]"
20:22:44.556 [main] DEBUG org.apache.hc.client5.http.wire - http-outgoing-1 << "Date: Thu, 05 Oct 2023 13:22:44 GMT[\r][\n]"
20:22:44.556 [main] DEBUG org.apache.hc.client5.http.wire - http-outgoing-1 << "Expires: Thu, 05 Oct 2023 13:22:44 GMT[\r][\n]"
20:22:44.556 [main] DEBUG org.apache.hc.client5.http.wire - http-outgoing-1 << "Cache-Control: private, max-age=0[\r][\n]"
20:22:44.556 [main] DEBUG org.apache.hc.client5.http.wire - http-outgoing-1 << "Server: UploadServer[\r][\n]"
20:22:44.556 [main] DEBUG org.apache.hc.client5.http.wire - http-outgoing-1 << "Alt-Svc: h3=":443"; ma=2592000,h3-29=":443"; ma=2592000[\r][\n]"
20:22:44.556 [main] DEBUG org.apache.hc.client5.http.wire - http-outgoing-1 << "[\r][\n]"
20:22:44.557 [main] DEBUG org.apache.hc.client5.http.wire - http-outgoing-1 << "<?xml version='1.0' encoding='UTF-8'?><Error><Code>NoSuchKey</Code><Message>The specified key does not exist.</Message><Details>No such object: chromedriver/LATEST_RELEASE_117</Details></Error>"
20:22:44.557 [main] DEBUG org.apache.hc.client5.http.headers - http-outgoing-1 << HTTP/1.1 404 Not Found
20:22:44.557 [main] DEBUG org.apache.hc.client5.http.headers - http-outgoing-1 << X-GUploader-UploadID: ADPycdtqVHr1WlUiGPW9X5yCjRnihk7jfJ6K2YLTkzwZGobVzMsMErJraiK5x6cYmTfl5OrSsMJYwwAmrKhal41RzfZleyM35jap
20:22:44.557 [main] DEBUG org.apache.hc.client5.http.headers - http-outgoing-1 << Content-Type: application/xml; charset=UTF-8
20:22:44.557 [main] DEBUG org.apache.hc.client5.http.headers - http-outgoing-1 << Content-Length: 193
20:22:44.558 [main] DEBUG org.apache.hc.client5.http.headers - http-outgoing-1 << Date: Thu, 05 Oct 2023 13:22:44 GMT
20:22:44.558 [main] DEBUG org.apache.hc.client5.http.headers - http-outgoing-1 << Expires: Thu, 05 Oct 2023 13:22:44 GMT
20:22:44.558 [main] DEBUG org.apache.hc.client5.http.headers - http-outgoing-1 << Cache-Control: private, max-age=0
20:22:44.558 [main] DEBUG org.apache.hc.client5.http.headers - http-outgoing-1 << Server: UploadServer
20:22:44.558 [main] DEBUG org.apache.hc.client5.http.headers - http-outgoing-1 << Alt-Svc: h3=":443"; ma=2592000,h3-29=":443"; ma=2592000
20:22:44.558 [main] DEBUG org.apache.hc.client5.http.impl.classic.MainClientExec - ex-00000002: connection can be kept alive for 3 MINUTES
20:22:44.558 [main] ERROR io.github.bonigarcia.wdm.online.HttpClient - Error HTTP 404 executing https://chromedriver.storage.googleapis.com/LATEST_RELEASE_117
20:22:44.558 [main] WARN io.github.bonigarcia.wdm.versions.VersionDetector - Exception reading https://chromedriver.storage.googleapis.com/LATEST_RELEASE_117 to get latest version of chromedriver (Error HTTP 404 executing https://chromedriver.storage.googleapis.com/LATEST_RELEASE_117)
20:22:44.560 [main] DEBUG io.github.bonigarcia.wdm.versions.VersionDetector - Getting driver version for chrome117 from online versions.properties
20:22:44.565 [main] DEBUG org.apache.hc.client5.http.impl.classic.InternalHttpClient - ex-00000003: preparing request execution
20:22:44.567 [main] DEBUG org.apache.hc.client5.http.protocol.RequestAddCookies - Cookie spec selected: strict
20:22:44.567 [main] DEBUG org.apache.hc.client5.http.protocol.RequestAuthCache - Auth cache not set in the context
20:22:44.567 [main] DEBUG org.apache.hc.client5.http.impl.classic.ProtocolExec - ex-00000003: target auth state: UNCHALLENGED
20:22:44.567 [main] DEBUG org.apache.hc.client5.http.impl.classic.ProtocolExec - ex-00000003: proxy auth state: UNCHALLENGED
20:22:44.567 [main] DEBUG org.apache.hc.client5.http.impl.classic.ConnectExec - ex-00000003: acquiring connection with route {s}->https://raw.githubusercontent.com:443
20:22:44.567 [main] DEBUG org.apache.hc.client5.http.impl.classic.InternalHttpClient - ex-00000003: acquiring endpoint (3 MINUTES)
20:22:44.567 [main] DEBUG org.apache.hc.client5.http.impl.io.PoolingHttpClientConnectionManager - ex-00000003: endpoint lease request (3 MINUTES) [route: {s}->https://raw.githubusercontent.com:443][total available: 1; route allocated: 1 of 5; total allocated: 2 of 25]
20:22:44.568 [main] DEBUG org.apache.hc.client5.http.impl.io.PoolingHttpClientConnectionManager - ex-00000003: endpoint leased [route: {s}->https://raw.githubusercontent.com:443][total available: 0; route allocated: 1 of 5; total allocated: 2 of 25]
20:22:44.568 [main] DEBUG org.apache.hc.client5.http.impl.io.PoolingHttpClientConnectionManager - ex-00000003: acquired ep-00000002
20:22:44.568 [main] DEBUG org.apache.hc.client5.http.impl.classic.InternalHttpClient - ex-00000003: acquired endpoint ep-00000002
20:22:44.568 [main] DEBUG org.apache.hc.client5.http.impl.classic.MainClientExec - ex-00000003: executing GET /bonigarcia/webdrivermanager/master/src/main/resources/versions.properties HTTP/1.1
20:22:44.568 [main] DEBUG org.apache.hc.client5.http.impl.classic.InternalHttpClient - ep-00000002: start execution ex-00000003
20:22:44.569 [main] DEBUG org.apache.hc.client5.http.impl.io.PoolingHttpClientConnectionManager - ep-00000002: executing exchange ex-00000003 over http-outgoing-0
20:22:44.569 [main] DEBUG org.apache.hc.client5.http.headers - http-outgoing-0 >> GET /bonigarcia/webdrivermanager/master/src/main/resources/versions.properties HTTP/1.1
20:22:44.569 [main] DEBUG org.apache.hc.client5.http.headers - http-outgoing-0 >> user-agent: Apache-HttpClient/5.0
20:22:44.569 [main] DEBUG org.apache.hc.client5.http.headers - http-outgoing-0 >> accept-encoding: gzip, deflate, br
20:22:44.569 [main] DEBUG org.apache.hc.client5.http.headers - http-outgoing-0 >> cache-control: max-age=0
20:22:44.569 [main] DEBUG org.apache.hc.client5.http.headers - http-outgoing-0 >> connection: keep-alive
20:22:44.569 [main] DEBUG org.apache.hc.client5.http.headers - http-outgoing-0 >> Host: raw.githubusercontent.com
20:22:44.569 [main] DEBUG org.apache.hc.client5.http.wire - http-outgoing-0 >> "GET /bonigarcia/webdrivermanager/master/src/main/resources/versions.properties HTTP/1.1[\r][\n]"
20:22:44.569 [main] DEBUG org.apache.hc.client5.http.wire - http-outgoing-0 >> "user-agent: Apache-HttpClient/5.0[\r][\n]"
20:22:44.569 [main] DEBUG org.apache.hc.client5.http.wire - http-outgoing-0 >> "accept-encoding: gzip, deflate, br[\r][\n]"
20:22:44.569 [main] DEBUG org.apache.hc.client5.http.wire - http-outgoing-0 >> "cache-control: max-age=0[\r][\n]"
20:22:44.569 [main] DEBUG org.apache.hc.client5.http.wire - http-outgoing-0 >> "connection: keep-alive[\r][\n]"
20:22:44.569 [main] DEBUG org.apache.hc.client5.http.wire - http-outgoing-0 >> "Host: raw.githubusercontent.com[\r][\n]"
20:22:44.569 [main] DEBUG org.apache.hc.client5.http.wire - http-outgoing-0 >> "[\r][\n]"
20:22:44.614 [main] DEBUG org.apache.hc.client5.http.wire - http-outgoing-0 << "HTTP/1.1 200 OK[\r][\n]"
20:22:44.614 [main] DEBUG org.apache.hc.client5.http.wire - http-outgoing-0 << "Connection: keep-alive[\r][\n]"
20:22:44.614 [main] DEBUG org.apache.hc.client5.http.wire - http-outgoing-0 << "Content-Length: 1625[\r][\n]"
20:22:44.614 [main] DEBUG org.apache.hc.client5.http.wire - http-outgoing-0 << "Cache-Control: max-age=300[\r][\n]"
20:22:44.614 [main] DEBUG org.apache.hc.client5.http.wire - http-outgoing-0 << "Content-Security-Policy: default-src 'none'; style-src 'unsafe-inline'; sandbox[\r][\n]"
20:22:44.614 [main] DEBUG org.apache.hc.client5.http.wire - http-outgoing-0 << "Content-Type: text/plain; charset=utf-8[\r][\n]"
20:22:44.614 [main] DEBUG org.apache.hc.client5.http.wire - http-outgoing-0 << "ETag: W/"51a99ebb5fa30c7285d42b08929913814dd238f6403d61fccadee50390eab957"[\r][\n]"
20:22:44.614 [main] DEBUG org.apache.hc.client5.http.wire - http-outgoing-0 << "Strict-Transport-Security: max-age=31536000[\r][\n]"
20:22:44.614 [main] DEBUG org.apache.hc.client5.http.wire - http-outgoing-0 << "X-Content-Type-Options: nosniff[\r][\n]"
20:22:44.614 [main] DEBUG org.apache.hc.client5.http.wire - http-outgoing-0 << "X-Frame-Options: deny[\r][\n]"
20:22:44.614 [main] DEBUG org.apache.hc.client5.http.wire - http-outgoing-0 << "X-XSS-Protection: 1; mode=block[\r][\n]"
20:22:44.614 [main] DEBUG org.apache.hc.client5.http.wire - http-outgoing-0 << "X-GitHub-Request-Id: ADC8:C8321:F9E48:13930E:651E6E7C[\r][\n]"
20:22:44.614 [main] DEBUG org.apache.hc.client5.http.wire - http-outgoing-0 << "Content-Encoding: gzip[\r][\n]"
20:22:44.614 [main] DEBUG org.apache.hc.client5.http.wire - http-outgoing-0 << "Accept-Ranges: bytes[\r][\n]"
20:22:44.614 [main] DEBUG org.apache.hc.client5.http.wire - http-outgoing-0 << "Date: Thu, 05 Oct 2023 13:22:45 GMT[\r][\n]"
20:22:44.614 [main] DEBUG org.apache.hc.client5.http.wire - http-outgoing-0 << "Via: 1.1 varnish[\r][\n]"
20:22:44.614 [main] DEBUG org.apache.hc.client5.http.wire - http-outgoing-0 << "X-Served-By: cache-qpg1242-QPG[\r][\n]"
20:22:44.614 [main] DEBUG org.apache.hc.client5.http.wire - http-outgoing-0 << "X-Cache: HIT[\r][\n]"
20:22:44.614 [main] DEBUG org.apache.hc.client5.http.wire - http-outgoing-0 << "X-Cache-Hits: 1[\r][\n]"
20:22:44.615 [main] DEBUG org.apache.hc.client5.http.wire - http-outgoing-0 << "X-Timer: S1696512165.225989,VS0,VE1[\r][\n]"
20:22:44.615 [main] DEBUG org.apache.hc.client5.http.wire - http-outgoing-0 << "Vary: Authorization,Accept-Encoding,Origin[\r][\n]"
20:22:44.615 [main] DEBUG org.apache.hc.client5.http.wire - http-outgoing-0 << "Access-Control-Allow-Origin: *[\r][\n]"
20:22:44.616 [main] DEBUG org.apache.hc.client5.http.wire - http-outgoing-0 << "Cross-Origin-Resource-Policy: cross-origin[\r][\n]"
20:22:44.616 [main] DEBUG org.apache.hc.client5.http.wire - http-outgoing-0 << "X-Fastly-Request-ID: 48fac32cce3ab136f0957de12850501fd375fa0c[\r][\n]"
20:22:44.617 [main] DEBUG org.apache.hc.client5.http.wire - http-outgoing-0 << "Expires: Thu, 05 Oct 2023 13:27:45 GMT[\r][\n]"
20:22:44.617 [main] DEBUG org.apache.hc.client5.http.wire - http-outgoing-0 << "Source-Age: 181[\r][\n]"
20:22:44.617 [main] DEBUG org.apache.hc.client5.http.wire - http-outgoing-0 << "[\r][\n]"
20:22:44.617 [main] DEBUG org.apache.hc.client5.http.headers - http-outgoing-0 << HTTP/1.1 200 OK
20:22:44.617 [main] DEBUG org.apache.hc.client5.http.headers - http-outgoing-0 << Connection: keep-alive
20:22:44.617 [main] DEBUG org.apache.hc.client5.http.headers - http-outgoing-0 << Content-Length: 1625
20:22:44.617 [main] DEBUG org.apache.hc.client5.http.headers - http-outgoing-0 << Cache-Control: max-age=300
20:22:44.617 [main] DEBUG org.apache.hc.client5.http.headers - http-outgoing-0 << Content-Security-Policy: default-src 'none'; style-src 'unsafe-inline'; sandbox
20:22:44.617 [main] DEBUG org.apache.hc.client5.http.headers - http-outgoing-0 << Content-Type: text/plain; charset=utf-8
20:22:44.617 [main] DEBUG org.apache.hc.client5.http.headers - http-outgoing-0 << ETag: W/"51a99ebb5fa30c7285d42b08929913814dd238f6403d61fccadee50390eab957"
20:22:44.617 [main] DEBUG org.apache.hc.client5.http.headers - http-outgoing-0 << Strict-Transport-Security: max-age=31536000
20:22:44.617 [main] DEBUG org.apache.hc.client5.http.headers - http-outgoing-0 << X-Content-Type-Options: nosniff
20:22:44.617 [main] DEBUG org.apache.hc.client5.http.headers - http-outgoing-0 << X-Frame-Options: deny
20:22:44.617 [main] DEBUG org.apache.hc.client5.http.headers - http-outgoing-0 << X-XSS-Protection: 1; mode=block
20:22:44.617 [main] DEBUG org.apache.hc.client5.http.headers - http-outgoing-0 << X-GitHub-Request-Id: ADC8:C8321:F9E48:13930E:651E6E7C
20:22:44.617 [main] DEBUG org.apache.hc.client5.http.headers - http-outgoing-0 << Content-Encoding: gzip
20:22:44.617 [main] DEBUG org.apache.hc.client5.http.headers - http-outgoing-0 << Accept-Ranges: bytes
20:22:44.617 [main] DEBUG org.apache.hc.client5.http.headers - http-outgoing-0 << Date: Thu, 05 Oct 2023 13:22:45 GMT
20:22:44.617 [main] DEBUG org.apache.hc.client5.http.headers - http-outgoing-0 << Via: 1.1 varnish
20:22:44.617 [main] DEBUG org.apache.hc.client5.http.headers - http-outgoing-0 << X-Served-By: cache-qpg1242-QPG
20:22:44.617 [main] DEBUG org.apache.hc.client5.http.headers - http-outgoing-0 << X-Cache: HIT
20:22:44.618 [main] DEBUG org.apache.hc.client5.http.headers - http-outgoing-0 << X-Cache-Hits: 1
20:22:44.618 [main] DEBUG org.apache.hc.client5.http.headers - http-outgoing-0 << X-Timer: S1696512165.225989,VS0,VE1
20:22:44.618 [main] DEBUG org.apache.hc.client5.http.headers - http-outgoing-0 << Vary: Authorization,Accept-Encoding,Origin
20:22:44.618 [main] DEBUG org.apache.hc.client5.http.headers - http-outgoing-0 << Access-Control-Allow-Origin: *
20:22:44.618 [main] DEBUG org.apache.hc.client5.http.headers - http-outgoing-0 << Cross-Origin-Resource-Policy: cross-origin
20:22:44.618 [main] DEBUG org.apache.hc.client5.http.headers - http-outgoing-0 << X-Fastly-Request-ID: 48fac32cce3ab136f0957de12850501fd375fa0c
20:22:44.619 [main] DEBUG org.apache.hc.client5.http.headers - http-outgoing-0 << Expires: Thu, 05 Oct 2023 13:27:45 GMT
20:22:44.619 [main] DEBUG org.apache.hc.client5.http.headers - http-outgoing-0 << Source-Age: 181
20:22:44.620 [main] DEBUG org.apache.hc.client5.http.impl.classic.MainClientExec - ex-00000003: connection can be kept alive for 3 MINUTES
20:22:44.620 [main] DEBUG org.apache.hc.client5.http.wire - http-outgoing-0 << "[0x1f][0xffffff8b][0x8][0x0][0x0][0x0][0x0][0x0][0x0][0x3][0xffffff8d][0xffffff97]Ko#7[0xc][0xffffffc7][0xffffffef][0xfffffff9][0x14][0x3][0xfffffff4][0x1c]YO[0xffffff8a][\n]"
20:22:44.620 [main] DEBUG org.apache.hc.client5.http.wire - http-outgoing-0 << "[0xffffffa0]K[0xffffff9f][0xffffffa7][0xffffffa2][0xffffff87][0xfffffff6][0xb]x[0xffffffed]Ib[0xffffffac][0xffffffe3][0x9]lg[0xffffffb3][0xffffffe8][0xffffffa7]/[0xfffffff5][0xffffffa0]F[0xffffff96][[0xffffffa0][0xffffff87]`[0xffffff97]?k$[0xffffff92][0xffffffe2]p[0xfffffffe][0xfffffffc]a[0xfffffffa][0xffffffeb][0xfffffff5]p[0xffffff99][0xffffff9e][0xf][0xffffffc7]y[0xffffffda]-[0xffffffa7][0xffffffeb][0xfffffff6]p[0xffffffba]L[0xffffffd7][0xffffffd7]y[0xfffffffa]zZ>O[0xffffffd3][0xfffffffe]|[0xfffffff8]6[0xffffff9f]'[0xfffffffa][0xffffffbb][0x1c][0x16][0xfffffffa]e[0xffffffb7][0xffffffbc][0xffffffbd]o[0xffffffaf][0xffffff87]/[0xffffffb4][0xfffffffa][0xfffffff3]p}[0xffffffcd]+w[0xffffffcb][0xfffffff9]<_[0xffffffde][0xffffff97][0xffffffd3][0xfffffffe]pz[0xffffff99][0xffffffbe][0xffffff9c][0xffffff97][0xffffffcf][0xffffffcb][0xfffffffa][0xffffffc8][0xffffffc3][0xffffffc3][0xf][0xffffffd3][0xffffff8f][0x5]=M[0xffffffbf]-[0xffffffcb][0xb]=[0xfffffff9][0xffffffd3][0xffffffeb]yy[0xffffff9b][0xffffffa7][0xffffffed]i_[0xfffffffe]{[0xfffffff8]x[0xffffff9b][0x1e][0xffffffa7][0xffffff9f][0xfffffff3]QO[0xffffffd3].[0xffffffff]Z[0xe][0xffffffa6][0xffffff87][0xffffffff]\>[0xffffffce][0xffffffbb][0xfffffff9]iz[0xffffffbd]^[0xffffffdf][0xffffff9f]6[0xffffff9b][0xfffffffe]W[0xffffffb1][0xffffffab]O[0xffffff8b][0xffffffe5][0xfffffffc][0xffffffb2][0xffffffd9][0xffffff93][0xffffffbf][0xffffffc7]e[0xffffffbb][0xffffffbf]<[0xffffff94]5J[0xffffffd9]H[0x7f]B[\n]"
20:22:44.620 [main] DEBUG org.apache.hc.client5.http.wire - http-outgoing-0 << "[0xffffffe7][0xffffff8d][0x13]A6n[0xffffff88][0xffffff9b][0xffffffc4][0xffffffc1]k[0x1][0xffffffa6]qM\g[0xffffffae][0xffffff9c][0xffffffb0][0xffffffa1]qE\%[0xffffffee][0xffffffc0][0x8][0xffffffb0][0xffffff8d]K[0xffffffe2]2q[0xffffff8b]Jx[0xffffffcf]\[0xffffff86]H[0x7f][0xffffff99][0xffffffd3][0xfffffff1][0xffffffbe][0xffffffad][0xffffff97]H[0x1c][0x13]7.[0x8][0xffffffaf][0x1a][0xfffffff7][0xffffffc4]}[0xffffffe6][0xffffffd2][\n]"
20:22:44.620 [main] DEBUG org.apache.hc.client5.http.wire - http-outgoing-0 << "[0xffffffd0][0xffffff8d][0x3]qH\[0xffffffdb] `][0xffffffef][0xffffff88][0xffffffbb][0xffffffc4]Up[0xfffffff4]c[0xffffffe3][0x14][0xffffffaf][0xffffffcc][0xfffffff1][0xffffffa6]0|[0xfffffff3]_R[0xffffffbc]2[0xffffffc7]+A[\n]"
20:22:44.621 [main] DEBUG org.apache.hc.client5.http.wire - http-outgoing-0 << "eV[0xffffff87](`[0xffffff99][0x3][0xffffff96][0xffffffb4]_w[0x0][0x5],S[0xffffffc0]68%[0xffffffec][0xffffffca])`[0xffffff99][0x2][0xffffffb6][0x18]@[0x0]'4[0xffffff84][0x18]B[0xffffffa6][0xffffffd6][0xffffffd2][0xffffffd9]L1[0xffffff86][0x14][0xffffffac][0xfffffff5][0xe][0x5][0x1d][0xffffffc3][0xffffffd8][0xffffffc7][0xffffff90]b[0xffffffb5][0x10][0xfffffff4][0xffffff9a][0xffffff83][0x0]1@[0xffffffa6]`[0xffffff85]uL][0xc].S[0xffffff83][0x2]8[0xffffff9e]`c[0xffffffb0][0xffffff99]Rr[0xffffffe8]"[0x19][0xffffff9b][0x18]R[0xffffff90][0xffffffd6]y[0xffffffbf]^j[0xffffffd0]1[0xffffffe8]L[0xffffffe9]J)[0xffffffcb][0xffffff8c]U[0xc]9@K[0x15]@[0xffffffb1]2[0xffffff96]1[0xffffffe4][0xfffffff8][0xffffffac][0xffffff91]Bs[0xffffff9e]0D[0xffffffcc][0xfffffff1][0x19][0xfffffffa]G[0xfffffff3][0xffffffce][0xffffff88][0x11]s|F[[0x11][0xffffff80][0xffffffa9][0xffffff8f][0xffffff98][0xffffffc3][0xffffffd3]([0x5]"S[0xffffff88][0xffffff98][0xffffffc3][0xffffffd3][0xffffff96][0xfffffff6][0xffffffe5]T[0xffffffa0][0xffffff8b][0xffffff98][0xffffffc3]Sh[0x4][0xffffffb2]kh#[0xffffffe6][0xfffffff0][0xffffff94][0xfffffff5][0xffffffc2]p[0xffffff8e][0xffffffd1]D[0xffffffcc][0xffffffd1][0xffffffa5][0xffffff9b]4[0xffffff9c][\n]"
20:22:44.621 [main] DEBUG org.apache.hc.client5.http.wire - http-outgoing-0 << "T[0x11]s[0x18][0xffffff92]2[0xffffffaf]L;NFLa[0xffffff98]@[0xffffffbe]P[0x9]U[0xffffffec]C[0xfffffff4]!c[0xffffffeb][0xffffff84]i[0x14][0xffffffa3][0xffffffc7]L[0xffffffa9]v[0xffffffa8][0xffffffae][0x18][0xfffffffb][0xffffffe8]S [0x6][0xffffff81][0xffffffde][0x5]v[0xffffffc3]C[0xfffffff4][0xffffff90])[0x15][0xffffffb8][0xffffffd2]m[0xf][0x17]}[0xffffff8a][0xffffffc4]xO[0x5][0xffffffb6][0xffffffae][0xffffffb6][0xffffffd1][0xffffffdb][0xffffff8c]5[0xffffffd5]/C[0x13]}[0xffffff8a][0xffffffc4][0x0][0x5][0x4][0xffffffec][0xffffffb2][0xffffffd7]Q[0xffffffd3][0xffffff8d][0xffffffb2][0xffffffa5]n,[0xffffff99],v[0xc]B[0xffffffb2][0xfffffff8]n[0x0][0xffffff93][0xffffffc5][0x19][0x5][0xffffff9f],[0xffffffbe]M[0xffffff80]d[0xffffffb1]3[0xffffffe0][0xffffffc8]j)[0x2][0xffffff9b],[0xffffffce]9[0xffffff98]d[0xfffffff1]y[0xffffff90]|1[0xffffffed][0xffffffbc][0xffffffe4]K{g [0xfffffff9]b[0xffffffcc]MW[0xfffffffb]}[0xfffffff9][0xfffffffb]p<n[0xffffffa7]_[0xf][0xffffffe7][0xfffffff9]y[0xfffffff9][0xffffffde][0xffffffb5][0xffffffb2][0xffffff97]y[0xfffffff7]u[0xfffffff9][0xffffffd7]Nv[0xffffffa1]V[0xfffffff6]B[\r][0xfffffff4][0xffffffe3][0xffffff8b][0xffffffa0][0xffffff96][0xffffffba]y+[l[0xffffffba][0x7]6[0xffffffe7][0xfffffff9]8o/[0xfffffff3][0xffffffe5][0xffffffe1][0xffffffb9][0xffffffec][0xffffffab][0x14]FJ[0x1b][0xffffffe5]n%[0xfffffffe][0xffffff8e][0xffffffc0][0x1d]qw[0xffffffc4][0xffffffde][0x11]sG[0xfffffff4][0x1d]QwD&[0xffffffa2][0xffffff85]n[0xffffff84]:_&[0xffffffeb][0x1a][0xffffff89]w[0xffffffc4][0xffffffdf][0x11][0xffffffb8]#[0xffffffee][0xffffff8e]d[0xffffff9f]UO[0xffffffcc][0x1d][0xffffffd1]wD[0xffffffdd][0x11]9[0xffffff90][0x10]F[0xffffff80]#[0xfffffff0]#[0xffffff80][0x11][0xffffffb8][0x11][0xffffff8c][0xffffffde][0xffffff86][0xffffffd1][0xffffffd9]0[0xfffffffa][0x1a]FWC[0xfffffff2][0xffffff94][0xffffffde][0xffffff9b][0xe][0xffffff88][0xffffffe3][0xffffffe1][0xfffffff4][0xfffffff1][0xffffffbd]`[0xffffffc5][0x18][0xffffffc3][0xffffffb0][0xe]q[0x4]~[0x4]0[0x2]7[0x2];[0xffffff82][0x14][0xffffff80][0xffffffc6][0xe][0xffffffe8][0x11][0xffffffa4][0x0][0xffffffb4][0xffffffef][0xffffff80][0x1c][0xffffff80][0xf]#[0xffffffc8][0xffffff9e]B[0x7][0xfffffffc][0x8]`[0x4]n[0x4]v[0x4]f[0x4]z[0x4]j[0x4]r[0x0][0x10]F[0xffffff90]=u[0x1d][0xffffffc8][0xffffff9e][0xffffffda][0xe][0xffffffc0][0x8][0xffffffdc][0x8][0xffffffb2][0xffffffa7][0xffffffdd][0xb][0x4]f[0x4][0xffffffd9][0xffffffd3][0xffffffae][0xffffffec]!{[0xffffffda][0x15][0x5][0xffffffc8][0x1][0xffffffb8]0[0x2][0x1c][0xffffff81][0x1f]A[0xfffffff6]Tv[0xffffffc0]1[0xffffffe8][0xffffffbb][0xffffffda][0x1f][0xffffffef][0xfffffff3]y[0xffffffdb][0xfffffff5][0xffffffb2]%[0xffffffd9][0xffffffff][0xffffffa7][0xffffff97][0xffffffe5][0xffffff85][0xffffff97][0xffffffe5][0xfffffff9][0xfffffffa][0xffffffb9]=[0xffffffcf][0xffffffc5]b[0xffffff9d]6v[0xffffffb6][0xfffffffc]c[0xffffffd6]'*[0xffffffeb][0xffffff9f]@[0xffffffdf]ye4[0xfffffff3][0xffffffa4][0xffffffc7][0xffffffb2][0xfffffffe]A[0xfffffffa]`[0x5][0xffffffcf]8[0xffffffc9][0xffffffb1],[0x7f]<[0xffffffbd][0x12][0xffffff8a]4D[0xffffffe5][0xffffffb2][0xffffff97]{[0xffffffd4][0xffffff9d][\n]"
20:22:44.621 [main] DEBUG org.apache.hc.client5.http.wire - http-outgoing-0 << "[0xffffffa7][0x17][0xffffffbc]S{J[0xffffffd7]m[0xffffffe8]5[0xffffffef][0xffffffc4][0x1e]2[0xfffffff5]7R[0xffffffcf]U[\n]"
20:22:44.621 [main] DEBUG org.apache.hc.client5.http.wire - http-outgoing-0 << "[0xffffffbd][0xffffffd0][0xffffffa3][0xffffff83]*v[0xffffffbd][0xffffffce]S[0xffffff9a][0xffffffb1][0xffffffed]e^[0x8][0xffffff95][0xffffff9a]^[0xffffffe4][0xffffff91]2(T[0xfffffff7][0x12]O)^[0xffffffac]z[0xffffff85][0xffffff97][0xffffffc4]S[0xffffffc1][0xffffffb2][0x17]xX[0x3][0xffffffc7][0xffffffd0][0xffffffcb];[0xffffff80]Jq[0xffffffd0]v[0xffffff85][0xfffffffa]^[0xffffffd9][0xffffff91][0xffffff94]-[0x14]z][0xffffffd7]RD][0xffffffe1]F[0xffffffd7][0x15]h;Y[0xffffff87][0xffffffd5]1[0xffffffea][0xe]7[0xffffffa2][0xffffffae]@}[0xffffffab][0xffffffe9][\n]"
20:22:44.621 [main] DEBUG org.apache.hc.client5.http.wire - http-outgoing-0 << "T[0xffffff9d][0xffffffa4]s|[0xffffffbe][0xffffffec][0x14][0x1d][0xffffffbb]J[0xffffffdd][0xffffffe2]F[0xffffffcf][0x15][0xffffff88][0xffffff83][0xffffff9c]+[0xffffffd4]wj[0xffffffce]3[0xffffff84]N[0xffffffcb]a=[0xffffff9e][0xffffffda][0xffffffc7]*[0xffffffe5][0xffffffd8]{j![0xffffffab][0xffffff92][0xffffffa3][0x4]Wj:%[0x7][0xffffffbc][0xffffffa9][0xffffffee][0xffffff84][0x1c][0xffffffd6][0xb][0xffffffa7]~[0xffffffb2][0xffffffea][0xffffffb8]vY[0xffffffd4]TV[0x1d][0xffffff87][0xfffffff5]b[0xffffffa9][0xffffffb1][0xffffffac]2[0xffffff8e]+[0xffffff9a][0xffffff9a]K[0xffffffa7][0xffffffe2]T[\r][0xffffff95]:L/[0xffffffe2][0xffffffea]Y[0xffffffd4]fV[\r][0xffffffe7]yW[0xffffffd7]I8.ej7[0xffffffab][0xffffff80]k[0xffffffc5]I=[0xffffffa7][0x13]p[0xfffffffc][0xffffffaa]Q[0xffffffe3][0xffffffe9][0xfffffff4][;[0xffffffab][0xffffffea][0xffffffae]l[0xffffffb8][0xffffffd0][0x1b]Uu[0x15][0xffffffa3][0xffffff8a][0xffffffae]bT[0xffffffcd]U[0xffffff8c]*[0xffffffb9][0xffffff8a]Q[0x15]W1[0xffffffaa][0xffffffe0]*F[0xffffffd5][[0xffffffc5]PE`[0x15]Cv[0xffffff86]M[0x1e][0xffffffb0][0xffffffc7]6y`[0xffffffea]96y[0xffffffa0]k2,[0x14][0xffffffe3]F[0xffffffa1][0x1d]v[0xffffffe7]%[0xffffffb5][0xffffffa4][0xffffffe9][0xffffff97][0xfffffffd][0xffffffcb][0xffffffdc]5[0xffffffb5][0xffffffb7][0xffffffcb]L[0xffffffe0]?[0xffffffbb][0xffffffda]~[0xfffffffe]6[0x1f][0xffffffd3][0xffffffae][0xffffffe2][0xffffff8d]w[0xffffffc8]-n>=~\6[0xffffff8d]=[0xffffffa6]M6[0xffffffd7]e9^6[0xffffff9f][0xfffffff3][0xffffff97][0xffffffda][0xffffffe5][0x1e][0x12]][0xffffff87]P[0xffffff85][0xffffffd4][0xffffffea][0x15]V[0xffffffca]#[0xffffffa8][0xfffffff2][0xffffffa4][0xffffff90])[0xffffff93][0xffffff85][0xfffffff2][0x0][0xffffffaa][0xffffffbc][0xffffffce][0xffffff85]\([0xffffff8f][0xffffff9f][\n]"
20:22:44.621 [main] DEBUG org.apache.hc.client5.http.wire - http-outgoing-0 << "@[0xffffffa5][0xfffffff1][0xffffffb0]P[0x1e]>[0xffffff95][0xffffffa3][0xfffffffa][0xffffffa0][0xffffffec]e[0xffffffda]FO[0xffffffe5][0x14][\n]"
20:22:44.621 [main] DEBUG org.apache.hc.client5.http.wire - http-outgoing-0 << "_Ok[0xffffff83][0xffffffa7][0xffffffb2]@[0xfffffffb]B[0xffffffa5]<v[0xffffff92]`O[0x1f][0xffffffe5][0x2]y[0xffffffe6]T[0xffffffc6][0xffffffa7]O`[0xffffffa5]<q[0xffffffd2][0xfffffff0]h[0xffffffa8][0xffffff83]U[0xffffffca][0xfffffff3][0xffffffa6][0xffffffd2][0xfffffff4][0xffffffa6]z[0xffffffde][0xffffff81][0xffffffa7]M[0x1a][0xf]l[0xb][0xffffffa2][0xffffff8d][0xffffff9a]JS[0xffffffe1][0xffffff92]|/"
20:22:44.622 [main] DEBUG org.apache.hc.client5.http.wire - http-outgoing-0 << "[0xffffff94][0x7]M[0xffffffa5][0xffffff95]\[0xfffffff7][0xffffffe5]1[0xffffff93][0x14][0xffffffaf]K[0xffffffc3]N[0xffffffa2]<dR[0xffffffeb]O[0xffffff8d][0xffffffa2][0xffffffb0]:b[0xffffffaa][0x14]]M[0xc][0xffffffcf][0xffffff97][0x14][0xffffff9a]n[0xffffffac]N[0xffffff97][0x14][0xffffff83]m[0xffffffac][0xffffffce][0xffffff96][0xffffffe4]U;[0xffffff99]'[0xffffffcb]@=[0xffffffc6][0xffffffa8][0xffffff82][0xffffffea]T[0x19]([0xfffffff5][0xffffffa6][0xffffffae][0xffffffaa]#e[0xffffff90][0xffffffeb][0x1]u[0xffffff9c][0xffffffc4][0xffffffd4][0xffffffe9][0xffffffea][0xffffff83]u[0xffffff94]D[\n]"
20:22:44.622 [main] DEBUG org.apache.hc.client5.http.wire - http-outgoing-0 << "[0xffffffac][0x10][0x1e]#[0xffffffd3][0xffffff8d][0xffffff97][0xffffff8b][0xffffffe1][0x11][0xffffffd2]Sn[0xffffffeb]c<?[0x2][0xffffff84]z%<;[0x2][0xffffff95][0x4][0xffffff94]\[0xfffffff0][0xffffffe0][0xffffffe8]R[0xffffff82][0xffffffeb][0xffffffaa]:5[0xffffffba][0xffffffac]82[0xffffffe1][0xffffff89][0xffffff91]Z[0xffffff83][0xffffffab][0xffffffe7]Q[0xfffffff7]*[0xffffffdd]3[0xffffffb0]O<@[0xffffffd2]w[0xffffffb6]^U[0x1b][0x1e])b[0xffffffaa][0xffffffbb][0xffffffcc][0xffffffda][0xffffffe4][0xffffff98]j[0xffffffb6][0xffffff90]:5j[0xffffffcf][0xffffffa5][0xffffffc3][0x3][0xffffffa3]6[0xffffff8d][0xffffffd4]a1[0xffffffb5][0xffffffc5]J[0xffffffea][0xffffff9c][0xffffffa8][0xc][\r][0xffffffd2][0x5]Y[0x1b][0xffffffdf][0xffffffcf][0xfffffff3][0xffffffe3][0xffffffe1]t[0xffffffb9]n[0xffffff8f][0xffffffc7]y_[0xffffffa0][0xffffff8e][0xffffff90][0xffffffbe][0xffffffec][0xffffffa6][0xffffffd4][0xffffff89]U[0xffffff91]Z[0x18][0xffffffe8]P[0xffffffc2][0xffffffb7]2R[0xffffff9f][0xffffffa4][0xffffffaf]][0xffffffb9][0xf][0xffffff83][0xffffff91]^,kB1uj:t[0xffffffd3]XjDS1[0xffffffa5]K[0xffffffa6][0xffffff9e][0xfffffff4][0xf][0x3][0x1][0xffffffec][0xffffffa6][0xffffffeb][0x12][0x0][0x0]"
20:22:44.623 [main] DEBUG org.apache.hc.client5.http.impl.classic.InternalHttpClient - ep-00000002: releasing valid endpoint
20:22:44.623 [main] DEBUG org.apache.hc.client5.http.impl.io.PoolingHttpClientConnectionManager - ep-00000002: releasing endpoint
20:22:44.623 [main] DEBUG org.apache.hc.client5.http.impl.io.PoolingHttpClientConnectionManager - ep-00000002: connection http-outgoing-0 can be kept alive for 3 MINUTES
20:22:44.623 [main] DEBUG org.apache.hc.client5.http.impl.io.PoolingHttpClientConnectionManager - ep-00000002: connection released [route: {s}->https://raw.githubusercontent.com:443][total available: 1; route allocated: 1 of 5; total allocated: 2 of 25]
20:22:44.623 [main] DEBUG io.github.bonigarcia.wdm.versions.VersionDetector - Driver for chrome117 not found in online properties (using local versions.properties)
20:22:44.624 [main] DEBUG io.github.bonigarcia.wdm.WebDriverManager - The driver version for CHROME 117 is unknown ... trying with latest
20:22:44.629 [main] DEBUG org.apache.hc.client5.http.impl.classic.InternalHttpClient - ex-00000004: preparing request execution
20:22:44.629 [main] DEBUG org.apache.hc.client5.http.protocol.RequestAddCookies - Cookie spec selected: strict
20:22:44.629 [main] DEBUG org.apache.hc.client5.http.protocol.RequestAuthCache - Auth cache not set in the context
20:22:44.629 [main] DEBUG org.apache.hc.client5.http.impl.classic.ProtocolExec - ex-00000004: target auth state: UNCHALLENGED
20:22:44.629 [main] DEBUG org.apache.hc.client5.http.impl.classic.ProtocolExec - ex-00000004: proxy auth state: UNCHALLENGED
20:22:44.630 [main] DEBUG org.apache.hc.client5.http.impl.classic.ConnectExec - ex-00000004: acquiring connection with route {s}->https://chromedriver.storage.googleapis.com:443
20:22:44.630 [main] DEBUG org.apache.hc.client5.http.impl.classic.InternalHttpClient - ex-00000004: acquiring endpoint (3 MINUTES)
20:22:44.630 [main] DEBUG org.apache.hc.client5.http.impl.io.PoolingHttpClientConnectionManager - ex-00000004: endpoint lease request (3 MINUTES) [route: {s}->https://chromedriver.storage.googleapis.com:443][total available: 1; route allocated: 1 of 5; total allocated: 2 of 25]
20:22:44.630 [main] DEBUG org.apache.hc.client5.http.impl.io.PoolingHttpClientConnectionManager - ex-00000004: endpoint leased [route: {s}->https://chromedriver.storage.googleapis.com:443][total available: 1; route allocated: 2 of 5; total allocated: 3 of 25]
20:22:44.630 [main] DEBUG org.apache.hc.client5.http.impl.io.PoolingHttpClientConnectionManager - ex-00000004: acquired ep-00000003
20:22:44.630 [main] DEBUG org.apache.hc.client5.http.impl.classic.InternalHttpClient - ex-00000004: acquired endpoint ep-00000003
20:22:44.630 [main] DEBUG org.apache.hc.client5.http.impl.classic.ConnectExec - ex-00000004: opening connection {s}->https://chromedriver.storage.googleapis.com:443
20:22:44.630 [main] DEBUG org.apache.hc.client5.http.impl.classic.InternalHttpClient - ep-00000003: connecting endpoint (30 SECONDS)
20:22:44.630 [main] DEBUG org.apache.hc.client5.http.impl.io.PoolingHttpClientConnectionManager - ep-00000003: connecting endpoint to https://chromedriver.storage.googleapis.com:443 (30 SECONDS)
20:22:44.630 [main] DEBUG org.apache.hc.client5.http.impl.io.DefaultHttpClientConnectionOperator - http-outgoing-2: connecting to chromedriver.storage.googleapis.com/142.251.223.59:443
20:22:44.631 [main] DEBUG org.apache.hc.client5.http.ssl.SSLConnectionSocketFactory - Connecting socket to chromedriver.storage.googleapis.com/142.251.223.59:443 with timeout 30 SECONDS
20:22:44.731 [main] DEBUG org.apache.hc.client5.http.ssl.SSLConnectionSocketFactory - Enabled protocols: [TLSv1.3, TLSv1.2]
20:22:44.732 [main] DEBUG org.apache.hc.client5.http.ssl.SSLConnectionSocketFactory - Enabled cipher suites: [TLS_AES_256_GCM_SHA384, TLS_AES_128_GCM_SHA256, TLS_CHACHA20_POLY1305_SHA256, TLS_ECDHE_ECDSA_WITH_AES_256_GCM_SHA384, TLS_ECDHE_ECDSA_WITH_AES_128_GCM_SHA256, TLS_ECDHE_ECDSA_WITH_CHACHA20_POLY1305_SHA256, TLS_ECDHE_RSA_WITH_AES_256_GCM_SHA384, TLS_ECDHE_RSA_WITH_CHACHA20_POLY1305_SHA256, TLS_ECDHE_RSA_WITH_AES_128_GCM_SHA256, TLS_DHE_RSA_WITH_AES_256_GCM_SHA384, TLS_DHE_RSA_WITH_CHACHA20_POLY1305_SHA256, TLS_DHE_DSS_WITH_AES_256_GCM_SHA384, TLS_DHE_RSA_WITH_AES_128_GCM_SHA256, TLS_DHE_DSS_WITH_AES_128_GCM_SHA256, TLS_ECDHE_ECDSA_WITH_AES_256_CBC_SHA384, TLS_ECDHE_RSA_WITH_AES_256_CBC_SHA384, TLS_ECDHE_ECDSA_WITH_AES_128_CBC_SHA256, TLS_ECDHE_RSA_WITH_AES_128_CBC_SHA256, TLS_DHE_RSA_WITH_AES_256_CBC_SHA256, TLS_DHE_DSS_WITH_AES_256_CBC_SHA256, TLS_DHE_RSA_WITH_AES_128_CBC_SHA256, TLS_DHE_DSS_WITH_AES_128_CBC_SHA256, TLS_ECDH_ECDSA_WITH_AES_256_GCM_SHA384, TLS_ECDH_RSA_WITH_AES_256_GCM_SHA384, TLS_ECDH_ECDSA_WITH_AES_128_GCM_SHA256, TLS_ECDH_RSA_WITH_AES_128_GCM_SHA256, TLS_ECDH_ECDSA_WITH_AES_256_CBC_SHA384, TLS_ECDH_RSA_WITH_AES_256_CBC_SHA384, TLS_ECDH_ECDSA_WITH_AES_128_CBC_SHA256, TLS_ECDH_RSA_WITH_AES_128_CBC_SHA256, TLS_ECDHE_ECDSA_WITH_AES_256_CBC_SHA, TLS_ECDHE_RSA_WITH_AES_256_CBC_SHA, TLS_ECDHE_ECDSA_WITH_AES_128_CBC_SHA, TLS_ECDHE_RSA_WITH_AES_128_CBC_SHA, TLS_DHE_RSA_WITH_AES_256_CBC_SHA, TLS_DHE_DSS_WITH_AES_256_CBC_SHA, TLS_DHE_RSA_WITH_AES_128_CBC_SHA, TLS_DHE_DSS_WITH_AES_128_CBC_SHA, TLS_ECDH_ECDSA_WITH_AES_256_CBC_SHA, TLS_ECDH_RSA_WITH_AES_256_CBC_SHA, TLS_ECDH_ECDSA_WITH_AES_128_CBC_SHA, TLS_ECDH_RSA_WITH_AES_128_CBC_SHA, TLS_RSA_WITH_AES_256_GCM_SHA384, TLS_RSA_WITH_AES_128_GCM_SHA256, TLS_RSA_WITH_AES_256_CBC_SHA256, TLS_RSA_WITH_AES_128_CBC_SHA256, TLS_RSA_WITH_AES_256_CBC_SHA, TLS_RSA_WITH_AES_128_CBC_SHA, TLS_EMPTY_RENEGOTIATION_INFO_SCSV]
20:22:44.732 [main] DEBUG org.apache.hc.client5.http.ssl.SSLConnectionSocketFactory - Starting handshake
20:22:44.824 [main] DEBUG org.apache.hc.client5.http.ssl.SSLConnectionSocketFactory - Secure session established
20:22:44.824 [main] DEBUG org.apache.hc.client5.http.ssl.SSLConnectionSocketFactory -  negotiated protocol: TLSv1.3
20:22:44.824 [main] DEBUG org.apache.hc.client5.http.ssl.SSLConnectionSocketFactory -  negotiated cipher suite: TLS_AES_256_GCM_SHA384
20:22:44.824 [main] DEBUG org.apache.hc.client5.http.ssl.SSLConnectionSocketFactory -  peer principal: CN=*.storage.googleapis.com
20:22:44.824 [main] DEBUG org.apache.hc.client5.http.ssl.SSLConnectionSocketFactory -  peer alternative names: [*.storage.googleapis.com, *.googleapis.com, commondatastorage.googleapis.com, *.commondatastorage.googleapis.com, storage.googleapis.com, storage-p2.googleapis.com, *.storage-p2.googleapis.com, storage.mtls.googleapis.com, *.appspot.com.storage.googleapis.com, *.content-storage.googleapis.com, *.content-storage-p2.googleapis.com, *.content-storage-upload.googleapis.com, *.content-storage-download.googleapis.com, *.storage-upload.googleapis.com, *.storage-download.googleapis.com]
20:22:44.824 [main] DEBUG org.apache.hc.client5.http.ssl.SSLConnectionSocketFactory -  issuer principal: CN=GTS CA 1C3, O=Google Trust Services LLC, C=US
20:22:44.824 [main] DEBUG org.apache.hc.client5.http.impl.io.DefaultHttpClientConnectionOperator - http-outgoing-2: connection established 192.168.100.42:56368<->142.251.223.59:443
20:22:44.824 [main] DEBUG org.apache.hc.client5.http.impl.io.PoolingHttpClientConnectionManager - ep-00000003: connected http-outgoing-2
20:22:44.824 [main] DEBUG org.apache.hc.client5.http.impl.classic.InternalHttpClient - ep-00000003: endpoint connected
20:22:44.824 [main] DEBUG org.apache.hc.client5.http.impl.classic.MainClientExec - ex-00000004: executing GET /LATEST_RELEASE HTTP/1.1
20:22:44.824 [main] DEBUG org.apache.hc.client5.http.impl.classic.InternalHttpClient - ep-00000003: start execution ex-00000004
20:22:44.824 [main] DEBUG org.apache.hc.client5.http.impl.io.PoolingHttpClientConnectionManager - ep-00000003: executing exchange ex-00000004 over http-outgoing-2
20:22:44.824 [main] DEBUG org.apache.hc.client5.http.headers - http-outgoing-2 >> GET /LATEST_RELEASE HTTP/1.1
20:22:44.824 [main] DEBUG org.apache.hc.client5.http.headers - http-outgoing-2 >> user-agent: Apache-HttpClient/5.0
20:22:44.824 [main] DEBUG org.apache.hc.client5.http.headers - http-outgoing-2 >> accept-encoding: gzip, deflate, br
20:22:44.824 [main] DEBUG org.apache.hc.client5.http.headers - http-outgoing-2 >> cache-control: max-age=0
20:22:44.824 [main] DEBUG org.apache.hc.client5.http.headers - http-outgoing-2 >> connection: keep-alive
20:22:44.824 [main] DEBUG org.apache.hc.client5.http.headers - http-outgoing-2 >> Host: chromedriver.storage.googleapis.com
20:22:44.824 [main] DEBUG org.apache.hc.client5.http.wire - http-outgoing-2 >> "GET /LATEST_RELEASE HTTP/1.1[\r][\n]"
20:22:44.824 [main] DEBUG org.apache.hc.client5.http.wire - http-outgoing-2 >> "user-agent: Apache-HttpClient/5.0[\r][\n]"
20:22:44.824 [main] DEBUG org.apache.hc.client5.http.wire - http-outgoing-2 >> "accept-encoding: gzip, deflate, br[\r][\n]"
20:22:44.824 [main] DEBUG org.apache.hc.client5.http.wire - http-outgoing-2 >> "cache-control: max-age=0[\r][\n]"
20:22:44.824 [main] DEBUG org.apache.hc.client5.http.wire - http-outgoing-2 >> "connection: keep-alive[\r][\n]"
20:22:44.824 [main] DEBUG org.apache.hc.client5.http.wire - http-outgoing-2 >> "Host: chromedriver.storage.googleapis.com[\r][\n]"
20:22:44.824 [main] DEBUG org.apache.hc.client5.http.wire - http-outgoing-2 >> "[\r][\n]"
20:22:44.941 [main] DEBUG org.apache.hc.client5.http.wire - http-outgoing-2 << "HTTP/1.1 200 OK[\r][\n]"
20:22:44.941 [main] DEBUG org.apache.hc.client5.http.wire - http-outgoing-2 << "X-GUploader-UploadID: ADPycds2m6Y8wYyOcNTMCGbyYxA_SQgAo9uqm50dwVRRY1i-91Unj6f6ep9Pln43siS2Wq4cstz2w0t_yObrn6tQSbmmMPXzEu4p[\r][\n]"
20:22:44.941 [main] DEBUG org.apache.hc.client5.http.wire - http-outgoing-2 << "x-goog-generation: 1685523462105569[\r][\n]"
20:22:44.941 [main] DEBUG org.apache.hc.client5.http.wire - http-outgoing-2 << "x-goog-metageneration: 1[\r][\n]"
20:22:44.941 [main] DEBUG org.apache.hc.client5.http.wire - http-outgoing-2 << "x-goog-stored-content-encoding: identity[\r][\n]"
20:22:44.941 [main] DEBUG org.apache.hc.client5.http.wire - http-outgoing-2 << "x-goog-stored-content-length: 13[\r][\n]"
20:22:44.941 [main] DEBUG org.apache.hc.client5.http.wire - http-outgoing-2 << "x-goog-hash: crc32c=tVW4TA==[\r][\n]"
20:22:44.941 [main] DEBUG org.apache.hc.client5.http.wire - http-outgoing-2 << "x-goog-hash: md5=NoaEuIlBlniwTkiZ1T16sA==[\r][\n]"
20:22:44.941 [main] DEBUG org.apache.hc.client5.http.wire - http-outgoing-2 << "x-goog-storage-class: STANDARD[\r][\n]"
20:22:44.942 [main] DEBUG org.apache.hc.client5.http.wire - http-outgoing-2 << "Accept-Ranges: bytes[\r][\n]"
20:22:44.942 [main] DEBUG org.apache.hc.client5.http.wire - http-outgoing-2 << "Content-Length: 13[\r][\n]"
20:22:44.942 [main] DEBUG org.apache.hc.client5.http.wire - http-outgoing-2 << "Server: UploadServer[\r][\n]"
20:22:44.942 [main] DEBUG org.apache.hc.client5.http.wire - http-outgoing-2 << "Date: Thu, 05 Oct 2023 12:28:05 GMT[\r][\n]"
20:22:44.942 [main] DEBUG org.apache.hc.client5.http.wire - http-outgoing-2 << "Expires: Thu, 05 Oct 2023 13:28:05 GMT[\r][\n]"
20:22:44.942 [main] DEBUG org.apache.hc.client5.http.wire - http-outgoing-2 << "Cache-Control: public, max-age=3600[\r][\n]"
20:22:44.942 [main] DEBUG org.apache.hc.client5.http.wire - http-outgoing-2 << "Age: 3280[\r][\n]"
20:22:44.942 [main] DEBUG org.apache.hc.client5.http.wire - http-outgoing-2 << "Last-Modified: Wed, 31 May 2023 08:57:42 GMT[\r][\n]"
20:22:44.942 [main] DEBUG org.apache.hc.client5.http.wire - http-outgoing-2 << "ETag: "368684b889419678b04e4899d53d7ab0"[\r][\n]"
20:22:44.942 [main] DEBUG org.apache.hc.client5.http.wire - http-outgoing-2 << "Content-Type: text/plain[\r][\n]"
20:22:44.944 [main] DEBUG org.apache.hc.client5.http.wire - http-outgoing-2 << "Alt-Svc: h3=":443"; ma=2592000,h3-29=":443"; ma=2592000[\r][\n]"
20:22:44.944 [main] DEBUG org.apache.hc.client5.http.wire - http-outgoing-2 << "[\r][\n]"
20:22:44.944 [main] DEBUG org.apache.hc.client5.http.wire - http-outgoing-2 << "114.0.5735.90"
20:22:44.945 [main] DEBUG org.apache.hc.client5.http.headers - http-outgoing-2 << HTTP/1.1 200 OK
20:22:44.945 [main] DEBUG org.apache.hc.client5.http.headers - http-outgoing-2 << X-GUploader-UploadID: ADPycds2m6Y8wYyOcNTMCGbyYxA_SQgAo9uqm50dwVRRY1i-91Unj6f6ep9Pln43siS2Wq4cstz2w0t_yObrn6tQSbmmMPXzEu4p
20:22:44.945 [main] DEBUG org.apache.hc.client5.http.headers - http-outgoing-2 << x-goog-generation: 1685523462105569
20:22:44.945 [main] DEBUG org.apache.hc.client5.http.headers - http-outgoing-2 << x-goog-metageneration: 1
20:22:44.947 [main] DEBUG org.apache.hc.client5.http.headers - http-outgoing-2 << x-goog-stored-content-encoding: identity
20:22:44.947 [main] DEBUG org.apache.hc.client5.http.headers - http-outgoing-2 << x-goog-stored-content-length: 13
20:22:44.947 [main] DEBUG org.apache.hc.client5.http.headers - http-outgoing-2 << x-goog-hash: crc32c=tVW4TA==
20:22:44.947 [main] DEBUG org.apache.hc.client5.http.headers - http-outgoing-2 << x-goog-hash: md5=NoaEuIlBlniwTkiZ1T16sA==
20:22:44.948 [main] DEBUG org.apache.hc.client5.http.headers - http-outgoing-2 << x-goog-storage-class: STANDARD
20:22:44.948 [main] DEBUG org.apache.hc.client5.http.headers - http-outgoing-2 << Accept-Ranges: bytes
20:22:44.948 [main] DEBUG org.apache.hc.client5.http.headers - http-outgoing-2 << Content-Length: 13
20:22:44.948 [main] DEBUG org.apache.hc.client5.http.headers - http-outgoing-2 << Server: UploadServer
20:22:44.948 [main] DEBUG org.apache.hc.client5.http.headers - http-outgoing-2 << Date: Thu, 05 Oct 2023 12:28:05 GMT
20:22:44.948 [main] DEBUG org.apache.hc.client5.http.headers - http-outgoing-2 << Expires: Thu, 05 Oct 2023 13:28:05 GMT
20:22:44.948 [main] DEBUG org.apache.hc.client5.http.headers - http-outgoing-2 << Cache-Control: public, max-age=3600
20:22:44.948 [main] DEBUG org.apache.hc.client5.http.headers - http-outgoing-2 << Age: 3280
20:22:44.948 [main] DEBUG org.apache.hc.client5.http.headers - http-outgoing-2 << Last-Modified: Wed, 31 May 2023 08:57:42 GMT
20:22:44.948 [main] DEBUG org.apache.hc.client5.http.headers - http-outgoing-2 << ETag: "368684b889419678b04e4899d53d7ab0"
20:22:44.948 [main] DEBUG org.apache.hc.client5.http.headers - http-outgoing-2 << Content-Type: text/plain
20:22:44.948 [main] DEBUG org.apache.hc.client5.http.headers - http-outgoing-2 << Alt-Svc: h3=":443"; ma=2592000,h3-29=":443"; ma=2592000
20:22:44.949 [main] DEBUG org.apache.hc.client5.http.impl.classic.MainClientExec - ex-00000004: connection can be kept alive for 3 MINUTES
20:22:44.949 [main] DEBUG org.apache.hc.client5.http.impl.classic.InternalHttpClient - ep-00000003: releasing valid endpoint
20:22:44.949 [main] DEBUG org.apache.hc.client5.http.impl.io.PoolingHttpClientConnectionManager - ep-00000003: releasing endpoint
20:22:44.949 [main] DEBUG org.apache.hc.client5.http.impl.io.PoolingHttpClientConnectionManager - ep-00000003: connection http-outgoing-2 can be kept alive for 3 MINUTES
20:22:44.949 [main] DEBUG org.apache.hc.client5.http.impl.io.PoolingHttpClientConnectionManager - ep-00000003: connection released [route: {s}->https://chromedriver.storage.googleapis.com:443][total available: 2; route allocated: 2 of 5; total allocated: 3 of 25]
20:22:44.949 [main] DEBUG io.github.bonigarcia.wdm.versions.VersionDetector - Latest version of chromedriver according to https://chromedriver.storage.googleapis.com/LATEST_RELEASE is 114.0.5735.90
20:22:44.955 [main] DEBUG io.github.bonigarcia.wdm.WebDriverManager - Driver chromedriver 114.0.5735.90 found in cache
20:22:44.957 [main] INFO io.github.bonigarcia.wdm.WebDriverManager - Exporting webdriver.chrome.driver as C:\Users\Bagas Dwi Saputra\.cache\selenium\chromedriver\win32\114.0.5735.90\chromedriver.exe
20:22:45.629 [main] DEBUG net.thucydides.core.reflection.ClassFinder - Could not load class net.serenitybdd.rest.utils.RestSpecificationFactory
20:22:46.054 [main] DEBUG net.thucydides.core.reflection.ClassFinder - Could not load class net.serenitybdd.rest.utils.RestSpecificationFactory
20:22:46.057 [main] INFO net.serenitybdd.core.webdriver.driverproviders.ProvideNewDriver - Instantiating driver
20:22:46.057 [main] INFO net.serenitybdd.core.webdriver.driverproviders.ProvideNewDriver - Driver capabilities: Capabilities {acceptInsecureCerts: false, base.url: https://app.jubelio.com, browserName: chrome, chrome.driver: src/test/resources/webdrive..., driver: chrome, goog:chromeOptions: {args: [], extensions: []}, loggingPrefs: org.openqa.selenium.logging...}
20:22:47.987 [main] DEBUG net.thucydides.core.reflection.ClassFinder - Could not load class net.serenitybdd.rest.utils.RestSpecificationFactory
20:22:51.845 [main] DEBUG net.serenitybdd.core.photography.Darkroom - Opening darkroom
20:22:51.852 [Darkroom Processing Line] DEBUG net.serenitybdd.core.photography.DarkroomProcessingLine - Darkroom processing line starting up
20:22:52.186 [main] DEBUG net.serenitybdd.core.photography.Darkroom - Send negative for processing for target\site\serenity\58c80844b2ea4034d80e2aff5de3b1312d56b9b4e44ed85411e46b55e72279b8.png
20:22:52.188 [Darkroom Processing Line] DEBUG net.serenitybdd.core.photography.DarkroomProcessingLine - Processing screenshot image in /var/screenshots/screenshot-918649082685045776
20:22:52.188 [Darkroom Processing Line] DEBUG net.serenitybdd.core.photography.DarkroomProcessingLine - Saving screenshot to target\site\serenity\58c80844b2ea4034d80e2aff5de3b1312d56b9b4e44ed85411e46b55e72279b8.png
20:22:52.190 [main] DEBUG net.thucydides.core.steps.StepInterceptor - STEP DONE: openLink
20:22:52.223 [main] DEBUG net.thucydides.core.steps.StepInterceptor - STARTING STEP: LoginSteps.fillsInTheWithValidDataEmail - fills in the {string} with valid data email
20:22:52.581 [main] DEBUG net.serenitybdd.core.photography.Darkroom - Send negative for processing for target\site\serenity\4687901f024a6034311d9530e8e0f8777574b728727f984b62e77db5a7eeeca4.png
20:22:52.582 [main] DEBUG net.thucydides.core.steps.StepInterceptor - STEP DONE: fills in the {string} with valid data email
20:22:52.582 [Darkroom Processing Line] DEBUG net.serenitybdd.core.photography.DarkroomProcessingLine - Processing screenshot image in /var/screenshots/screenshot-3373744244471051932
20:22:52.583 [Darkroom Processing Line] DEBUG net.serenitybdd.core.photography.DarkroomProcessingLine - Saving screenshot to target\site\serenity\4687901f024a6034311d9530e8e0f8777574b728727f984b62e77db5a7eeeca4.png
  &amp#27;[32mGiven &amp#27;[0m&amp#27;[32mfills in the &amp#27;[0m&amp#27;[32m&amp#27;[1m"qa.rakamin.jubelio@gmail"&amp#27;[0m&amp#27;[32m with valid data email&amp#27;[0m &amp#27;[90m# starter.stepdefinitios.LoginSteps.fillsInTheWithValidDataEmail(java.lang.String)&amp#27;[0m
20:22:53.277 [main] DEBUG net.serenitybdd.core.photography.Darkroom - Send negative for processing for target\site\serenity\7257a034edf29fb7fe90607b982aa26519a2189fa9b75ee3546987a4c217f2f9.png
20:22:53.278 [main] DEBUG net.thucydides.core.steps.StepInterceptor - STARTING STEP: LoginSteps.fillInTheWithValidDataPass - fill in the {string} with valid data pass
20:22:53.278 [Darkroom Processing Line] DEBUG net.serenitybdd.core.photography.DarkroomProcessingLine - Processing screenshot image in /var/screenshots/screenshot-8301257930968611426
20:22:53.278 [Darkroom Processing Line] DEBUG net.serenitybdd.core.photography.DarkroomProcessingLine - Saving screenshot to target\site\serenity\7257a034edf29fb7fe90607b982aa26519a2189fa9b75ee3546987a4c217f2f9.png
20:22:53.613 [main] DEBUG net.serenitybdd.core.photography.Darkroom - Send negative for processing for target\site\serenity\b52b7a89c1aa05e689cea0416404fdae30c6f3479a9e941badda155dc9729649.png
20:22:53.613 [main] DEBUG net.thucydides.core.steps.StepInterceptor - STEP DONE: fill in the {string} with valid data pass
  &amp#27;[32mAnd &amp#27;[0m&amp#27;[32mfill in the &amp#27;[0m&amp#27;[32m&amp#27;[1m"Jubelio123!"&amp#27;[0m&amp#27;[32m with valid data pass&amp#27;[0m                  &amp#27;[90m# starter.stepdefinitios.LoginSteps.fillInTheWithValidDataPass(java.lang.String)&amp#27;[0m
20:22:53.614 [Darkroom Processing Line] DEBUG net.serenitybdd.core.photography.DarkroomProcessingLine - Processing screenshot image in /var/screenshots/screenshot-13186183981006110593
20:22:53.614 [Darkroom Processing Line] DEBUG net.serenitybdd.core.photography.DarkroomProcessingLine - Saving screenshot to target\site\serenity\b52b7a89c1aa05e689cea0416404fdae30c6f3479a9e941badda155dc9729649.png
20:22:53.633 [main] DEBUG net.thucydides.core.steps.StepInterceptor - STARTING STEP: LoginSteps.clickTheLoginButton - clickbtnlogin
20:22:53.969 [main] DEBUG net.serenitybdd.core.photography.Darkroom - Send negative for processing for target\site\serenity\52d8ec4b0a90f716f3962c6ceb4dac006e46c8314a31a45c92ddd10ee878a23b.png
20:22:53.969 [main] DEBUG net.thucydides.core.steps.StepInterceptor - STEP DONE: clickbtnlogin
20:22:53.969 [Darkroom Processing Line] DEBUG net.serenitybdd.core.photography.DarkroomProcessingLine - Processing screenshot image in /var/screenshots/screenshot-3815866155510307569
20:22:53.969 [Darkroom Processing Line] DEBUG net.serenitybdd.core.photography.DarkroomProcessingLine - Saving screenshot to target\site\serenity\52d8ec4b0a90f716f3962c6ceb4dac006e46c8314a31a45c92ddd10ee878a23b.png
  &amp#27;[32mWhen &amp#27;[0m&amp#27;[32mclick the login button&amp#27;[0m                                         &amp#27;[90m# starter.stepdefinitios.LoginSteps.clickTheLoginButton()&amp#27;[0m
20:22:54.599 [main] DEBUG net.serenitybdd.core.photography.Darkroom - Send negative for processing for target\site\serenity\3a2dfb7e7ad23caf93a40122103b7c49d82bb03d16e0d51d7e33345684d67ebc.png
20:22:54.599 [Darkroom Processing Line] DEBUG net.serenitybdd.core.photography.DarkroomProcessingLine - Processing screenshot image in /var/screenshots/screenshot-7379960510797173653
20:22:54.599 [Darkroom Processing Line] DEBUG net.serenitybdd.core.photography.DarkroomProcessingLine - Saving screenshot to target\site\serenity\3a2dfb7e7ad23caf93a40122103b7c49d82bb03d16e0d51d7e33345684d67ebc.png
20:22:54.609 [main] DEBUG net.thucydides.core.steps.StepInterceptor - STARTING STEP: LoginSteps.validatePageHomeOrError - validate page home or error {string}
20:22:54.791 [main] DEBUG net.serenitybdd.core.photography.Darkroom - Send negative for processing for target\site\serenity\3a2dfb7e7ad23caf93a40122103b7c49d82bb03d16e0d51d7e33345684d67ebc.png
  &amp#27;[31mThen &amp#27;[0m&amp#27;[31mvalidate page home or error &amp#27;[0m&amp#27;[31m&amp#27;[1m"Format Email tidak valid."&amp#27;[0m        &amp#27;[90m# starter.stepdefinitios.LoginSteps.validatePageHomeOrError(java.lang.String)&amp#27;[0m
      &amp#27;[31morg.junit.ComparisonFailure: Format Email tidak valid. expected:<Format Email tidak[ valid].> but was:<Format Email tidak[].>
	at org.junit.Assert.assertEquals(Assert.java:117)
	at Website.New@1.0-SNAPSHOT/starter.pages.loginpage.validatePageHomeOrError(loginpage.java:68)
	at Website.New@1.0-SNAPSHOT/starter.pages.loginpage$ByteBuddy$ScDsklOb.validatePageHomeOrError$accessor$Q2uXlNro(Unknown Source)
	at java.base/jdk.internal.reflect.NativeMethodAccessorImpl.invoke0(Native Method)
	at java.base/jdk.internal.reflect.NativeMethodAccessorImpl.invoke(NativeMethodAccessorImpl.java:77)
	at java.base/jdk.internal.reflect.DelegatingMethodAccessorImpl.invoke(DelegatingMethodAccessorImpl.java:43)
	at java.base/java.lang.reflect.Method.invoke(Method.java:568)
	at net.thucydides.core.steps.StepInterceptor.invokeMethod(StepInterceptor.java:504)
	at net.thucydides.core.steps.StepInterceptor.executeTestStepMethod(StepInterceptor.java:484)
	at net.thucydides.core.steps.StepInterceptor.runTestStep(StepInterceptor.java:458)
	at net.thucydides.core.steps.StepInterceptor.runOrSkipMethod(StepInterceptor.java:210)
	at net.thucydides.core.steps.StepInterceptor.testStepResult(StepInterceptor.java:197)
	at net.thucydides.core.steps.StepInterceptor.intercept(StepInterceptor.java:85)
	at net.thucydides.core.steps.ProxyConfiguration$InterceptorDispatcher.intercept(ProxyConfiguration.java:51)
	at Website.New@1.0-SNAPSHOT/starter.pages.loginpage$ByteBuddy$ScDsklOb.validatePageHomeOrError(Unknown Source)
	at Website.New@1.0-SNAPSHOT/starter.stepdefinitios.LoginSteps.validatePageHomeOrError(LoginSteps.java:37)
	at âœ½.validate page home or error "Format Email tidak valid."(file:///D:/QE/Automation/Jubelio-Website/src/test/resources/features/user/login.feature:8)
&amp#27;[0m
20:22:55.002 [main] DEBUG net.thucydides.core.reflection.ClassFinder - Could not load class net.serenitybdd.rest.utils.RestSpecificationFactory
20:22:55.148 [main] ERROR  - 
  _____   ___   ___   _____     ___     _     ___   _      ___   ___  
 |_   _| | __| / __| |_   _|   | __|   /_\   |_ _| | |    | __| |   \ 
   | |   | _|  \__ \   | |     | _|   / _ \   | |  | |__  | _|  | |) |
   |_|   |___| |___/   |_|     |_|   /_/ \_\ |___| |____| |___| |___/ 

Login Account
-----------------------------------------------------------------------
20:22:55.150 [main] DEBUG  - RELATED ISSUES: 
20:22:55.214 [main] ERROR  -     Test failed at step: validate page home or error {string}
20:22:55.214 [main] ERROR  -     Format Email tidak valid. expected:<Format Email tidak[ valid].> but was:<Format Email tidak[].>
]]></system-out>
    <system-err><![CDATA[Starting ChromeDriver 117.0.5938.88 (be6afae4721209be42944bbcd325665f9f44563b-refs/branch-heads/5938_62@{#9}) on port 26556
Only local connections are allowed.
Please see https://chromedriver.chromium.org/security-considerations for suggestions on keeping ChromeDriver safe.
ChromeDriver was started successfully.
Oct 05, 2023 8:22:47 PM org.openqa.selenium.remote.ProtocolHandshake createSession
INFO: Detected dialect: W3C
]]></system-err>
  </testcase>
</testsuite>